#
# There is insufficient memory for the Java Runtime Environment to continue.
# Native memory allocation (malloc) failed to allocate 66224 bytes for Chunk::new
# Possible reasons:
#   The system is out of physical RAM or swap space
#   The process is running with CompressedOops enabled, and the Java Heap may be blocking the growth of the native heap
# Possible solutions:
#   Reduce memory load on the system
#   Increase physical memory or swap space
#   Check if swap backing store is full
#   Decrease Java heap size (-Xmx/-Xms)
#   Decrease number of Java threads
#   Decrease Java thread stack sizes (-Xss)
#   Set larger code cache with -XX:ReservedCodeCacheSize=
#   JVM is running with Unscaled Compressed Oops mode in which the Java heap is
#     placed in the first 4GB address space. The Java Heap base address is the
#     maximum limit for the native heap growth. Please use -XX:HeapBaseMinAddress
#     to set the Java Heap base and to place the Java Heap above 4GB virtual address.
# This output file may be truncated or incomplete.
#
#  Out of Memory Error (arena.cpp:184), pid=21012, tid=6124
#
# JRE version: OpenJDK Runtime Environment (20.0.1+9) (build 20.0.1+9-29)
# Java VM: OpenJDK 64-Bit Server VM (20.0.1+9-29, mixed mode, sharing, tiered, compressed oops, compressed class ptrs, g1 gc, windows-amd64)
# No core dump will be written. Minidumps are not enabled by default on client versions of Windows
#

---------------  S U M M A R Y ------------

Command Line: -javaagent:C:\Program Files\JetBrains\IntelliJ IDEA Community Edition 2024.1\lib\idea_rt.jar=60851:C:\Program Files\JetBrains\IntelliJ IDEA Community Edition 2024.1\bin -Dfile.encoding=UTF-8 -Dsun.stdout.encoding=UTF-8 -Dsun.stderr.encoding=UTF-8 --module-path=C:\Users\HP\.m2\repository\org\openjfx\javafx-media\18-ea+2\javafx-media-18-ea+2-win.jar;C:\Users\HP\.m2\repository\org\kordamp\ikonli\ikonli-core\12.2.0\ikonli-core-12.2.0.jar;C:\Users\HP\.m2\repository\eu\hansolo\tilesfx\11.48\tilesfx-11.48.jar;C:\Users\HP\.m2\repository\org\openjfx\javafx-base\18-ea+2\javafx-base-18-ea+2-win.jar;C:\Users\HP\.m2\repository\org\controlsfx\controlsfx\11.1.0\controlsfx-11.1.0.jar;C:\Users\HP\.m2\repository\org\kordamp\bootstrapfx\bootstrapfx-core\0.4.0\bootstrapfx-core-0.4.0.jar;C:\Users\HP\.m2\repository\org\openjfx\javafx-controls\18-ea+2\javafx-controls-18-ea+2-win.jar;C:\Users\HP\.m2\repository\com\dlsc\formsfx\formsfx-core\11.3.2\formsfx-core-11.3.2.jar;C:\Users\HP\.m2\repository\org\kordamp\ikonli\ikonli-javafx\12.2.0\ikonli-javafx-12.2.0.jar;E:\MIAGE\LICENCE 3\SEMESTRE 2\PROGRAMMATION D'APPLICATION\PARTIE 2\java-Web2\target\classes;C:\Users\HP\.m2\repository\org\openjfx\javafx-web\18-ea+2\javafx-web-18-ea+2-win.jar;C:\Users\HP\.m2\repository\org\openjfx\javafx-fxml\18-ea+2\javafx-fxml-18-ea+2-win.jar;C:\Users\HP\.m2\repository\net\synedra\validatorfx\0.1.13\validatorfx-0.1.13.jar;C:\Users\HP\.m2\repository\org\openjfx\javafx-graphics\18-ea+2\javafx-graphics-18-ea+2-win.jar -Djdk.module.main=com.example.javaweb com.example.javaweb/com.example.javaweb.HelloApplication

Host: Intel(R) Core(TM) i5-3320M CPU @ 2.60GHz, 4 cores, 7G,  Windows 10 , 64 bit Build 19041 (10.0.19041.1202)
Time: Wed May 29 06:45:16 2024 Greenwich elapsed time: 226.577614 seconds (0d 0h 3m 46s)

---------------  T H R E A D  ---------------

Current thread (0x00000206c31a60f0):  JavaThread "C2 CompilerThread0" daemon [_thread_in_native, id=6124, stack(0x000000ccc3c00000,0x000000ccc3d00000)]


Current CompileTask:
C2: 226577 4242       4       javafx.scene.layout.Region::layoutInArea (278 bytes)

Stack: [0x000000ccc3c00000,0x000000ccc3d00000]
Native frames: (J=compiled Java code, j=interpreted, Vv=VM code, C=native code)
V  [jvm.dll+0x6bb95a]
V  [jvm.dll+0x8485fa]
V  [jvm.dll+0x84a1f5]
V  [jvm.dll+0x84a8f3]
V  [jvm.dll+0x280b0f]
V  [jvm.dll+0xc2b11]
V  [jvm.dll+0xc2e35]
V  [jvm.dll+0x141d0f]
V  [jvm.dll+0x646822]
V  [jvm.dll+0x64b17b]
V  [jvm.dll+0x24b0de]
V  [jvm.dll+0x24a651]
V  [jvm.dll+0x1ce491]
V  [jvm.dll+0x259e1b]
V  [jvm.dll+0x2584f0]
V  [jvm.dll+0x3f2895]
V  [jvm.dll+0x7f4b56]
V  [jvm.dll+0x6ba5cb]
C  [ucrtbase.dll+0x21bb2]
C  [KERNEL32.DLL+0x17034]
C  [ntdll.dll+0x52651]


---------------  P R O C E S S  ---------------

Threads class SMR info:
_java_thread_list=0x00000206c89b9420, length=19, elements={
0x00000206a7088420, 0x00000206c3195750, 0x00000206c3197a10, 0x00000206c319b410,
0x00000206c319ce60, 0x00000206c31a0330, 0x00000206c31a17e0, 0x00000206c31a60f0,
0x00000206c31cbde0, 0x00000206c3162400, 0x00000206c7eccff0, 0x00000206c7f6c870,
0x00000206c8560ed0, 0x00000206c80fa020, 0x00000206c86f6870, 0x00000206c87a5490,
0x00000206c87a0330, 0x00000206c8a20060, 0x00000206c8a205b0
}

Java Threads: ( => current thread )
  0x00000206a7088420 JavaThread "main" [_thread_blocked, id=17904, stack(0x000000ccc2f00000,0x000000ccc3000000)]
  0x00000206c3195750 JavaThread "Reference Handler" daemon [_thread_blocked, id=14776, stack(0x000000ccc3600000,0x000000ccc3700000)]
  0x00000206c3197a10 JavaThread "Finalizer" daemon [_thread_blocked, id=21104, stack(0x000000ccc3700000,0x000000ccc3800000)]
  0x00000206c319b410 JavaThread "Signal Dispatcher" daemon [_thread_blocked, id=8004, stack(0x000000ccc3800000,0x000000ccc3900000)]
  0x00000206c319ce60 JavaThread "Attach Listener" daemon [_thread_blocked, id=14328, stack(0x000000ccc3900000,0x000000ccc3a00000)]
  0x00000206c31a0330 JavaThread "Service Thread" daemon [_thread_blocked, id=5092, stack(0x000000ccc3a00000,0x000000ccc3b00000)]
  0x00000206c31a17e0 JavaThread "Monitor Deflation Thread" daemon [_thread_blocked, id=1356, stack(0x000000ccc3b00000,0x000000ccc3c00000)]
=>0x00000206c31a60f0 JavaThread "C2 CompilerThread0" daemon [_thread_in_native, id=6124, stack(0x000000ccc3c00000,0x000000ccc3d00000)]
  0x00000206c31cbde0 JavaThread "C1 CompilerThread0" daemon [_thread_blocked, id=8308, stack(0x000000ccc3d00000,0x000000ccc3e00000)]
  0x00000206c3162400 JavaThread "Common-Cleaner" daemon [_thread_blocked, id=6312, stack(0x000000ccc3e00000,0x000000ccc3f00000)]
  0x00000206c7eccff0 JavaThread "Monitor Ctrl-Break" daemon [_thread_in_native, id=18992, stack(0x000000ccc4000000,0x000000ccc4100000)]
  0x00000206c7f6c870 JavaThread "Notification Thread" daemon [_thread_blocked, id=19180, stack(0x000000ccc4100000,0x000000ccc4200000)]
  0x00000206c8560ed0 JavaThread "QuantumRenderer-0" daemon [_thread_blocked, id=14048, stack(0x000000ccc4600000,0x000000ccc4700000)]
  0x00000206c80fa020 JavaThread "InvokeLaterDispatcher" daemon [_thread_blocked, id=16984, stack(0x000000ccc4700000,0x000000ccc4800000)]
  0x00000206c86f6870 JavaThread "JavaFX Application Thread" [_thread_in_native, id=11764, stack(0x000000ccc4800000,0x000000ccc4900000)]
  0x00000206c87a5490 JavaThread "Thread-1" daemon [_thread_in_native, id=24056, stack(0x000000ccc4c00000,0x000000ccc4d00000)]
  0x00000206c87a0330 JavaThread "JavaFX-Launcher" [_thread_blocked, id=21052, stack(0x000000ccc4d00000,0x000000ccc4e00000)]
  0x00000206c8a20060 JavaThread "Prism Font Disposer" daemon [_thread_blocked, id=19128, stack(0x000000ccc4e00000,0x000000ccc4f00000)]
  0x00000206c8a205b0 JavaThread "Cleaner-0" daemon [_thread_blocked, id=19884, stack(0x000000ccc3f00000,0x000000ccc4000000)]

Other Threads:
  0x00000206c3177e50 VMThread "VM Thread" [stack: 0x000000ccc3500000,0x000000ccc3600000] [id=14380]
  0x00000206c7ecd540 WatcherThread "VM Periodic Task Thread" [stack: 0x000000ccc4200000,0x000000ccc4300000] [id=7848]
  0x00000206a70df2d0 WorkerThread "GC Thread#0" [stack: 0x000000ccc3000000,0x000000ccc3100000] [id=6448]
  0x00000206c84bbeb0 WorkerThread "GC Thread#1" [stack: 0x000000ccc4300000,0x000000ccc4400000] [id=1136]
  0x00000206c80c2070 WorkerThread "GC Thread#2" [stack: 0x000000ccc4400000,0x000000ccc4500000] [id=20076]
  0x00000206c7ffb3a0 WorkerThread "GC Thread#3" [stack: 0x000000ccc4500000,0x000000ccc4600000] [id=12516]
  0x00000206a70efed0 ConcurrentGCThread "G1 Main Marker" [stack: 0x000000ccc3100000,0x000000ccc3200000] [id=21632]
  0x00000206a70f1380 WorkerThread "G1 Conc#0" [stack: 0x000000ccc3200000,0x000000ccc3300000] [id=14096]
  0x00000206a712e720 ConcurrentGCThread "G1 Refine#0" [stack: 0x000000ccc3300000,0x000000ccc3400000] [id=11568]
  0x00000206c3026250 ConcurrentGCThread "G1 Service" [stack: 0x000000ccc3400000,0x000000ccc3500000] [id=18080]

Threads with active compile tasks:
C2 CompilerThread0   226780 4242       4       javafx.scene.layout.Region::layoutInArea (278 bytes)

VM state: not at safepoint (normal execution)

VM Mutex/Monitor currently owned by a thread: None

Heap address: 0x0000000081e00000, size: 2018 MB, Compressed Oops mode: 32-bit

CDS archive(s) mapped at: [0x0000000800000000-0x0000000800c60000-0x0000000800c60000), size 12976128, SharedBaseAddress: 0x0000000800000000, ArchiveRelocationMode: 0.
Compressed class space mapped at: 0x0000000801000000-0x0000000841000000, reserved size: 1073741824
Narrow klass base: 0x0000000800000000, Narrow klass shift: 0, Narrow klass range: 0x100000000

GC Precious Log:
 CardTable entry size: 512
 Card Set container configuration: InlinePtr #cards 5 size 8 Array Of Cards #cards 12 size 40 Howl #buckets 4 coarsen threshold 1843 Howl Bitmap #cards 512 size 80 coarsen threshold 460 Card regions per heap region 1 cards per card region 2048
 CPUs: 4 total, 4 available
 Memory: 8071M
 Large Page Support: Disabled
 NUMA Support: Disabled
 Compressed Oops: Enabled (32-bit)
 Heap Region Size: 1M
 Heap Min Capacity: 8M
 Heap Initial Capacity: 128M
 Heap Max Capacity: 2018M
 Pre-touch: Disabled
 Parallel Workers: 4
 Concurrent Workers: 1
 Concurrent Refinement Workers: 4
 Periodic GC: Disabled

Heap:
 garbage-first heap   total 131072K, used 125806K [0x0000000081e00000, 0x0000000100000000)
  region size 1024K, 74 young (75776K), 3 survivors (3072K)
 Metaspace       used 17744K, committed 18112K, reserved 1114112K
  class space    used 2394K, committed 2560K, reserved 1048576K

Heap Regions: E=young(eden), S=young(survivor), O=old, HS=humongous(starts), HC=humongous(continues), CS=collection set, F=free, OA=open archive, CA=closed archive, TAMS=top-at-mark-start, PB=parsable bottom
|   0|0x0000000081e00000, 0x0000000081f00000, 0x0000000081f00000|100%| O|  |TAMS 0x0000000081e00000| PB 0x0000000081e00000| Untracked 
|   1|0x0000000081f00000, 0x0000000081fdb800, 0x0000000082000000| 85%| O|  |TAMS 0x0000000081f00000| PB 0x0000000081f00000| Untracked 
|   2|0x0000000082000000, 0x0000000082100000, 0x0000000082100000|100%|HS|  |TAMS 0x0000000082000000| PB 0x0000000082000000| Complete 
|   3|0x0000000082100000, 0x0000000082200000, 0x0000000082200000|100%|HS|  |TAMS 0x0000000082100000| PB 0x0000000082100000| Complete 
|   4|0x0000000082200000, 0x0000000082300000, 0x0000000082300000|100%|HC|  |TAMS 0x0000000082200000| PB 0x0000000082200000| Complete 
|   5|0x0000000082300000, 0x0000000082400000, 0x0000000082400000|100%|HC|  |TAMS 0x0000000082300000| PB 0x0000000082300000| Complete 
|   6|0x0000000082400000, 0x0000000082500000, 0x0000000082500000|100%|HC|  |TAMS 0x0000000082400000| PB 0x0000000082400000| Complete 
|   7|0x0000000082500000, 0x0000000082600000, 0x0000000082600000|100%|HC|  |TAMS 0x0000000082500000| PB 0x0000000082500000| Complete 
|   8|0x0000000082600000, 0x0000000082700000, 0x0000000082700000|100%|HC|  |TAMS 0x0000000082600000| PB 0x0000000082600000| Complete 
|   9|0x0000000082700000, 0x0000000082800000, 0x0000000082800000|100%|HC|  |TAMS 0x0000000082700000| PB 0x0000000082700000| Complete 
|  10|0x0000000082800000, 0x0000000082900000, 0x0000000082900000|100%|HC|  |TAMS 0x0000000082800000| PB 0x0000000082800000| Complete 
|  11|0x0000000082900000, 0x0000000082a00000, 0x0000000082a00000|100%|HC|  |TAMS 0x0000000082900000| PB 0x0000000082900000| Complete 
|  12|0x0000000082a00000, 0x0000000082b00000, 0x0000000082b00000|100%|HC|  |TAMS 0x0000000082a00000| PB 0x0000000082a00000| Complete 
|  13|0x0000000082b00000, 0x0000000082c00000, 0x0000000082c00000|100%|HC|  |TAMS 0x0000000082b00000| PB 0x0000000082b00000| Complete 
|  14|0x0000000082c00000, 0x0000000082d00000, 0x0000000082d00000|100%|HC|  |TAMS 0x0000000082c00000| PB 0x0000000082c00000| Complete 
|  15|0x0000000082d00000, 0x0000000082e00000, 0x0000000082e00000|100%|HS|  |TAMS 0x0000000082d00000| PB 0x0000000082d00000| Complete 
|  16|0x0000000082e00000, 0x0000000082f00000, 0x0000000082f00000|100%|HS|  |TAMS 0x0000000082e00000| PB 0x0000000082e00000| Complete 
|  17|0x0000000082f00000, 0x0000000083000000, 0x0000000083000000|100%|HC|  |TAMS 0x0000000082f00000| PB 0x0000000082f00000| Complete 
|  18|0x0000000083000000, 0x0000000083100000, 0x0000000083100000|100%|HS|  |TAMS 0x0000000083000000| PB 0x0000000083000000| Complete 
|  19|0x0000000083100000, 0x0000000083200000, 0x0000000083200000|100%|HC|  |TAMS 0x0000000083100000| PB 0x0000000083100000| Complete 
|  20|0x0000000083200000, 0x0000000083300000, 0x0000000083300000|100%|HC|  |TAMS 0x0000000083200000| PB 0x0000000083200000| Complete 
|  21|0x0000000083300000, 0x0000000083400000, 0x0000000083400000|100%|HC|  |TAMS 0x0000000083300000| PB 0x0000000083300000| Complete 
|  22|0x0000000083400000, 0x0000000083500000, 0x0000000083500000|100%|HC|  |TAMS 0x0000000083400000| PB 0x0000000083400000| Complete 
|  23|0x0000000083500000, 0x0000000083600000, 0x0000000083600000|100%|HC|  |TAMS 0x0000000083500000| PB 0x0000000083500000| Complete 
|  24|0x0000000083600000, 0x0000000083700000, 0x0000000083700000|100%|HC|  |TAMS 0x0000000083600000| PB 0x0000000083600000| Complete 
|  25|0x0000000083700000, 0x0000000083800000, 0x0000000083800000|100%|HC|  |TAMS 0x0000000083700000| PB 0x0000000083700000| Complete 
|  26|0x0000000083800000, 0x0000000083900000, 0x0000000083900000|100%|HC|  |TAMS 0x0000000083800000| PB 0x0000000083800000| Complete 
|  27|0x0000000083900000, 0x0000000083a00000, 0x0000000083a00000|100%|HC|  |TAMS 0x0000000083900000| PB 0x0000000083900000| Complete 
|  28|0x0000000083a00000, 0x0000000083b00000, 0x0000000083b00000|100%|HC|  |TAMS 0x0000000083a00000| PB 0x0000000083a00000| Complete 
|  29|0x0000000083b00000, 0x0000000083c00000, 0x0000000083c00000|100%|HC|  |TAMS 0x0000000083b00000| PB 0x0000000083b00000| Complete 
|  30|0x0000000083c00000, 0x0000000083d00000, 0x0000000083d00000|100%|HC|  |TAMS 0x0000000083c00000| PB 0x0000000083c00000| Complete 
|  31|0x0000000083d00000, 0x0000000083e00000, 0x0000000083e00000|100%|HC|  |TAMS 0x0000000083d00000| PB 0x0000000083d00000| Complete 
|  32|0x0000000083e00000, 0x0000000083f00000, 0x0000000083f00000|100%|HC|  |TAMS 0x0000000083e00000| PB 0x0000000083e00000| Complete 
|  33|0x0000000083f00000, 0x0000000084000000, 0x0000000084000000|100%|HC|  |TAMS 0x0000000083f00000| PB 0x0000000083f00000| Complete 
|  34|0x0000000084000000, 0x0000000084100000, 0x0000000084100000|100%|HC|  |TAMS 0x0000000084000000| PB 0x0000000084000000| Complete 
|  35|0x0000000084100000, 0x0000000084200000, 0x0000000084200000|100%|HC|  |TAMS 0x0000000084100000| PB 0x0000000084100000| Complete 
|  36|0x0000000084200000, 0x0000000084300000, 0x0000000084300000|100%|HC|  |TAMS 0x0000000084200000| PB 0x0000000084200000| Complete 
|  37|0x0000000084300000, 0x0000000084400000, 0x0000000084400000|100%|HC|  |TAMS 0x0000000084300000| PB 0x0000000084300000| Complete 
|  38|0x0000000084400000, 0x0000000084500000, 0x0000000084500000|100%|HC|  |TAMS 0x0000000084400000| PB 0x0000000084400000| Complete 
|  39|0x0000000084500000, 0x0000000084600000, 0x0000000084600000|100%|HC|  |TAMS 0x0000000084500000| PB 0x0000000084500000| Complete 
|  40|0x0000000084600000, 0x0000000084700000, 0x0000000084700000|100%|HC|  |TAMS 0x0000000084600000| PB 0x0000000084600000| Complete 
|  41|0x0000000084700000, 0x0000000084800000, 0x0000000084800000|100%|HC|  |TAMS 0x0000000084700000| PB 0x0000000084700000| Complete 
|  42|0x0000000084800000, 0x0000000084900000, 0x0000000084900000|100%|HC|  |TAMS 0x0000000084800000| PB 0x0000000084800000| Complete 
|  43|0x0000000084900000, 0x0000000084a00000, 0x0000000084a00000|100%|HC|  |TAMS 0x0000000084900000| PB 0x0000000084900000| Complete 
|  44|0x0000000084a00000, 0x0000000084b00000, 0x0000000084b00000|100%|HC|  |TAMS 0x0000000084a00000| PB 0x0000000084a00000| Complete 
|  45|0x0000000084b00000, 0x0000000084c00000, 0x0000000084c00000|100%|HC|  |TAMS 0x0000000084b00000| PB 0x0000000084b00000| Complete 
|  46|0x0000000084c00000, 0x0000000084d00000, 0x0000000084d00000|100%|HC|  |TAMS 0x0000000084c00000| PB 0x0000000084c00000| Complete 
|  47|0x0000000084d00000, 0x0000000084e00000, 0x0000000084e00000|100%|HC|  |TAMS 0x0000000084d00000| PB 0x0000000084d00000| Complete 
|  48|0x0000000084e00000, 0x0000000084f00000, 0x0000000084f00000|100%|HC|  |TAMS 0x0000000084e00000| PB 0x0000000084e00000| Complete 
|  49|0x0000000084f00000, 0x0000000085000000, 0x0000000085000000|100%|HC|  |TAMS 0x0000000084f00000| PB 0x0000000084f00000| Complete 
|  50|0x0000000085000000, 0x0000000085100000, 0x0000000085100000|100%|HS|  |TAMS 0x0000000085000000| PB 0x0000000085000000| Complete 
|  51|0x0000000085100000, 0x0000000085100000, 0x0000000085200000|  0%| F|  |TAMS 0x0000000085100000| PB 0x0000000085100000| Untracked 
|  52|0x0000000085200000, 0x0000000085200000, 0x0000000085300000|  0%| F|  |TAMS 0x0000000085200000| PB 0x0000000085200000| Untracked 
|  53|0x0000000085300000, 0x0000000085300000, 0x0000000085400000|  0%| F|  |TAMS 0x0000000085300000| PB 0x0000000085300000| Untracked 
|  54|0x0000000085400000, 0x00000000854300a0, 0x0000000085500000| 18%| E|  |TAMS 0x0000000085400000| PB 0x0000000085400000| Complete 
|  55|0x0000000085500000, 0x0000000085600000, 0x0000000085600000|100%| E|CS|TAMS 0x0000000085500000| PB 0x0000000085500000| Complete 
|  56|0x0000000085600000, 0x0000000085700000, 0x0000000085700000|100%| E|CS|TAMS 0x0000000085600000| PB 0x0000000085600000| Complete 
|  57|0x0000000085700000, 0x0000000085800000, 0x0000000085800000|100%| E|CS|TAMS 0x0000000085700000| PB 0x0000000085700000| Complete 
|  58|0x0000000085800000, 0x0000000085900000, 0x0000000085900000|100%| E|CS|TAMS 0x0000000085800000| PB 0x0000000085800000| Complete 
|  59|0x0000000085900000, 0x0000000085a00000, 0x0000000085a00000|100%| E|CS|TAMS 0x0000000085900000| PB 0x0000000085900000| Complete 
|  60|0x0000000085a00000, 0x0000000085b00000, 0x0000000085b00000|100%| E|CS|TAMS 0x0000000085a00000| PB 0x0000000085a00000| Complete 
|  61|0x0000000085b00000, 0x0000000085c00000, 0x0000000085c00000|100%| E|CS|TAMS 0x0000000085b00000| PB 0x0000000085b00000| Complete 
|  62|0x0000000085c00000, 0x0000000085d00000, 0x0000000085d00000|100%| E|CS|TAMS 0x0000000085c00000| PB 0x0000000085c00000| Complete 
|  63|0x0000000085d00000, 0x0000000085e00000, 0x0000000085e00000|100%| E|CS|TAMS 0x0000000085d00000| PB 0x0000000085d00000| Complete 
|  64|0x0000000085e00000, 0x0000000085f00000, 0x0000000085f00000|100%| E|CS|TAMS 0x0000000085e00000| PB 0x0000000085e00000| Complete 
|  65|0x0000000085f00000, 0x0000000086000000, 0x0000000086000000|100%| E|CS|TAMS 0x0000000085f00000| PB 0x0000000085f00000| Complete 
|  66|0x0000000086000000, 0x0000000086100000, 0x0000000086100000|100%| E|CS|TAMS 0x0000000086000000| PB 0x0000000086000000| Complete 
|  67|0x0000000086100000, 0x0000000086200000, 0x0000000086200000|100%| E|CS|TAMS 0x0000000086100000| PB 0x0000000086100000| Complete 
|  68|0x0000000086200000, 0x0000000086300000, 0x0000000086300000|100%| E|CS|TAMS 0x0000000086200000| PB 0x0000000086200000| Complete 
|  69|0x0000000086300000, 0x0000000086400000, 0x0000000086400000|100%| E|CS|TAMS 0x0000000086300000| PB 0x0000000086300000| Complete 
|  70|0x0000000086400000, 0x0000000086500000, 0x0000000086500000|100%| E|CS|TAMS 0x0000000086400000| PB 0x0000000086400000| Complete 
|  71|0x0000000086500000, 0x0000000086600000, 0x0000000086600000|100%| E|CS|TAMS 0x0000000086500000| PB 0x0000000086500000| Complete 
|  72|0x0000000086600000, 0x0000000086700000, 0x0000000086700000|100%| E|CS|TAMS 0x0000000086600000| PB 0x0000000086600000| Complete 
|  73|0x0000000086700000, 0x0000000086800000, 0x0000000086800000|100%| E|CS|TAMS 0x0000000086700000| PB 0x0000000086700000| Complete 
|  74|0x0000000086800000, 0x0000000086900000, 0x0000000086900000|100%| E|CS|TAMS 0x0000000086800000| PB 0x0000000086800000| Complete 
|  75|0x0000000086900000, 0x0000000086a00000, 0x0000000086a00000|100%| E|CS|TAMS 0x0000000086900000| PB 0x0000000086900000| Complete 
|  76|0x0000000086a00000, 0x0000000086b00000, 0x0000000086b00000|100%| E|CS|TAMS 0x0000000086a00000| PB 0x0000000086a00000| Complete 
|  77|0x0000000086b00000, 0x0000000086c00000, 0x0000000086c00000|100%| E|CS|TAMS 0x0000000086b00000| PB 0x0000000086b00000| Complete 
|  78|0x0000000086c00000, 0x0000000086d00000, 0x0000000086d00000|100%| E|CS|TAMS 0x0000000086c00000| PB 0x0000000086c00000| Complete 
|  79|0x0000000086d00000, 0x0000000086e00000, 0x0000000086e00000|100%| E|CS|TAMS 0x0000000086d00000| PB 0x0000000086d00000| Complete 
|  80|0x0000000086e00000, 0x0000000086f00000, 0x0000000086f00000|100%| E|CS|TAMS 0x0000000086e00000| PB 0x0000000086e00000| Complete 
|  81|0x0000000086f00000, 0x0000000087000000, 0x0000000087000000|100%| E|CS|TAMS 0x0000000086f00000| PB 0x0000000086f00000| Complete 
|  82|0x0000000087000000, 0x0000000087100000, 0x0000000087100000|100%| E|CS|TAMS 0x0000000087000000| PB 0x0000000087000000| Complete 
|  83|0x0000000087100000, 0x0000000087200000, 0x0000000087200000|100%| E|CS|TAMS 0x0000000087100000| PB 0x0000000087100000| Complete 
|  84|0x0000000087200000, 0x0000000087300000, 0x0000000087300000|100%| E|CS|TAMS 0x0000000087200000| PB 0x0000000087200000| Complete 
|  85|0x0000000087300000, 0x0000000087400000, 0x0000000087400000|100%| E|CS|TAMS 0x0000000087300000| PB 0x0000000087300000| Complete 
|  86|0x0000000087400000, 0x0000000087500000, 0x0000000087500000|100%| E|CS|TAMS 0x0000000087400000| PB 0x0000000087400000| Complete 
|  87|0x0000000087500000, 0x0000000087600000, 0x0000000087600000|100%| E|CS|TAMS 0x0000000087500000| PB 0x0000000087500000| Complete 
|  88|0x0000000087600000, 0x0000000087700000, 0x0000000087700000|100%| E|CS|TAMS 0x0000000087600000| PB 0x0000000087600000| Complete 
|  89|0x0000000087700000, 0x0000000087800000, 0x0000000087800000|100%| E|CS|TAMS 0x0000000087700000| PB 0x0000000087700000| Complete 
|  90|0x0000000087800000, 0x0000000087900000, 0x0000000087900000|100%| E|CS|TAMS 0x0000000087800000| PB 0x0000000087800000| Complete 
|  91|0x0000000087900000, 0x0000000087a00000, 0x0000000087a00000|100%| E|CS|TAMS 0x0000000087900000| PB 0x0000000087900000| Complete 
|  92|0x0000000087a00000, 0x0000000087b00000, 0x0000000087b00000|100%| E|CS|TAMS 0x0000000087a00000| PB 0x0000000087a00000| Complete 
|  93|0x0000000087b00000, 0x0000000087c00000, 0x0000000087c00000|100%| E|CS|TAMS 0x0000000087b00000| PB 0x0000000087b00000| Complete 
|  94|0x0000000087c00000, 0x0000000087d00000, 0x0000000087d00000|100%| E|CS|TAMS 0x0000000087c00000| PB 0x0000000087c00000| Complete 
|  95|0x0000000087d00000, 0x0000000087e00000, 0x0000000087e00000|100%| E|CS|TAMS 0x0000000087d00000| PB 0x0000000087d00000| Complete 
|  96|0x0000000087e00000, 0x0000000087f00000, 0x0000000087f00000|100%| E|CS|TAMS 0x0000000087e00000| PB 0x0000000087e00000| Complete 
|  97|0x0000000087f00000, 0x0000000088000000, 0x0000000088000000|100%| E|CS|TAMS 0x0000000087f00000| PB 0x0000000087f00000| Complete 
|  98|0x0000000088000000, 0x0000000088100000, 0x0000000088100000|100%| E|CS|TAMS 0x0000000088000000| PB 0x0000000088000000| Complete 
|  99|0x0000000088100000, 0x0000000088200000, 0x0000000088200000|100%| E|CS|TAMS 0x0000000088100000| PB 0x0000000088100000| Complete 
| 100|0x0000000088200000, 0x0000000088300000, 0x0000000088300000|100%| E|CS|TAMS 0x0000000088200000| PB 0x0000000088200000| Complete 
| 101|0x0000000088300000, 0x0000000088400000, 0x0000000088400000|100%| E|  |TAMS 0x0000000088300000| PB 0x0000000088300000| Complete 
| 102|0x0000000088400000, 0x0000000088500000, 0x0000000088500000|100%| E|CS|TAMS 0x0000000088400000| PB 0x0000000088400000| Complete 
| 103|0x0000000088500000, 0x0000000088600000, 0x0000000088600000|100%| E|CS|TAMS 0x0000000088500000| PB 0x0000000088500000| Complete 
| 104|0x0000000088600000, 0x0000000088700000, 0x0000000088700000|100%| E|CS|TAMS 0x0000000088600000| PB 0x0000000088600000| Complete 
| 105|0x0000000088700000, 0x0000000088800000, 0x0000000088800000|100%| S|CS|TAMS 0x0000000088700000| PB 0x0000000088700000| Complete 
| 106|0x0000000088800000, 0x0000000088900000, 0x0000000088900000|100%| S|CS|TAMS 0x0000000088800000| PB 0x0000000088800000| Complete 
| 107|0x0000000088900000, 0x0000000088a00000, 0x0000000088a00000|100%| S|CS|TAMS 0x0000000088900000| PB 0x0000000088900000| Complete 
| 108|0x0000000088a00000, 0x0000000088b00000, 0x0000000088b00000|100%| E|CS|TAMS 0x0000000088a00000| PB 0x0000000088a00000| Complete 
| 109|0x0000000088b00000, 0x0000000088c00000, 0x0000000088c00000|100%| E|CS|TAMS 0x0000000088b00000| PB 0x0000000088b00000| Complete 
| 110|0x0000000088c00000, 0x0000000088d00000, 0x0000000088d00000|100%| E|CS|TAMS 0x0000000088c00000| PB 0x0000000088c00000| Complete 
| 111|0x0000000088d00000, 0x0000000088e00000, 0x0000000088e00000|100%| E|CS|TAMS 0x0000000088d00000| PB 0x0000000088d00000| Complete 
| 112|0x0000000088e00000, 0x0000000088f00000, 0x0000000088f00000|100%| E|CS|TAMS 0x0000000088e00000| PB 0x0000000088e00000| Complete 
| 113|0x0000000088f00000, 0x0000000089000000, 0x0000000089000000|100%| E|CS|TAMS 0x0000000088f00000| PB 0x0000000088f00000| Complete 
| 114|0x0000000089000000, 0x0000000089100000, 0x0000000089100000|100%| E|CS|TAMS 0x0000000089000000| PB 0x0000000089000000| Complete 
| 115|0x0000000089100000, 0x0000000089200000, 0x0000000089200000|100%| E|CS|TAMS 0x0000000089100000| PB 0x0000000089100000| Complete 
| 116|0x0000000089200000, 0x0000000089300000, 0x0000000089300000|100%| E|CS|TAMS 0x0000000089200000| PB 0x0000000089200000| Complete 
| 117|0x0000000089300000, 0x0000000089400000, 0x0000000089400000|100%| E|CS|TAMS 0x0000000089300000| PB 0x0000000089300000| Complete 
| 118|0x0000000089400000, 0x0000000089500000, 0x0000000089500000|100%| E|CS|TAMS 0x0000000089400000| PB 0x0000000089400000| Complete 
| 119|0x0000000089500000, 0x0000000089600000, 0x0000000089600000|100%| E|CS|TAMS 0x0000000089500000| PB 0x0000000089500000| Complete 
| 120|0x0000000089600000, 0x0000000089700000, 0x0000000089700000|100%| E|CS|TAMS 0x0000000089600000| PB 0x0000000089600000| Complete 
| 121|0x0000000089700000, 0x0000000089800000, 0x0000000089800000|100%| E|CS|TAMS 0x0000000089700000| PB 0x0000000089700000| Complete 
| 122|0x0000000089800000, 0x0000000089900000, 0x0000000089900000|100%| E|CS|TAMS 0x0000000089800000| PB 0x0000000089800000| Complete 
| 123|0x0000000089900000, 0x0000000089a00000, 0x0000000089a00000|100%| E|CS|TAMS 0x0000000089900000| PB 0x0000000089900000| Complete 
| 124|0x0000000089a00000, 0x0000000089b00000, 0x0000000089b00000|100%| E|CS|TAMS 0x0000000089a00000| PB 0x0000000089a00000| Complete 
| 125|0x0000000089b00000, 0x0000000089c00000, 0x0000000089c00000|100%| E|CS|TAMS 0x0000000089b00000| PB 0x0000000089b00000| Complete 
| 126|0x0000000089c00000, 0x0000000089d00000, 0x0000000089d00000|100%| E|CS|TAMS 0x0000000089c00000| PB 0x0000000089c00000| Complete 
| 127|0x0000000089d00000, 0x0000000089e00000, 0x0000000089e00000|100%| E|CS|TAMS 0x0000000089d00000| PB 0x0000000089d00000| Complete 

Card table byte_map: [0x00000206be520000,0x00000206be920000] _byte_map_base: 0x00000206be111000

Marking Bits: (CMBitMap*) 0x00000206a70df810
 Bits: [0x00000206bed20000, 0x00000206c0ca8000)

Polling page: 0x00000206a6800000

Metaspace:

Usage:
  Non-class:     14.99 MB used.
      Class:      2.34 MB used.
       Both:     17.33 MB used.

Virtual space:
  Non-class space:       64.00 MB reserved,      15.19 MB ( 24%) committed,  1 nodes.
      Class space:        1.00 GB reserved,       2.50 MB ( <1%) committed,  1 nodes.
             Both:        1.06 GB reserved,      17.69 MB (  2%) committed. 

Chunk freelists:
   Non-Class:  3.91 MB
       Class:  1.50 MB
        Both:  5.41 MB

MaxMetaspaceSize: unlimited
CompressedClassSpaceSize: 1.00 GB
Initial GC threshold: 21.00 MB
Current GC threshold: 21.00 MB
CDS: on
MetaspaceReclaimPolicy: balanced
 - commit_granule_bytes: 65536.
 - commit_granule_words: 8192.
 - virtual_space_node_default_size: 8388608.
 - enlarge_chunks_in_place: 1.
 - new_chunks_are_fully_committed: 0.
 - uncommit_free_chunks: 1.
 - use_allocation_guard: 0.


Internal statistics:

num_allocs_failed_limit: 0.
num_arena_births: 378.
num_arena_deaths: 0.
num_vsnodes_births: 2.
num_vsnodes_deaths: 0.
num_space_committed: 283.
num_space_uncommitted: 0.
num_chunks_returned_to_freelist: 0.
num_chunks_taken_from_freelist: 961.
num_chunk_merges: 0.
num_chunk_splits: 651.
num_chunks_enlarged: 475.
num_inconsistent_stats: 0.

CodeHeap 'non-profiled nmethods': size=120000Kb used=2684Kb max_used=2684Kb free=117315Kb
 bounds [0x00000206b6bf0000, 0x00000206b6e90000, 0x00000206be120000]
CodeHeap 'profiled nmethods': size=120000Kb used=8376Kb max_used=8376Kb free=111623Kb
 bounds [0x00000206af120000, 0x00000206af950000, 0x00000206b6650000]
CodeHeap 'non-nmethods': size=5760Kb used=1881Kb max_used=1921Kb free=3878Kb
 bounds [0x00000206b6650000, 0x00000206b68c0000, 0x00000206b6bf0000]
 total_blobs=5073 nmethods=4240 adapters=741
 compilation: enabled
              stopped_count=0, restarted_count=0
 full_count=0

Compilation events (20 events):
Event: 224.338 Thread 0x00000206c31a60f0 nmethod 4232 0x00000206b6e89810 code [0x00000206b6e89980, 0x00000206b6e89b28]
Event: 224.338 Thread 0x00000206c31a60f0 4233   !   4       java.util.concurrent.ThreadPoolExecutor::getTask (177 bytes)
Event: 224.356 Thread 0x00000206c31a60f0 nmethod 4233 0x00000206b6e89c90 code [0x00000206b6e89e80, 0x00000206b6e8a890]
Event: 224.368 Thread 0x00000206c31a60f0 4234  s!   4       com.sun.prism.impl.Disposer::disposeUnreachables (65 bytes)
Event: 224.376 Thread 0x00000206c31a60f0 nmethod 4234 0x00000206b6e8af90 code [0x00000206b6e8b160, 0x00000206b6e8b940]
Event: 224.376 Thread 0x00000206c31a60f0 4235       4       com.sun.javafx.tk.quantum.QuantumRenderer::afterExecute (31 bytes)
Event: 224.377 Thread 0x00000206c31a60f0 nmethod 4235 0x00000206b6e8be10 code [0x00000206b6e8bf80, 0x00000206b6e8c028]
Event: 224.443 Thread 0x00000206c31a60f0 4236       4       com.sun.prism.impl.BaseGraphics::scale (28 bytes)
Event: 224.444 Thread 0x00000206c31a60f0 nmethod 4236 0x00000206b6e8c110 code [0x00000206b6e8c2a0, 0x00000206b6e8c3b8]
Event: 224.448 Thread 0x00000206c31a60f0 4237       4       com.sun.prism.d3d.D3DContext::validatePresent (36 bytes)
Event: 224.448 Thread 0x00000206c31a60f0 nmethod 4237 0x00000206b6e8c490 code [0x00000206b6e8c600, 0x00000206b6e8c6d8]
Event: 224.762 Thread 0x00000206c31a60f0 4238       4       com.sun.prism.d3d.D3DContext::updateClipRect (70 bytes)
Event: 224.764 Thread 0x00000206c31a60f0 nmethod 4238 0x00000206b6e8c810 code [0x00000206b6e8c9a0, 0x00000206b6e8cac0]
Event: 225.163 Thread 0x00000206c31a60f0 4239       4       javafx.scene.image.Image::platformImagePropertyImpl (26 bytes)
Event: 225.166 Thread 0x00000206c31a60f0 nmethod 4239 0x00000206b6e8cc10 code [0x00000206b6e8cd80, 0x00000206b6e8cf50]
Event: 225.546 Thread 0x00000206c31a60f0 4240       4       com.sun.javafx.sg.prism.NGNode::accumulateNodeDirtyRegion (63 bytes)
Event: 225.569 Thread 0x00000206c31a60f0 nmethod 4240 0x00000206b6e8d010 code [0x00000206b6e8d260, 0x00000206b6e8e190]
Event: 225.627 Thread 0x00000206c31a60f0 4241       4       com.sun.prism.Image::isOpaque (8 bytes)
Event: 225.628 Thread 0x00000206c31a60f0 nmethod 4241 0x00000206b6e8ed90 code [0x00000206b6e8ef00, 0x00000206b6e8ef98]
Event: 226.523 Thread 0x00000206c31a60f0 4242       4       javafx.scene.layout.Region::layoutInArea (278 bytes)

GC Heap History (4 events):
Event: 0.669 GC heap before
{Heap before GC invocations=0 (full 0):
 garbage-first heap   total 131072K, used 12288K [0x0000000081e00000, 0x0000000100000000)
  region size 1024K, 13 young (13312K), 0 survivors (0K)
 Metaspace       used 2466K, committed 2624K, reserved 1114112K
  class space    used 259K, committed 320K, reserved 1048576K
}
Event: 0.674 GC heap after
{Heap after GC invocations=1 (full 0):
 garbage-first heap   total 131072K, used 1901K [0x0000000081e00000, 0x0000000100000000)
  region size 1024K, 2 young (2048K), 2 survivors (2048K)
 Metaspace       used 2466K, committed 2624K, reserved 1114112K
  class space    used 259K, committed 320K, reserved 1048576K
}
Event: 1.494 GC heap before
{Heap before GC invocations=1 (full 0):
 garbage-first heap   total 131072K, used 19309K [0x0000000081e00000, 0x0000000100000000)
  region size 1024K, 20 young (20480K), 2 survivors (2048K)
 Metaspace       used 8107K, committed 8320K, reserved 1114112K
  class space    used 946K, committed 1024K, reserved 1048576K
}
Event: 1.501 GC heap after
{Heap after GC invocations=2 (full 0):
 garbage-first heap   total 131072K, used 4974K [0x0000000081e00000, 0x0000000100000000)
  region size 1024K, 3 young (3072K), 3 survivors (3072K)
 Metaspace       used 8107K, committed 8320K, reserved 1114112K
  class space    used 946K, committed 1024K, reserved 1048576K
}

Dll operation events (20 events):
Event: 0.817 Loaded shared library C:\Users\HP\.openjfx\cache\18-ea\api-ms-win-crt-heap-l1-1-0.dll
Event: 0.821 Loaded shared library C:\Users\HP\.openjfx\cache\18-ea\api-ms-win-crt-locale-l1-1-0.dll
Event: 0.826 Loaded shared library C:\Users\HP\.openjfx\cache\18-ea\api-ms-win-crt-math-l1-1-0.dll
Event: 0.830 Loaded shared library C:\Users\HP\.openjfx\cache\18-ea\api-ms-win-crt-multibyte-l1-1-0.dll
Event: 0.836 Loaded shared library C:\Users\HP\.openjfx\cache\18-ea\api-ms-win-crt-private-l1-1-0.dll
Event: 0.840 Loaded shared library C:\Users\HP\.openjfx\cache\18-ea\api-ms-win-crt-process-l1-1-0.dll
Event: 0.845 Loaded shared library C:\Users\HP\.openjfx\cache\18-ea\api-ms-win-crt-runtime-l1-1-0.dll
Event: 0.849 Loaded shared library C:\Users\HP\.openjfx\cache\18-ea\api-ms-win-crt-stdio-l1-1-0.dll
Event: 0.854 Loaded shared library C:\Users\HP\.openjfx\cache\18-ea\api-ms-win-crt-string-l1-1-0.dll
Event: 0.859 Loaded shared library C:\Users\HP\.openjfx\cache\18-ea\api-ms-win-crt-time-l1-1-0.dll
Event: 0.863 Loaded shared library C:\Users\HP\.openjfx\cache\18-ea\api-ms-win-crt-utility-l1-1-0.dll
Event: 0.886 Loaded shared library C:\Users\HP\.openjfx\cache\18-ea\ucrtbase.dll
Event: 0.893 Loaded shared library C:\Users\HP\.openjfx\cache\18-ea\vcruntime140.dll
Event: 0.897 Loaded shared library C:\Users\HP\.openjfx\cache\18-ea\vcruntime140_1.dll
Event: 0.909 Loaded shared library C:\Users\HP\.openjfx\cache\18-ea\msvcp140.dll
Event: 0.972 Loaded shared library C:\Users\HP\.openjfx\cache\18-ea\prism_d3d.dll
Event: 1.016 Loaded shared library C:\Users\HP\.openjfx\cache\18-ea\glass.dll
Event: 1.178 Loaded shared library C:\Users\HP\.jdks\openjdk-20.0.1\bin\jimage.dll
Event: 1.606 Loaded shared library C:\Users\HP\.openjfx\cache\18-ea\javafx_iio.dll
Event: 1.785 Loaded shared library C:\Users\HP\.openjfx\cache\18-ea\javafx_font.dll

Deoptimization events (20 events):
Event: 155.595 Thread 0x00000206c86f6870 Uncommon trap: trap_request=0xffffff45 fr.pc=0x00000206b6dfb8b8 relative=0x0000000000004b58
Event: 155.595 Thread 0x00000206c86f6870 Uncommon trap: reason=unstable_if action=reinterpret pc=0x00000206b6dfb8b8 method=javafx.scene.Scene$MouseHandler.pulse()V @ 4 c2
Event: 155.595 Thread 0x00000206c86f6870 DEOPT PACKING pc=0x00000206b6dfb8b8 sp=0x000000ccc48fe720
Event: 155.595 Thread 0x00000206c86f6870 DEOPT UNPACKING pc=0x00000206b66b9d22 sp=0x000000ccc48fe6d0 mode 2
Event: 155.602 Thread 0x00000206c86f6870 Uncommon trap: trap_request=0xffffff45 fr.pc=0x00000206b6de21f8 relative=0x0000000000000158
Event: 155.602 Thread 0x00000206c86f6870 Uncommon trap: reason=unstable_if action=reinterpret pc=0x00000206b6de21f8 method=javafx.scene.Scene$MouseHandler.updateCursorFrame()V @ 4 c2
Event: 155.602 Thread 0x00000206c86f6870 DEOPT PACKING pc=0x00000206b6de21f8 sp=0x000000ccc48fdf80
Event: 155.602 Thread 0x00000206c86f6870 DEOPT UNPACKING pc=0x00000206b66b9d22 sp=0x000000ccc48fdf48 mode 2
Event: 155.602 Thread 0x00000206c86f6870 Uncommon trap: trap_request=0xffffffc6 fr.pc=0x00000206b6ded678 relative=0x0000000000000238
Event: 155.602 Thread 0x00000206c86f6870 Uncommon trap: reason=bimorphic_or_optimized_type_check action=maybe_recompile pc=0x00000206b6ded678 method=com.sun.glass.ui.InvokeLaterDispatcher$Future.run()V @ 4 c2
Event: 155.602 Thread 0x00000206c86f6870 DEOPT PACKING pc=0x00000206b6ded678 sp=0x000000ccc48fe8c0
Event: 155.602 Thread 0x00000206c86f6870 DEOPT UNPACKING pc=0x00000206b66b9d22 sp=0x000000ccc48fe870 mode 2
Event: 155.877 Thread 0x00000206c86f6870 Uncommon trap: trap_request=0xffffffc6 fr.pc=0x00000206b6ded678 relative=0x0000000000000238
Event: 155.877 Thread 0x00000206c86f6870 Uncommon trap: reason=bimorphic_or_optimized_type_check action=maybe_recompile pc=0x00000206b6ded678 method=com.sun.glass.ui.InvokeLaterDispatcher$Future.run()V @ 4 c2
Event: 155.877 Thread 0x00000206c86f6870 DEOPT PACKING pc=0x00000206b6ded678 sp=0x000000ccc48fe8c0
Event: 155.877 Thread 0x00000206c86f6870 DEOPT UNPACKING pc=0x00000206b66b9d22 sp=0x000000ccc48fe870 mode 2
Event: 155.893 Thread 0x00000206c8560ed0 Uncommon trap: trap_request=0xffffffbe fr.pc=0x00000206b6d75dd0 relative=0x0000000000000790
Event: 155.893 Thread 0x00000206c8560ed0 Uncommon trap: reason=profile_predicate action=maybe_recompile pc=0x00000206b6d75dd0 method=com.sun.javafx.sg.prism.NGNode.markCullRegions(Lcom/sun/javafx/geom/DirtyRegionContainer;ILcom/sun/javafx/geom/transform/BaseTransform;Lcom/sun/javafx/geom/transfo
Event: 155.893 Thread 0x00000206c8560ed0 DEOPT PACKING pc=0x00000206b6d75dd0 sp=0x000000ccc46fe510
Event: 155.893 Thread 0x00000206c8560ed0 DEOPT UNPACKING pc=0x00000206b66b9d22 sp=0x000000ccc46fe480 mode 2

Classes loaded (20 events):
Event: 2.644 Loading class jdk/internal/ref/CleanerImpl$InnocuousThreadFactory
Event: 2.644 Loading class jdk/internal/ref/CleanerImpl$InnocuousThreadFactory done
Event: 2.656 Loading class sun/misc/Unsafe
Event: 2.656 Loading class sun/misc/Unsafe done
Event: 2.657 Loading class java/lang/invoke/DirectMethodHandle$StaticAccessor
Event: 2.657 Loading class java/lang/invoke/DirectMethodHandle$StaticAccessor done
Event: 5.226 Loading class java/util/EnumMap$Values
Event: 5.226 Loading class java/util/EnumMap$Values done
Event: 5.226 Loading class java/util/EnumMap$ValueIterator
Event: 5.226 Loading class java/util/EnumMap$EnumMapIterator
Event: 5.226 Loading class java/util/EnumMap$EnumMapIterator done
Event: 5.226 Loading class java/util/EnumMap$ValueIterator done
Event: 8.178 Loading class jdk/internal/math/FDBigInteger
Event: 8.178 Loading class jdk/internal/math/FDBigInteger done
Event: 8.356 Loading class java/lang/Byte$ByteCache
Event: 8.356 Loading class java/lang/Byte$ByteCache done
Event: 8.356 Loading class java/lang/Short$ShortCache
Event: 8.356 Loading class java/lang/Short$ShortCache done
Event: 8.610 Loading class java/util/BitSet
Event: 8.610 Loading class java/util/BitSet done

Classes unloaded (0 events):
No events

Classes redefined (0 events):
No events

Internal exceptions (20 events):
Event: 2.476 Thread 0x00000206c86f6870 Exception <a 'java/lang/NoSuchMethodError'{0x0000000088afbd28}: 'int java.lang.invoke.DirectMethodHandle$Holder.invokeSpecial(java.lang.Object, java.lang.Object, int)'> (0x0000000088afbd28) 
thrown [s\open\src\hotspot\share\interpreter\linkResolver.cpp, line 773]
Event: 2.490 Thread 0x00000206c86f6870 Exception <a 'java/lang/NoSuchMethodError'{0x0000000088661e30}: 'java.lang.Object java.lang.invoke.DirectMethodHandle$Holder.newInvokeSpecial(java.lang.Object, java.lang.Object, int)'> (0x0000000088661e30) 
thrown [s\open\src\hotspot\share\interpreter\linkResolver.cpp, line 773]
Event: 2.508 Thread 0x00000206c86f6870 Exception <a 'java/lang/NoSuchMethodError'{0x0000000088684470}: 'long java.lang.invoke.DirectMethodHandle$Holder.invokeStatic(java.lang.Object, java.lang.Object, java.lang.Object)'> (0x0000000088684470) 
thrown [s\open\src\hotspot\share\interpreter\linkResolver.cpp, line 773]
Event: 2.508 Thread 0x00000206c86f6870 Exception <a 'java/lang/NoSuchMethodError'{0x0000000088687840}: 'long java.lang.invoke.DirectMethodHandle$Holder.invokeStaticInit(java.lang.Object, java.lang.Object, java.lang.Object)'> (0x0000000088687840) 
thrown [s\open\src\hotspot\share\interpreter\linkResolver.cpp, line 773]
Event: 2.514 Thread 0x00000206c86f6870 Exception <a 'java/lang/NoSuchMethodError'{0x00000000886b5738}: 'java.lang.Object java.lang.invoke.DirectMethodHandle$Holder.newInvokeSpecial(java.lang.Object, java.lang.Object, long)'> (0x00000000886b5738) 
thrown [s\open\src\hotspot\share\interpreter\linkResolver.cpp, line 773]
Event: 2.515 Thread 0x00000206c86f6870 Exception <a 'java/lang/NoSuchMethodError'{0x00000000886b9030}: 'java.lang.Object java.lang.invoke.Invokers$Holder.linkToTargetMethod(java.lang.Object, long, java.lang.Object)'> (0x00000000886b9030) 
thrown [s\open\src\hotspot\share\interpreter\linkResolver.cpp, line 773]
Event: 2.543 Thread 0x00000206c8560ed0 Exception <a 'java/lang/NoSuchMethodError'{0x0000000088567c90}: 'int java.lang.invoke.DirectMethodHandle$Holder.invokeStaticInit(java.lang.Object, java.lang.Object)'> (0x0000000088567c90) 
thrown [s\open\src\hotspot\share\interpreter\linkResolver.cpp, line 773]
Event: 2.575 Thread 0x00000206c8560ed0 Exception <a 'java/lang/NoSuchMethodError'{0x000000008840f7d0}: 'java.lang.Object java.lang.invoke.DirectMethodHandle$Holder.invokeStaticInit(java.lang.Object, int)'> (0x000000008840f7d0) 
thrown [s\open\src\hotspot\share\interpreter\linkResolver.cpp, line 773]
Event: 8.180 Thread 0x00000206c86f6870 Implicit null exception at 0x00000206b6d12aee to 0x00000206b6d140d8
Event: 8.361 Thread 0x00000206c86f6870 Exception <a 'java/lang/NoSuchMethodError'{0x0000000087b333d0}: 'java.lang.Object java.lang.invoke.DelegatingMethodHandle$Holder.reinvoke_L(java.lang.Object, double, double, double, double)'> (0x0000000087b333d0) 
thrown [s\open\src\hotspot\share\interpreter\linkResolver.cpp, line 773]
Event: 8.363 Thread 0x00000206c86f6870 Exception <a 'java/lang/NoSuchMethodError'{0x0000000087b3e110}: 'java.lang.Object java.lang.invoke.DirectMethodHandle$Holder.invokeStatic(java.lang.Object, java.lang.Object, int)'> (0x0000000087b3e110) 
thrown [s\open\src\hotspot\share\interpreter\linkResolver.cpp, line 773]
Event: 8.364 Thread 0x00000206c86f6870 Exception <a 'java/lang/NoSuchMethodError'{0x0000000087b42000}: 'void java.lang.invoke.DirectMethodHandle$Holder.invokeStatic(java.lang.Object, java.lang.Object, int, java.lang.Object)'> (0x0000000087b42000) 
thrown [s\open\src\hotspot\share\interpreter\linkResolver.cpp, line 773]
Event: 8.365 Thread 0x00000206c86f6870 Exception <a 'java/lang/NoSuchMethodError'{0x0000000087b48a70}: 'void java.lang.invoke.DelegatingMethodHandle$Holder.delegate(java.lang.Object, java.lang.Object, int, java.lang.Object)'> (0x0000000087b48a70) 
thrown [s\open\src\hotspot\share\interpreter\linkResolver.cpp, line 773]
Event: 8.431 Thread 0x00000206c86f6870 Implicit null exception at 0x00000206b6c48646 to 0x00000206b6c486da
Event: 8.443 Thread 0x00000206c86f6870 Implicit null exception at 0x00000206b6c8f59c to 0x00000206b6c8f800
Event: 8.444 Thread 0x00000206c86f6870 Implicit null exception at 0x00000206b6cec43e to 0x00000206b6cec49c
Event: 8.448 Thread 0x00000206c86f6870 Implicit null exception at 0x00000206b6c8e79a to 0x00000206b6c8e9fc
Event: 8.450 Thread 0x00000206c86f6870 Implicit null exception at 0x00000206b6c44f1d to 0x00000206b6c44f99
Event: 8.534 Thread 0x00000206c86f6870 Exception <a 'java/lang/NoSuchMethodError'{0x00000000876b3b00}: 'void java.lang.invoke.DirectMethodHandle$Holder.invokeSpecial(java.lang.Object, java.lang.Object, java.lang.Object, java.lang.Object, java.lang.Object, java.lang.Object)'> (0x00000000876b3b00) 
thrown [s\open\src\hotspot\share\interpreter\linkResolver.cpp, line 773]
Event: 8.728 Thread 0x00000206c8560ed0 Implicit null exception at 0x00000206b6d02a27 to 0x00000206b6d02d1c

VM Operations (20 events):
Event: 99.670 Executing VM operation: Cleanup
Event: 99.670 Executing VM operation: Cleanup done
Event: 106.673 Executing VM operation: Cleanup
Event: 106.673 Executing VM operation: Cleanup done
Event: 108.674 Executing VM operation: Cleanup
Event: 108.674 Executing VM operation: Cleanup done
Event: 114.676 Executing VM operation: Cleanup
Event: 114.676 Executing VM operation: Cleanup done
Event: 150.693 Executing VM operation: Cleanup
Event: 150.693 Executing VM operation: Cleanup done
Event: 154.694 Executing VM operation: Cleanup
Event: 154.694 Executing VM operation: Cleanup done
Event: 155.695 Executing VM operation: Cleanup
Event: 155.695 Executing VM operation: Cleanup done
Event: 156.695 Executing VM operation: Cleanup
Event: 156.695 Executing VM operation: Cleanup done
Event: 158.696 Executing VM operation: Cleanup
Event: 158.696 Executing VM operation: Cleanup done
Event: 216.720 Executing VM operation: Cleanup
Event: 216.720 Executing VM operation: Cleanup done

Events (20 events):
Event: 0.066 Thread 0x00000206c31a60f0 Thread added: 0x00000206c31a60f0
Event: 0.067 Thread 0x00000206c31cbde0 Thread added: 0x00000206c31cbde0
Event: 0.128 Thread 0x00000206c3162400 Thread added: 0x00000206c3162400
Event: 0.235 Thread 0x00000206c750c570 Thread added: 0x00000206c750c570
Event: 0.494 Thread 0x00000206c7eccff0 Thread added: 0x00000206c7eccff0
Event: 0.494 Thread 0x00000206c7f6c870 Thread added: 0x00000206c7f6c870
Event: 0.958 Thread 0x00000206c8560ed0 Thread added: 0x00000206c8560ed0
Event: 1.020 Thread 0x00000206c80fa020 Thread added: 0x00000206c80fa020
Event: 1.028 Thread 0x00000206c86f6870 Thread added: 0x00000206c86f6870
Event: 1.131 Thread 0x00000206c87a5490 Thread added: 0x00000206c87a5490
Event: 1.153 Thread 0x00000206c87a0330 Thread added: 0x00000206c87a0330
Event: 1.741 Thread 0x00000206c750c570 Thread exited: 0x00000206c750c570
Event: 1.839 Thread 0x00000206c8b057c0 Thread added: 0x00000206c8b057c0
Event: 2.095 Thread 0x00000206c8a20060 Thread added: 0x00000206c8a20060
Event: 2.368 Thread 0x00000206c8b057c0 Thread exited: 0x00000206c8b057c0
Event: 2.644 Thread 0x00000206c8a205b0 Thread added: 0x00000206c8a205b0
Event: 8.403 Thread 0x00000206c8e84720 Thread added: 0x00000206c8e84720
Event: 8.860 Thread 0x00000206c8e84720 Thread exited: 0x00000206c8e84720
Event: 160.453 Thread 0x00000206c791f010 Thread added: 0x00000206c791f010
Event: 162.043 Thread 0x00000206c791f010 Thread exited: 0x00000206c791f010


Dynamic libraries:
0x00007ff7271f0000 - 0x00007ff7271fe000 	C:\Users\HP\.jdks\openjdk-20.0.1\bin\java.exe
0x00007ff9ee130000 - 0x00007ff9ee325000 	C:\Windows\SYSTEM32\ntdll.dll
0x00007ff9ecba0000 - 0x00007ff9ecc5e000 	C:\Windows\System32\KERNEL32.DLL
0x00007ff9eb850000 - 0x00007ff9ebb19000 	C:\Windows\System32\KERNELBASE.dll
0x00007ff9ebdc0000 - 0x00007ff9ebec0000 	C:\Windows\System32\ucrtbase.dll
0x00007ff9e5ff0000 - 0x00007ff9e600b000 	C:\Users\HP\.jdks\openjdk-20.0.1\bin\VCRUNTIME140.dll
0x00007ff9e6110000 - 0x00007ff9e6127000 	C:\Users\HP\.jdks\openjdk-20.0.1\bin\jli.dll
0x00007ff9ec1e0000 - 0x00007ff9ec381000 	C:\Windows\System32\USER32.dll
0x00007ff9ebcb0000 - 0x00007ff9ebcd2000 	C:\Windows\System32\win32u.dll
0x00007ff9ec5d0000 - 0x00007ff9ec5fb000 	C:\Windows\System32\GDI32.dll
0x00007ff9ec020000 - 0x00007ff9ec12b000 	C:\Windows\System32\gdi32full.dll
0x00007ff9dd300000 - 0x00007ff9dd59a000 	C:\Windows\WinSxS\amd64_microsoft.windows.common-controls_6595b64144ccf1df_6.0.19041.1110_none_60b5254171f9507e\COMCTL32.dll
0x00007ff9ebb80000 - 0x00007ff9ebc1d000 	C:\Windows\System32\msvcp_win.dll
0x00007ff9ed5f0000 - 0x00007ff9ed68e000 	C:\Windows\System32\msvcrt.dll
0x00007ff9ed5b0000 - 0x00007ff9ed5e0000 	C:\Windows\System32\IMM32.DLL
0x0000000056e60000 - 0x0000000056e6c000 	C:\Program Files (x86)\360\Total Security\safemon\SafeWrapper.dll
0x00007ff9edbd0000 - 0x00007ff9edc7c000 	C:\Windows\System32\ADVAPI32.dll
0x00007ff9eda80000 - 0x00007ff9edb1b000 	C:\Windows\System32\sechost.dll
0x00007ff9ec390000 - 0x00007ff9ec4ba000 	C:\Windows\System32\RPCRT4.dll
0x00007ff9cd810000 - 0x00007ff9cd8a2000 	C:\Program Files (x86)\360\Total Security\safemon\libzdtp64.dll
0x00007ff9ecc60000 - 0x00007ff9ed39f000 	C:\Windows\System32\SHELL32.dll
0x00007ff9ed550000 - 0x00007ff9ed5a5000 	C:\Windows\System32\SHLWAPI.dll
0x00007ff9eb3d0000 - 0x00007ff9eb3da000 	C:\Windows\SYSTEM32\VERSION.dll
0x00007ff9e7360000 - 0x00007ff9e736c000 	C:\Users\HP\.jdks\openjdk-20.0.1\bin\vcruntime140_1.dll
0x00007ff9da150000 - 0x00007ff9da1de000 	C:\Users\HP\.jdks\openjdk-20.0.1\bin\msvcp140.dll
0x00007ff9a4260000 - 0x00007ff9a4ef7000 	C:\Users\HP\.jdks\openjdk-20.0.1\bin\server\jvm.dll
0x00007ff9e4570000 - 0x00007ff9e4579000 	C:\Windows\SYSTEM32\WSOCK32.dll
0x00007ff9ed980000 - 0x00007ff9ed9eb000 	C:\Windows\System32\WS2_32.dll
0x00007ff9e2770000 - 0x00007ff9e2797000 	C:\Windows\SYSTEM32\WINMM.dll
0x00007ff9e96e0000 - 0x00007ff9e96f2000 	C:\Windows\SYSTEM32\kernel.appcore.dll
0x00007ff9e7250000 - 0x00007ff9e725a000 	C:\Users\HP\.jdks\openjdk-20.0.1\bin\jimage.dll
0x00007ff9c8cb0000 - 0x00007ff9c8e94000 	C:\Windows\SYSTEM32\DBGHELP.DLL
0x00007ff9c4f60000 - 0x00007ff9c4f8c000 	C:\Windows\SYSTEM32\dbgcore.DLL
0x00007ff9ebc20000 - 0x00007ff9ebca3000 	C:\Windows\System32\bcryptPrimitives.dll
0x00007ff9e6c60000 - 0x00007ff9e6c6e000 	C:\Users\HP\.jdks\openjdk-20.0.1\bin\instrument.dll
0x00007ff9dab90000 - 0x00007ff9dabb6000 	C:\Users\HP\.jdks\openjdk-20.0.1\bin\java.dll
0x00007ff9cd6a0000 - 0x00007ff9cd777000 	C:\Users\HP\.jdks\openjdk-20.0.1\bin\jsvml.dll
0x00007ff9e98e0000 - 0x00007ff9ea070000 	C:\Windows\SYSTEM32\windows.storage.dll
0x00007ff9edd90000 - 0x00007ff9ee0e5000 	C:\Windows\System32\combase.dll
0x00007ff9eb230000 - 0x00007ff9eb25c000 	C:\Windows\SYSTEM32\Wldp.dll
0x00007ff9ec4c0000 - 0x00007ff9ec56d000 	C:\Windows\System32\SHCORE.dll
0x00007ff9eb790000 - 0x00007ff9eb7af000 	C:\Windows\SYSTEM32\profapi.dll
0x00007ff9e5df0000 - 0x00007ff9e5e03000 	C:\Users\HP\.jdks\openjdk-20.0.1\bin\net.dll
0x00007ff9e0ba0000 - 0x00007ff9e0ca8000 	C:\Windows\SYSTEM32\WINHTTP.dll
0x00007ff9eaf90000 - 0x00007ff9eaffa000 	C:\Windows\system32\mswsock.dll
0x00007ff9e5230000 - 0x00007ff9e5246000 	C:\Users\HP\.jdks\openjdk-20.0.1\bin\nio.dll
0x00007ff9dab70000 - 0x00007ff9dab88000 	C:\Users\HP\.jdks\openjdk-20.0.1\bin\zip.dll
0x00007ff9dab50000 - 0x00007ff9dab6a000 	C:\Program Files\JetBrains\IntelliJ IDEA Community Edition 2024.1\bin\breakgen64.dll
0x00000206a6fe0000 - 0x00000206a6fe3000 	C:\Users\HP\.openjfx\cache\18-ea\api-ms-win-core-console-l1-1-0.dll
0x00000206a6ff0000 - 0x00000206a6ff3000 	C:\Users\HP\.openjfx\cache\18-ea\api-ms-win-core-console-l1-2-0.dll
0x00000206a7000000 - 0x00000206a7003000 	C:\Users\HP\.openjfx\cache\18-ea\api-ms-win-core-datetime-l1-1-0.dll
0x00000206a7010000 - 0x00000206a7013000 	C:\Users\HP\.openjfx\cache\18-ea\api-ms-win-core-debug-l1-1-0.dll
0x00000206a7020000 - 0x00000206a7023000 	C:\Users\HP\.openjfx\cache\18-ea\api-ms-win-core-errorhandling-l1-1-0.dll
0x00000206c3310000 - 0x00000206c3314000 	C:\Users\HP\.openjfx\cache\18-ea\api-ms-win-core-file-l1-1-0.dll
0x00000206c3320000 - 0x00000206c3323000 	C:\Users\HP\.openjfx\cache\18-ea\api-ms-win-core-file-l1-2-0.dll
0x00000206c3330000 - 0x00000206c3333000 	C:\Users\HP\.openjfx\cache\18-ea\api-ms-win-core-file-l2-1-0.dll
0x00000206c3340000 - 0x00000206c3343000 	C:\Users\HP\.openjfx\cache\18-ea\api-ms-win-core-handle-l1-1-0.dll
0x00000206c3350000 - 0x00000206c3353000 	C:\Users\HP\.openjfx\cache\18-ea\api-ms-win-core-heap-l1-1-0.dll
0x00000206c3360000 - 0x00000206c3363000 	C:\Users\HP\.openjfx\cache\18-ea\api-ms-win-core-interlocked-l1-1-0.dll
0x00000206c3370000 - 0x00000206c3373000 	C:\Users\HP\.openjfx\cache\18-ea\api-ms-win-core-libraryloader-l1-1-0.dll
0x00000206c3380000 - 0x00000206c3383000 	C:\Users\HP\.openjfx\cache\18-ea\api-ms-win-core-localization-l1-2-0.dll
0x00000206c3390000 - 0x00000206c3393000 	C:\Users\HP\.openjfx\cache\18-ea\api-ms-win-core-memory-l1-1-0.dll
0x00000206c33a0000 - 0x00000206c33a3000 	C:\Users\HP\.openjfx\cache\18-ea\api-ms-win-core-namedpipe-l1-1-0.dll
0x00000206c33b0000 - 0x00000206c33b3000 	C:\Users\HP\.openjfx\cache\18-ea\api-ms-win-core-processenvironment-l1-1-0.dll
0x00000206c33c0000 - 0x00000206c33c3000 	C:\Users\HP\.openjfx\cache\18-ea\api-ms-win-core-processthreads-l1-1-0.dll
0x00000206c33d0000 - 0x00000206c33d3000 	C:\Users\HP\.openjfx\cache\18-ea\api-ms-win-core-processthreads-l1-1-1.dll
0x00000206c33e0000 - 0x00000206c33e3000 	C:\Users\HP\.openjfx\cache\18-ea\api-ms-win-core-profile-l1-1-0.dll
0x00000206c33f0000 - 0x00000206c33f3000 	C:\Users\HP\.openjfx\cache\18-ea\api-ms-win-core-rtlsupport-l1-1-0.dll
0x00000206c9220000 - 0x00000206c9223000 	C:\Users\HP\.openjfx\cache\18-ea\api-ms-win-core-string-l1-1-0.dll
0x00000206c9230000 - 0x00000206c9233000 	C:\Users\HP\.openjfx\cache\18-ea\api-ms-win-core-synch-l1-1-0.dll
0x00000206c9100000 - 0x00000206c9103000 	C:\Users\HP\.openjfx\cache\18-ea\api-ms-win-core-synch-l1-2-0.dll
0x00000206c9110000 - 0x00000206c9113000 	C:\Users\HP\.openjfx\cache\18-ea\api-ms-win-core-sysinfo-l1-1-0.dll
0x00000206c9120000 - 0x00000206c9123000 	C:\Users\HP\.openjfx\cache\18-ea\api-ms-win-core-timezone-l1-1-0.dll
0x00000206c9130000 - 0x00000206c9133000 	C:\Users\HP\.openjfx\cache\18-ea\api-ms-win-core-util-l1-1-0.dll
0x00000206c9140000 - 0x00000206c9143000 	C:\Users\HP\.openjfx\cache\18-ea\api-ms-win-crt-conio-l1-1-0.dll
0x00000206c9150000 - 0x00000206c9154000 	C:\Users\HP\.openjfx\cache\18-ea\api-ms-win-crt-convert-l1-1-0.dll
0x00000206c9160000 - 0x00000206c9163000 	C:\Users\HP\.openjfx\cache\18-ea\api-ms-win-crt-environment-l1-1-0.dll
0x00000206c9170000 - 0x00000206c9173000 	C:\Users\HP\.openjfx\cache\18-ea\api-ms-win-crt-filesystem-l1-1-0.dll
0x00000206c8fd0000 - 0x00000206c8fd3000 	C:\Users\HP\.openjfx\cache\18-ea\api-ms-win-crt-heap-l1-1-0.dll
0x00000206c8fe0000 - 0x00000206c8fe3000 	C:\Users\HP\.openjfx\cache\18-ea\api-ms-win-crt-locale-l1-1-0.dll
0x00000206c8ff0000 - 0x00000206c8ff5000 	C:\Users\HP\.openjfx\cache\18-ea\api-ms-win-crt-math-l1-1-0.dll
0x00000206c9000000 - 0x00000206c9005000 	C:\Users\HP\.openjfx\cache\18-ea\api-ms-win-crt-multibyte-l1-1-0.dll
0x00000206c9010000 - 0x00000206c9020000 	C:\Users\HP\.openjfx\cache\18-ea\api-ms-win-crt-private-l1-1-0.dll
0x00000206c9020000 - 0x00000206c9023000 	C:\Users\HP\.openjfx\cache\18-ea\api-ms-win-crt-process-l1-1-0.dll
0x00000206c9030000 - 0x00000206c9034000 	C:\Users\HP\.openjfx\cache\18-ea\api-ms-win-crt-runtime-l1-1-0.dll
0x00000206c9040000 - 0x00000206c9044000 	C:\Users\HP\.openjfx\cache\18-ea\api-ms-win-crt-stdio-l1-1-0.dll
0x00000206c9050000 - 0x00000206c9054000 	C:\Users\HP\.openjfx\cache\18-ea\api-ms-win-crt-string-l1-1-0.dll
0x00000206c9060000 - 0x00000206c9063000 	C:\Users\HP\.openjfx\cache\18-ea\api-ms-win-crt-time-l1-1-0.dll
0x00000206c9070000 - 0x00000206c9073000 	C:\Users\HP\.openjfx\cache\18-ea\api-ms-win-crt-utility-l1-1-0.dll
0x00007ff9a8e20000 - 0x00007ff9a8f1c000 	C:\Users\HP\.openjfx\cache\18-ea\ucrtbase.dll
0x00007ff9dab30000 - 0x00007ff9dab4a000 	C:\Users\HP\.openjfx\cache\18-ea\vcruntime140.dll
0x00007ff9dab20000 - 0x00007ff9dab2c000 	C:\Users\HP\.openjfx\cache\18-ea\vcruntime140_1.dll
0x00007ff9b99e0000 - 0x00007ff9b9a6d000 	C:\Users\HP\.openjfx\cache\18-ea\msvcp140.dll
0x00007ff9daaa0000 - 0x00007ff9daaca000 	C:\Users\HP\.openjfx\cache\18-ea\prism_d3d.dll
0x00007ff9b9a70000 - 0x00007ff9b9c3e000 	C:\Windows\system32\d3d9.dll
0x00007ff9e92f0000 - 0x00007ff9e931f000 	C:\Windows\SYSTEM32\dwmapi.dll
0x00007ff9e9180000 - 0x00007ff9e921e000 	C:\Windows\system32\uxtheme.dll
0x00007ff9a9f70000 - 0x00007ff9aa9dd000 	C:\Windows\SYSTEM32\igdumdim64.dll
0x00007ff9e1750000 - 0x00007ff9e1bb5000 	C:\Windows\SYSTEM32\igdusc64.dll
0x00007ff9c60d0000 - 0x00007ff9c6112000 	C:\Users\HP\.openjfx\cache\18-ea\glass.dll
0x00007ff9ed470000 - 0x00007ff9ed54a000 	C:\Windows\System32\COMDLG32.dll
0x00007ff9ed850000 - 0x00007ff9ed97a000 	C:\Windows\System32\ole32.dll
0x00007ff9ed3a0000 - 0x00007ff9ed46d000 	C:\Windows\System32\OLEAUT32.dll
0x00007ff9eca80000 - 0x00007ff9ecb95000 	C:\Windows\System32\MSCTF.dll
0x00007ff9da340000 - 0x00007ff9da36d000 	C:\Users\HP\.openjfx\cache\18-ea\javafx_iio.dll
0x00007ff9da130000 - 0x00007ff9da144000 	C:\Users\HP\.openjfx\cache\18-ea\javafx_font.dll
0x00007ff9cbcd0000 - 0x00007ff9cbf53000 	C:\Windows\SYSTEM32\dwrite.dll
0x00007ff9edb20000 - 0x00007ff9edbc9000 	C:\Windows\System32\clbcatq.dll
0x00007ff9e4940000 - 0x00007ff9e4af4000 	C:\Windows\SYSTEM32\WindowsCodecs.dll
0x00007ff9ebce0000 - 0x00007ff9ebd07000 	C:\Windows\System32\bcrypt.dll
0x00007ff9c61e0000 - 0x00007ff9c621e000 	C:\Windows\system32\dataexchange.dll
0x00007ff9e81c0000 - 0x00007ff9e8424000 	C:\Windows\system32\d3d11.dll
0x00007ff9e8430000 - 0x00007ff9e8615000 	C:\Windows\system32\dcomp.dll
0x00007ff9ea0d0000 - 0x00007ff9ea1c4000 	C:\Windows\system32\dxgi.dll
0x00007ff9e5570000 - 0x00007ff9e5771000 	C:\Windows\system32\twinapi.appcore.dll
0x00007ff9c5c40000 - 0x00007ff9c5c74000 	C:\Program Files\Common Files\Microsoft Shared\Ink\rtscom.dll
0x00007ff9e0e90000 - 0x00007ff9e0f89000 	C:\Windows\SYSTEM32\textinputframework.dll
0x00007ff9e8de0000 - 0x00007ff9e8ed2000 	C:\Windows\System32\CoreMessaging.dll
0x00007ff9e8700000 - 0x00007ff9e8a5e000 	C:\Windows\System32\CoreUIComponents.dll
0x00007ff9ea4d0000 - 0x00007ff9ea503000 	C:\Windows\SYSTEM32\ntmarta.dll
0x00007ff9e7c00000 - 0x00007ff9e7d54000 	C:\Windows\SYSTEM32\wintypes.dll
0x00007ff9e7380000 - 0x00007ff9e7940000 	C:\Windows\SYSTEM32\d2d1.dll
0x00007ff9e27e0000 - 0x00007ff9e2ed6000 	C:\Windows\SYSTEM32\D3D10Warp.dll
0x00007ff9e27a0000 - 0x00007ff9e27db000 	C:\Windows\SYSTEM32\dxcore.dll
0x00007ff9ec130000 - 0x00007ff9ec17e000 	C:\Windows\System32\cfgmgr32.dll

dbghelp: loaded successfully - version: 4.0.5 - missing functions: none
symbol engine: initialized successfully - sym options: 0x614 - pdb path: .;C:\Users\HP\.jdks\openjdk-20.0.1\bin;C:\Windows\SYSTEM32;C:\Windows\WinSxS\amd64_microsoft.windows.common-controls_6595b64144ccf1df_6.0.19041.1110_none_60b5254171f9507e;C:\Program Files (x86)\360\Total Security\safemon;C:\Users\HP\.jdks\openjdk-20.0.1\bin\server;C:\Program Files\JetBrains\IntelliJ IDEA Community Edition 2024.1\bin;C:\Users\HP\.openjfx\cache\18-ea;C:\Program Files\Common Files\Microsoft Shared\Ink

VM Arguments:
jvm_args: -javaagent:C:\Program Files\JetBrains\IntelliJ IDEA Community Edition 2024.1\lib\idea_rt.jar=60851:C:\Program Files\JetBrains\IntelliJ IDEA Community Edition 2024.1\bin -Dfile.encoding=UTF-8 -Dsun.stdout.encoding=UTF-8 -Dsun.stderr.encoding=UTF-8 --module-path=C:\Users\HP\.m2\repository\org\openjfx\javafx-media\18-ea+2\javafx-media-18-ea+2-win.jar;C:\Users\HP\.m2\repository\org\kordamp\ikonli\ikonli-core\12.2.0\ikonli-core-12.2.0.jar;C:\Users\HP\.m2\repository\eu\hansolo\tilesfx\11.48\tilesfx-11.48.jar;C:\Users\HP\.m2\repository\org\openjfx\javafx-base\18-ea+2\javafx-base-18-ea+2-win.jar;C:\Users\HP\.m2\repository\org\controlsfx\controlsfx\11.1.0\controlsfx-11.1.0.jar;C:\Users\HP\.m2\repository\org\kordamp\bootstrapfx\bootstrapfx-core\0.4.0\bootstrapfx-core-0.4.0.jar;C:\Users\HP\.m2\repository\org\openjfx\javafx-controls\18-ea+2\javafx-controls-18-ea+2-win.jar;C:\Users\HP\.m2\repository\com\dlsc\formsfx\formsfx-core\11.3.2\formsfx-core-11.3.2.jar;C:\Users\HP\.m2\repository\org\kordamp\ikonli\ikonli-javafx\12.2.0\ikonli-javafx-12.2.0.jar;E:\MIAGE\LICENCE 3\SEMESTRE 2\PROGRAMMATION D'APPLICATION\PARTIE 2\java-Web2\target\classes;C:\Users\HP\.m2\repository\org\openjfx\javafx-web\18-ea+2\javafx-web-18-ea+2-win.jar;C:\Users\HP\.m2\repository\org\openjfx\javafx-fxml\18-ea+2\javafx-fxml-18-ea+2-win.jar;C:\Users\HP\.m2\repository\net\synedra\validatorfx\0.1.13\validatorfx-0.1.13.jar;C:\Users\HP\.m2\repository\org\openjfx\javafx-graphics\18-ea+2\javafx-graphics-18-ea+2-win.jar -Djdk.module.main=com.example.javaweb 
java_command: com.example.javaweb/com.example.javaweb.HelloApplication
java_class_path (initial): C:\Users\HP\.m2\repository\org\openjfx\javafx-controls\18-ea+2\javafx-controls-18-ea+2.jar;C:\Users\HP\.m2\repository\org\openjfx\javafx-graphics\18-ea+2\javafx-graphics-18-ea+2.jar;C:\Users\HP\.m2\repository\org\openjfx\javafx-base\18-ea+2\javafx-base-18-ea+2.jar;C:\Users\HP\.m2\repository\org\openjfx\javafx-fxml\18-ea+2\javafx-fxml-18-ea+2.jar;C:\Users\HP\.m2\repository\org\openjfx\javafx-web\18-ea+2\javafx-web-18-ea+2.jar;C:\Users\HP\.m2\repository\org\openjfx\javafx-media\18-ea+2\javafx-media-18-ea+2.jar;C:\Program Files\Java\mysql-connector-j-8.3.0.jar
Launcher Type: SUN_STANDARD

[Global flags]
     intx CICompilerCount                          = 3                                         {product} {ergonomic}
     uint ConcGCThreads                            = 1                                         {product} {ergonomic}
     uint G1ConcRefinementThreads                  = 4                                         {product} {ergonomic}
   size_t G1HeapRegionSize                         = 1048576                                   {product} {ergonomic}
    uintx GCDrainStackTargetSize                   = 64                                        {product} {ergonomic}
   size_t InitialHeapSize                          = 134217728                                 {product} {ergonomic}
   size_t MarkStackSize                            = 4194304                                   {product} {ergonomic}
   size_t MaxHeapSize                              = 2116026368                                {product} {ergonomic}
   size_t MaxNewSize                               = 1268776960                                {product} {ergonomic}
   size_t MinHeapDeltaBytes                        = 1048576                                   {product} {ergonomic}
   size_t MinHeapSize                              = 8388608                                   {product} {ergonomic}
    uintx NonNMethodCodeHeapSize                   = 5832780                                {pd product} {ergonomic}
    uintx NonProfiledCodeHeapSize                  = 122912730                              {pd product} {ergonomic}
    uintx ProfiledCodeHeapSize                     = 122912730                              {pd product} {ergonomic}
    uintx ReservedCodeCacheSize                    = 251658240                              {pd product} {ergonomic}
     bool SegmentedCodeCache                       = true                                      {product} {ergonomic}
   size_t SoftMaxHeapSize                          = 2116026368                             {manageable} {ergonomic}
     bool UseCompressedClassPointers               = true                           {product lp64_product} {ergonomic}
     bool UseCompressedOops                        = true                           {product lp64_product} {ergonomic}
     bool UseG1GC                                  = true                                      {product} {ergonomic}
     bool UseLargePagesIndividualAllocation        = false                                  {pd product} {ergonomic}

Logging:
Log output configuration:
 #0: stdout all=warning uptime,level,tags foldmultilines=false
 #1: stderr all=off uptime,level,tags foldmultilines=false

Environment Variables:
PATH=C:\Program Files (x86)\Common Files\Oracle\Java\javapath;C:\Program Files\Common Files\Oracle\Java\javapath;C:\Windows\system32;C:\Windows;C:\Windows\System32\Wbem;C:\Windows\System32\WindowsPowerShell\v1.0\;C:\Windows\System32\OpenSSH\;C:\Program Files\Microsoft\Web Platform Installer\;C:\Program Files (x86)\Microsoft ASP.NET\ASP.NET Web Pages\v1.0\;C:\Program Files (x86)\Microsoft SQL Server\150\Tools\Binn\;C:\Program Files\Microsoft SQL Server\150\Tools\Binn\;C:\Program Files\Microsoft SQL Server\150\DTS\Binn\;C:\Program Files\Microsoft SQL Server\Client SDK\ODBC\170\Tools\Binn\;C:\Program Files (x86)\sbt\bin;C:\Program Files\Azure Data Studio\bin;C:\Program Files (x86)\Microsoft SQL Server\150\DTS\Binn\;C:\wamp64\bin\php\php8.2.0;C:\ProgramData\ComposerSetup\bin;C:\Program Files\nodejs\;C:\Program Files\Git\cmd;C:\Users\HP\.console-ninja\.bin;C:\Users\HP\AppData\Local\Microsoft\WindowsApps;C:\Users\HP\AppData\Local\GitHubDesktop\bin;C:\Program Files\Java\jdk-18.0.1.1\lib\mysql-connector-java-5.1.47;C:\Program Files\Azure Data Studio\bin;C:\src\flutter\flutter\bin;C:\Users\HP\AppData\Roaming\Composer\vendor\bin;C:\Users\HP\AppData\Local\Programs\Microsoft VS Code2\bin;C:\Users\HP\AppData\Roaming\npm
USERNAME=HP
OS=Windows_NT
PROCESSOR_IDENTIFIER=Intel64 Family 6 Model 58 Stepping 9, GenuineIntel
TMP=C:\Users\HP\AppData\Local\Temp
TEMP=C:\Users\HP\AppData\Local\Temp




---------------  S Y S T E M  ---------------

OS:
 Windows 10 , 64 bit Build 19041 (10.0.19041.1202)
OS uptime: 1 days 14:20 hours

CPU: total 4 (initial active 4) (2 cores per cpu, 2 threads per core) family 6 model 58 stepping 9 microcode 0x21, cx8, cmov, fxsr, ht, mmx, sse, sse2, sse3, ssse3, sse4.1, sse4.2, popcnt, tsc, tscinvbit, avx, aes, erms, clmul, vzeroupper, clflush, rdtscp, f16c

Memory: 4k page, system-wide physical 8071M (892M free)
TotalPageFile size 13071M (AvailPageFile size 2M)
current process WorkingSet (physical memory assigned to process): 367M, peak: 381M
current process commit charge ("private bytes"): 434M, peak: 452M

vm_info: OpenJDK 64-Bit Server VM (20.0.1+9-29) for windows-amd64 JRE (20.0.1+9-29), built on 2023-03-07T13:56:11Z by "mach5one" with MS VC++ 17.1 (VS2022)

END.
