#
# There is insufficient memory for the Java Runtime Environment to continue.
# Native memory allocation (malloc) failed to allocate 251696 bytes for Chunk::new
# Possible reasons:
#   The system is out of physical RAM or swap space
#   The process is running with CompressedOops enabled, and the Java Heap may be blocking the growth of the native heap
# Possible solutions:
#   Reduce memory load on the system
#   Increase physical memory or swap space
#   Check if swap backing store is full
#   Decrease Java heap size (-Xmx/-Xms)
#   Decrease number of Java threads
#   Decrease Java thread stack sizes (-Xss)
#   Set larger code cache with -XX:ReservedCodeCacheSize=
#   JVM is running with Unscaled Compressed Oops mode in which the Java heap is
#     placed in the first 4GB address space. The Java Heap base address is the
#     maximum limit for the native heap growth. Please use -XX:HeapBaseMinAddress
#     to set the Java Heap base and to place the Java Heap above 4GB virtual address.
# This output file may be truncated or incomplete.
#
#  Out of Memory Error (arena.cpp:184), pid=10844, tid=8252
#
# JRE version: OpenJDK Runtime Environment (20.0.1+9) (build 20.0.1+9-29)
# Java VM: OpenJDK 64-Bit Server VM (20.0.1+9-29, mixed mode, sharing, tiered, compressed oops, compressed class ptrs, g1 gc, windows-amd64)
# No core dump will be written. Minidumps are not enabled by default on client versions of Windows
#

---------------  S U M M A R Y ------------

Command Line: -javaagent:C:\Program Files\JetBrains\IntelliJ IDEA Community Edition 2024.1\lib\idea_rt.jar=52914:C:\Program Files\JetBrains\IntelliJ IDEA Community Edition 2024.1\bin -Dfile.encoding=UTF-8 -Dsun.stdout.encoding=UTF-8 -Dsun.stderr.encoding=UTF-8 --module-path=C:\Users\HP\.m2\repository\org\openjfx\javafx-media\18-ea+2\javafx-media-18-ea+2-win.jar;C:\Users\HP\.m2\repository\org\openjfx\javafx-base\18-ea+2\javafx-base-18-ea+2-win.jar;C:\Users\HP\.m2\repository\org\openjfx\javafx-fxml\18-ea+2\javafx-fxml-18-ea+2-win.jar;C:\Users\HP\.m2\repository\org\controlsfx\controlsfx\11.1.0\controlsfx-11.1.0.jar;C:\Users\HP\.m2\repository\net\synedra\validatorfx\0.1.13\validatorfx-0.1.13.jar;C:\Users\HP\.m2\repository\com\dlsc\formsfx\formsfx-core\11.3.2\formsfx-core-11.3.2.jar;C:\Users\HP\.m2\repository\org\kordamp\bootstrapfx\bootstrapfx-core\0.4.0\bootstrapfx-core-0.4.0.jar;C:\Users\HP\.m2\repository\org\openjfx\javafx-web\18-ea+2\javafx-web-18-ea+2-win.jar;C:\Users\HP\.m2\repository\org\openjfx\javafx-controls\18-ea+2\javafx-controls-18-ea+2-win.jar;E:\MIAGE\LICENCE 3\SEMESTRE 2\PROGRAMMATION D'APPLICATION\PARTIE 2\java-Web-master\target\classes;C:\Users\HP\.m2\repository\org\kordamp\ikonli\ikonli-core\12.2.0\ikonli-core-12.2.0.jar;C:\Users\HP\.m2\repository\eu\hansolo\tilesfx\11.48\tilesfx-11.48.jar;C:\Users\HP\.m2\repository\org\kordamp\ikonli\ikonli-javafx\12.2.0\ikonli-javafx-12.2.0.jar;C:\Users\HP\.m2\repository\org\openjfx\javafx-graphics\18-ea+2\javafx-graphics-18-ea+2-win.jar -Djdk.module.main=com.example.javaweb com.example.javaweb/com.example.javaweb.HelloApplication

Host: Intel(R) Core(TM) i5-3320M CPU @ 2.60GHz, 4 cores, 7G,  Windows 10 , 64 bit Build 19041 (10.0.19041.1202)
Time: Wed May 29 15:28:51 2024 Greenwich elapsed time: 0.772295 seconds (0d 0h 0m 0s)

---------------  T H R E A D  ---------------

Current thread (0x0000026cfed0e880):  JavaThread "C2 CompilerThread0" daemon [_thread_in_native, id=8252, stack(0x000000a0eba00000,0x000000a0ebb00000)]


Current CompileTask:
C2:    772  819       4       sun.security.provider.MD5::implCompress0 (1407 bytes)

Stack: [0x000000a0eba00000,0x000000a0ebb00000]
Native frames: (J=compiled Java code, j=interpreted, Vv=VM code, C=native code)
V  [jvm.dll+0x6bb95a]
V  [jvm.dll+0x8485fa]
V  [jvm.dll+0x84a1f5]
V  [jvm.dll+0x84a8f3]
V  [jvm.dll+0x280b0f]
V  [jvm.dll+0xc2b11]
V  [jvm.dll+0xc2e35]
V  [jvm.dll+0x3bb17c]
V  [jvm.dll+0x3857f5]
V  [jvm.dll+0x384c6a]
V  [jvm.dll+0x24b259]
V  [jvm.dll+0x24a651]
V  [jvm.dll+0x1ce491]
V  [jvm.dll+0x259e1b]
V  [jvm.dll+0x2584f0]
V  [jvm.dll+0x3f2895]
V  [jvm.dll+0x7f4b56]
V  [jvm.dll+0x6ba5cb]
C  [ucrtbase.dll+0x21bb2]
C  [KERNEL32.DLL+0x17034]
C  [ntdll.dll+0x52651]


---------------  P R O C E S S  ---------------

Threads class SMR info:
_java_thread_list=0x0000026c9d52a780, length=13, elements={
0x0000026cfbbc6550, 0x0000026cfecf7660, 0x0000026cfecf9110, 0x0000026cfecfb480,
0x0000026cfecfbdc0, 0x0000026cfecfd710, 0x0000026cfecfe420, 0x0000026cfed0e880,
0x0000026cfed31220, 0x0000026c9d22ed50, 0x0000026c9d26e940, 0x0000026c9d4e6400,
0x0000026c9d4e6950
}

Java Threads: ( => current thread )
  0x0000026cfbbc6550 JavaThread "main" [_thread_in_native, id=12184, stack(0x000000a0ead00000,0x000000a0eae00000)]
  0x0000026cfecf7660 JavaThread "Reference Handler" daemon [_thread_blocked, id=7992, stack(0x000000a0eb400000,0x000000a0eb500000)]
  0x0000026cfecf9110 JavaThread "Finalizer" daemon [_thread_blocked, id=11336, stack(0x000000a0eb500000,0x000000a0eb600000)]
  0x0000026cfecfb480 JavaThread "Signal Dispatcher" daemon [_thread_blocked, id=8552, stack(0x000000a0eb600000,0x000000a0eb700000)]
  0x0000026cfecfbdc0 JavaThread "Attach Listener" daemon [_thread_blocked, id=3976, stack(0x000000a0eb700000,0x000000a0eb800000)]
  0x0000026cfecfd710 JavaThread "Service Thread" daemon [_thread_blocked, id=10184, stack(0x000000a0eb800000,0x000000a0eb900000)]
  0x0000026cfecfe420 JavaThread "Monitor Deflation Thread" daemon [_thread_blocked, id=9332, stack(0x000000a0eb900000,0x000000a0eba00000)]
=>0x0000026cfed0e880 JavaThread "C2 CompilerThread0" daemon [_thread_in_native, id=8252, stack(0x000000a0eba00000,0x000000a0ebb00000)]
  0x0000026cfed31220 JavaThread "C1 CompilerThread0" daemon [_thread_blocked, id=11224, stack(0x000000a0ebb00000,0x000000a0ebc00000)]
  0x0000026c9d22ed50 JavaThread "Common-Cleaner" daemon [_thread_blocked, id=11384, stack(0x000000a0ebc00000,0x000000a0ebd00000)]
  0x0000026c9d26e940 JavaThread "C2 CompilerThread1" daemon [_thread_blocked, id=10648, stack(0x000000a0ebd00000,0x000000a0ebe00000)]
  0x0000026c9d4e6400 JavaThread "Monitor Ctrl-Break" daemon [_thread_in_native, id=12796, stack(0x000000a0ebe00000,0x000000a0ebf00000)]
  0x0000026c9d4e6950 JavaThread "Notification Thread" daemon [_thread_blocked, id=10436, stack(0x000000a0ebf00000,0x000000a0ec000000)]

Other Threads:
  0x0000026cfecd9690 VMThread "VM Thread" [stack: 0x000000a0eb300000,0x000000a0eb400000] [id=8516]
  0x0000026c9d3e4420 WatcherThread "VM Periodic Task Thread" [stack: 0x000000a0ec000000,0x000000a0ec100000] [id=11324]
  0x0000026cfbc1e680 WorkerThread "GC Thread#0" [stack: 0x000000a0eae00000,0x000000a0eaf00000] [id=8520]
  0x0000026c9d897350 WorkerThread "GC Thread#1" [stack: 0x000000a0ec100000,0x000000a0ec200000] [id=1560]
  0x0000026c9d897e30 WorkerThread "GC Thread#2" [stack: 0x000000a0ec200000,0x000000a0ec300000] [id=5936]
  0x0000026c9d8b6910 WorkerThread "GC Thread#3" [stack: 0x000000a0ec300000,0x000000a0ec400000] [id=3808]
  0x0000026cfbc2f280 ConcurrentGCThread "G1 Main Marker" [stack: 0x000000a0eaf00000,0x000000a0eb000000] [id=3448]
  0x0000026cfbc307d0 WorkerThread "G1 Conc#0" [stack: 0x000000a0eb000000,0x000000a0eb100000] [id=7476]
  0x0000026cfbc6d7b0 ConcurrentGCThread "G1 Refine#0" [stack: 0x000000a0eb100000,0x000000a0eb200000] [id=10164]
  0x0000026cfbc6e060 ConcurrentGCThread "G1 Service" [stack: 0x000000a0eb200000,0x000000a0eb300000] [id=3564]

Threads with active compile tasks:
C2 CompilerThread0      872  819       4       sun.security.provider.MD5::implCompress0 (1407 bytes)

VM state: not at safepoint (normal execution)

VM Mutex/Monitor currently owned by a thread: None

Heap address: 0x0000000081e00000, size: 2018 MB, Compressed Oops mode: 32-bit

CDS archive(s) mapped at: [0x0000000800000000-0x0000000800c60000-0x0000000800c60000), size 12976128, SharedBaseAddress: 0x0000000800000000, ArchiveRelocationMode: 0.
Compressed class space mapped at: 0x0000000801000000-0x0000000841000000, reserved size: 1073741824
Narrow klass base: 0x0000000800000000, Narrow klass shift: 0, Narrow klass range: 0x100000000

GC Precious Log:
 CardTable entry size: 512
 Card Set container configuration: InlinePtr #cards 5 size 8 Array Of Cards #cards 12 size 40 Howl #buckets 4 coarsen threshold 1843 Howl Bitmap #cards 512 size 80 coarsen threshold 460 Card regions per heap region 1 cards per card region 2048
 CPUs: 4 total, 4 available
 Memory: 8071M
 Large Page Support: Disabled
 NUMA Support: Disabled
 Compressed Oops: Enabled (32-bit)
 Heap Region Size: 1M
 Heap Min Capacity: 8M
 Heap Initial Capacity: 128M
 Heap Max Capacity: 2018M
 Pre-touch: Disabled
 Parallel Workers: 4
 Concurrent Workers: 1
 Concurrent Refinement Workers: 4
 Periodic GC: Disabled

Heap:
 garbage-first heap   total 131072K, used 2895K [0x0000000081e00000, 0x0000000100000000)
  region size 1024K, 4 young (4096K), 2 survivors (2048K)
 Metaspace       used 2509K, committed 2688K, reserved 1114112K
  class space    used 259K, committed 320K, reserved 1048576K

Heap Regions: E=young(eden), S=young(survivor), O=old, HS=humongous(starts), HC=humongous(continues), CS=collection set, F=free, OA=open archive, CA=closed archive, TAMS=top-at-mark-start, PB=parsable bottom
|   0|0x0000000081e00000, 0x0000000081e00000, 0x0000000081f00000|  0%| F|  |TAMS 0x0000000081e00000| PB 0x0000000081e00000| Untracked 
|   1|0x0000000081f00000, 0x0000000081f00000, 0x0000000082000000|  0%| F|  |TAMS 0x0000000081f00000| PB 0x0000000081f00000| Untracked 
|   2|0x0000000082000000, 0x0000000082000000, 0x0000000082100000|  0%| F|  |TAMS 0x0000000082000000| PB 0x0000000082000000| Untracked 
|   3|0x0000000082100000, 0x0000000082100000, 0x0000000082200000|  0%| F|  |TAMS 0x0000000082100000| PB 0x0000000082100000| Untracked 
|   4|0x0000000082200000, 0x0000000082200000, 0x0000000082300000|  0%| F|  |TAMS 0x0000000082200000| PB 0x0000000082200000| Untracked 
|   5|0x0000000082300000, 0x0000000082300000, 0x0000000082400000|  0%| F|  |TAMS 0x0000000082300000| PB 0x0000000082300000| Untracked 
|   6|0x0000000082400000, 0x0000000082400000, 0x0000000082500000|  0%| F|  |TAMS 0x0000000082400000| PB 0x0000000082400000| Untracked 
|   7|0x0000000082500000, 0x0000000082500000, 0x0000000082600000|  0%| F|  |TAMS 0x0000000082500000| PB 0x0000000082500000| Untracked 
|   8|0x0000000082600000, 0x0000000082600000, 0x0000000082700000|  0%| F|  |TAMS 0x0000000082600000| PB 0x0000000082600000| Untracked 
|   9|0x0000000082700000, 0x0000000082700000, 0x0000000082800000|  0%| F|  |TAMS 0x0000000082700000| PB 0x0000000082700000| Untracked 
|  10|0x0000000082800000, 0x0000000082800000, 0x0000000082900000|  0%| F|  |TAMS 0x0000000082800000| PB 0x0000000082800000| Untracked 
|  11|0x0000000082900000, 0x0000000082900000, 0x0000000082a00000|  0%| F|  |TAMS 0x0000000082900000| PB 0x0000000082900000| Untracked 
|  12|0x0000000082a00000, 0x0000000082a00000, 0x0000000082b00000|  0%| F|  |TAMS 0x0000000082a00000| PB 0x0000000082a00000| Untracked 
|  13|0x0000000082b00000, 0x0000000082b00000, 0x0000000082c00000|  0%| F|  |TAMS 0x0000000082b00000| PB 0x0000000082b00000| Untracked 
|  14|0x0000000082c00000, 0x0000000082c00000, 0x0000000082d00000|  0%| F|  |TAMS 0x0000000082c00000| PB 0x0000000082c00000| Untracked 
|  15|0x0000000082d00000, 0x0000000082d00000, 0x0000000082e00000|  0%| F|  |TAMS 0x0000000082d00000| PB 0x0000000082d00000| Untracked 
|  16|0x0000000082e00000, 0x0000000082e00000, 0x0000000082f00000|  0%| F|  |TAMS 0x0000000082e00000| PB 0x0000000082e00000| Untracked 
|  17|0x0000000082f00000, 0x0000000082f00000, 0x0000000083000000|  0%| F|  |TAMS 0x0000000082f00000| PB 0x0000000082f00000| Untracked 
|  18|0x0000000083000000, 0x0000000083000000, 0x0000000083100000|  0%| F|  |TAMS 0x0000000083000000| PB 0x0000000083000000| Untracked 
|  19|0x0000000083100000, 0x0000000083100000, 0x0000000083200000|  0%| F|  |TAMS 0x0000000083100000| PB 0x0000000083100000| Untracked 
|  20|0x0000000083200000, 0x0000000083200000, 0x0000000083300000|  0%| F|  |TAMS 0x0000000083200000| PB 0x0000000083200000| Untracked 
|  21|0x0000000083300000, 0x0000000083300000, 0x0000000083400000|  0%| F|  |TAMS 0x0000000083300000| PB 0x0000000083300000| Untracked 
|  22|0x0000000083400000, 0x0000000083400000, 0x0000000083500000|  0%| F|  |TAMS 0x0000000083400000| PB 0x0000000083400000| Untracked 
|  23|0x0000000083500000, 0x0000000083500000, 0x0000000083600000|  0%| F|  |TAMS 0x0000000083500000| PB 0x0000000083500000| Untracked 
|  24|0x0000000083600000, 0x0000000083600000, 0x0000000083700000|  0%| F|  |TAMS 0x0000000083600000| PB 0x0000000083600000| Untracked 
|  25|0x0000000083700000, 0x0000000083700000, 0x0000000083800000|  0%| F|  |TAMS 0x0000000083700000| PB 0x0000000083700000| Untracked 
|  26|0x0000000083800000, 0x0000000083800000, 0x0000000083900000|  0%| F|  |TAMS 0x0000000083800000| PB 0x0000000083800000| Untracked 
|  27|0x0000000083900000, 0x0000000083900000, 0x0000000083a00000|  0%| F|  |TAMS 0x0000000083900000| PB 0x0000000083900000| Untracked 
|  28|0x0000000083a00000, 0x0000000083a00000, 0x0000000083b00000|  0%| F|  |TAMS 0x0000000083a00000| PB 0x0000000083a00000| Untracked 
|  29|0x0000000083b00000, 0x0000000083b00000, 0x0000000083c00000|  0%| F|  |TAMS 0x0000000083b00000| PB 0x0000000083b00000| Untracked 
|  30|0x0000000083c00000, 0x0000000083c00000, 0x0000000083d00000|  0%| F|  |TAMS 0x0000000083c00000| PB 0x0000000083c00000| Untracked 
|  31|0x0000000083d00000, 0x0000000083d00000, 0x0000000083e00000|  0%| F|  |TAMS 0x0000000083d00000| PB 0x0000000083d00000| Untracked 
|  32|0x0000000083e00000, 0x0000000083e00000, 0x0000000083f00000|  0%| F|  |TAMS 0x0000000083e00000| PB 0x0000000083e00000| Untracked 
|  33|0x0000000083f00000, 0x0000000083f00000, 0x0000000084000000|  0%| F|  |TAMS 0x0000000083f00000| PB 0x0000000083f00000| Untracked 
|  34|0x0000000084000000, 0x0000000084000000, 0x0000000084100000|  0%| F|  |TAMS 0x0000000084000000| PB 0x0000000084000000| Untracked 
|  35|0x0000000084100000, 0x0000000084100000, 0x0000000084200000|  0%| F|  |TAMS 0x0000000084100000| PB 0x0000000084100000| Untracked 
|  36|0x0000000084200000, 0x0000000084200000, 0x0000000084300000|  0%| F|  |TAMS 0x0000000084200000| PB 0x0000000084200000| Untracked 
|  37|0x0000000084300000, 0x0000000084300000, 0x0000000084400000|  0%| F|  |TAMS 0x0000000084300000| PB 0x0000000084300000| Untracked 
|  38|0x0000000084400000, 0x0000000084400000, 0x0000000084500000|  0%| F|  |TAMS 0x0000000084400000| PB 0x0000000084400000| Untracked 
|  39|0x0000000084500000, 0x0000000084500000, 0x0000000084600000|  0%| F|  |TAMS 0x0000000084500000| PB 0x0000000084500000| Untracked 
|  40|0x0000000084600000, 0x0000000084600000, 0x0000000084700000|  0%| F|  |TAMS 0x0000000084600000| PB 0x0000000084600000| Untracked 
|  41|0x0000000084700000, 0x0000000084700000, 0x0000000084800000|  0%| F|  |TAMS 0x0000000084700000| PB 0x0000000084700000| Untracked 
|  42|0x0000000084800000, 0x0000000084800000, 0x0000000084900000|  0%| F|  |TAMS 0x0000000084800000| PB 0x0000000084800000| Untracked 
|  43|0x0000000084900000, 0x0000000084900000, 0x0000000084a00000|  0%| F|  |TAMS 0x0000000084900000| PB 0x0000000084900000| Untracked 
|  44|0x0000000084a00000, 0x0000000084a00000, 0x0000000084b00000|  0%| F|  |TAMS 0x0000000084a00000| PB 0x0000000084a00000| Untracked 
|  45|0x0000000084b00000, 0x0000000084b00000, 0x0000000084c00000|  0%| F|  |TAMS 0x0000000084b00000| PB 0x0000000084b00000| Untracked 
|  46|0x0000000084c00000, 0x0000000084c00000, 0x0000000084d00000|  0%| F|  |TAMS 0x0000000084c00000| PB 0x0000000084c00000| Untracked 
|  47|0x0000000084d00000, 0x0000000084d00000, 0x0000000084e00000|  0%| F|  |TAMS 0x0000000084d00000| PB 0x0000000084d00000| Untracked 
|  48|0x0000000084e00000, 0x0000000084e00000, 0x0000000084f00000|  0%| F|  |TAMS 0x0000000084e00000| PB 0x0000000084e00000| Untracked 
|  49|0x0000000084f00000, 0x0000000084f00000, 0x0000000085000000|  0%| F|  |TAMS 0x0000000084f00000| PB 0x0000000084f00000| Untracked 
|  50|0x0000000085000000, 0x0000000085000000, 0x0000000085100000|  0%| F|  |TAMS 0x0000000085000000| PB 0x0000000085000000| Untracked 
|  51|0x0000000085100000, 0x0000000085100000, 0x0000000085200000|  0%| F|  |TAMS 0x0000000085100000| PB 0x0000000085100000| Untracked 
|  52|0x0000000085200000, 0x0000000085200000, 0x0000000085300000|  0%| F|  |TAMS 0x0000000085200000| PB 0x0000000085200000| Untracked 
|  53|0x0000000085300000, 0x0000000085300000, 0x0000000085400000|  0%| F|  |TAMS 0x0000000085300000| PB 0x0000000085300000| Untracked 
|  54|0x0000000085400000, 0x0000000085400000, 0x0000000085500000|  0%| F|  |TAMS 0x0000000085400000| PB 0x0000000085400000| Untracked 
|  55|0x0000000085500000, 0x0000000085500000, 0x0000000085600000|  0%| F|  |TAMS 0x0000000085500000| PB 0x0000000085500000| Untracked 
|  56|0x0000000085600000, 0x0000000085600000, 0x0000000085700000|  0%| F|  |TAMS 0x0000000085600000| PB 0x0000000085600000| Untracked 
|  57|0x0000000085700000, 0x0000000085700000, 0x0000000085800000|  0%| F|  |TAMS 0x0000000085700000| PB 0x0000000085700000| Untracked 
|  58|0x0000000085800000, 0x0000000085800000, 0x0000000085900000|  0%| F|  |TAMS 0x0000000085800000| PB 0x0000000085800000| Untracked 
|  59|0x0000000085900000, 0x0000000085900000, 0x0000000085a00000|  0%| F|  |TAMS 0x0000000085900000| PB 0x0000000085900000| Untracked 
|  60|0x0000000085a00000, 0x0000000085a00000, 0x0000000085b00000|  0%| F|  |TAMS 0x0000000085a00000| PB 0x0000000085a00000| Untracked 
|  61|0x0000000085b00000, 0x0000000085b00000, 0x0000000085c00000|  0%| F|  |TAMS 0x0000000085b00000| PB 0x0000000085b00000| Untracked 
|  62|0x0000000085c00000, 0x0000000085c00000, 0x0000000085d00000|  0%| F|  |TAMS 0x0000000085c00000| PB 0x0000000085c00000| Untracked 
|  63|0x0000000085d00000, 0x0000000085d00000, 0x0000000085e00000|  0%| F|  |TAMS 0x0000000085d00000| PB 0x0000000085d00000| Untracked 
|  64|0x0000000085e00000, 0x0000000085e00000, 0x0000000085f00000|  0%| F|  |TAMS 0x0000000085e00000| PB 0x0000000085e00000| Untracked 
|  65|0x0000000085f00000, 0x0000000085f00000, 0x0000000086000000|  0%| F|  |TAMS 0x0000000085f00000| PB 0x0000000085f00000| Untracked 
|  66|0x0000000086000000, 0x0000000086000000, 0x0000000086100000|  0%| F|  |TAMS 0x0000000086000000| PB 0x0000000086000000| Untracked 
|  67|0x0000000086100000, 0x0000000086100000, 0x0000000086200000|  0%| F|  |TAMS 0x0000000086100000| PB 0x0000000086100000| Untracked 
|  68|0x0000000086200000, 0x0000000086200000, 0x0000000086300000|  0%| F|  |TAMS 0x0000000086200000| PB 0x0000000086200000| Untracked 
|  69|0x0000000086300000, 0x0000000086300000, 0x0000000086400000|  0%| F|  |TAMS 0x0000000086300000| PB 0x0000000086300000| Untracked 
|  70|0x0000000086400000, 0x0000000086400000, 0x0000000086500000|  0%| F|  |TAMS 0x0000000086400000| PB 0x0000000086400000| Untracked 
|  71|0x0000000086500000, 0x0000000086500000, 0x0000000086600000|  0%| F|  |TAMS 0x0000000086500000| PB 0x0000000086500000| Untracked 
|  72|0x0000000086600000, 0x0000000086600000, 0x0000000086700000|  0%| F|  |TAMS 0x0000000086600000| PB 0x0000000086600000| Untracked 
|  73|0x0000000086700000, 0x0000000086700000, 0x0000000086800000|  0%| F|  |TAMS 0x0000000086700000| PB 0x0000000086700000| Untracked 
|  74|0x0000000086800000, 0x0000000086800000, 0x0000000086900000|  0%| F|  |TAMS 0x0000000086800000| PB 0x0000000086800000| Untracked 
|  75|0x0000000086900000, 0x0000000086900000, 0x0000000086a00000|  0%| F|  |TAMS 0x0000000086900000| PB 0x0000000086900000| Untracked 
|  76|0x0000000086a00000, 0x0000000086a00000, 0x0000000086b00000|  0%| F|  |TAMS 0x0000000086a00000| PB 0x0000000086a00000| Untracked 
|  77|0x0000000086b00000, 0x0000000086b00000, 0x0000000086c00000|  0%| F|  |TAMS 0x0000000086b00000| PB 0x0000000086b00000| Untracked 
|  78|0x0000000086c00000, 0x0000000086c00000, 0x0000000086d00000|  0%| F|  |TAMS 0x0000000086c00000| PB 0x0000000086c00000| Untracked 
|  79|0x0000000086d00000, 0x0000000086d00000, 0x0000000086e00000|  0%| F|  |TAMS 0x0000000086d00000| PB 0x0000000086d00000| Untracked 
|  80|0x0000000086e00000, 0x0000000086e00000, 0x0000000086f00000|  0%| F|  |TAMS 0x0000000086e00000| PB 0x0000000086e00000| Untracked 
|  81|0x0000000086f00000, 0x0000000086f00000, 0x0000000087000000|  0%| F|  |TAMS 0x0000000086f00000| PB 0x0000000086f00000| Untracked 
|  82|0x0000000087000000, 0x0000000087000000, 0x0000000087100000|  0%| F|  |TAMS 0x0000000087000000| PB 0x0000000087000000| Untracked 
|  83|0x0000000087100000, 0x0000000087100000, 0x0000000087200000|  0%| F|  |TAMS 0x0000000087100000| PB 0x0000000087100000| Untracked 
|  84|0x0000000087200000, 0x0000000087200000, 0x0000000087300000|  0%| F|  |TAMS 0x0000000087200000| PB 0x0000000087200000| Untracked 
|  85|0x0000000087300000, 0x0000000087300000, 0x0000000087400000|  0%| F|  |TAMS 0x0000000087300000| PB 0x0000000087300000| Untracked 
|  86|0x0000000087400000, 0x0000000087400000, 0x0000000087500000|  0%| F|  |TAMS 0x0000000087400000| PB 0x0000000087400000| Untracked 
|  87|0x0000000087500000, 0x0000000087500000, 0x0000000087600000|  0%| F|  |TAMS 0x0000000087500000| PB 0x0000000087500000| Untracked 
|  88|0x0000000087600000, 0x0000000087600000, 0x0000000087700000|  0%| F|  |TAMS 0x0000000087600000| PB 0x0000000087600000| Untracked 
|  89|0x0000000087700000, 0x0000000087700000, 0x0000000087800000|  0%| F|  |TAMS 0x0000000087700000| PB 0x0000000087700000| Untracked 
|  90|0x0000000087800000, 0x0000000087800000, 0x0000000087900000|  0%| F|  |TAMS 0x0000000087800000| PB 0x0000000087800000| Untracked 
|  91|0x0000000087900000, 0x0000000087900000, 0x0000000087a00000|  0%| F|  |TAMS 0x0000000087900000| PB 0x0000000087900000| Untracked 
|  92|0x0000000087a00000, 0x0000000087a00000, 0x0000000087b00000|  0%| F|  |TAMS 0x0000000087a00000| PB 0x0000000087a00000| Untracked 
|  93|0x0000000087b00000, 0x0000000087b00000, 0x0000000087c00000|  0%| F|  |TAMS 0x0000000087b00000| PB 0x0000000087b00000| Untracked 
|  94|0x0000000087c00000, 0x0000000087c00000, 0x0000000087d00000|  0%| F|  |TAMS 0x0000000087c00000| PB 0x0000000087c00000| Untracked 
|  95|0x0000000087d00000, 0x0000000087d00000, 0x0000000087e00000|  0%| F|  |TAMS 0x0000000087d00000| PB 0x0000000087d00000| Untracked 
|  96|0x0000000087e00000, 0x0000000087e00000, 0x0000000087f00000|  0%| F|  |TAMS 0x0000000087e00000| PB 0x0000000087e00000| Untracked 
|  97|0x0000000087f00000, 0x0000000087f00000, 0x0000000088000000|  0%| F|  |TAMS 0x0000000087f00000| PB 0x0000000087f00000| Untracked 
|  98|0x0000000088000000, 0x0000000088000000, 0x0000000088100000|  0%| F|  |TAMS 0x0000000088000000| PB 0x0000000088000000| Untracked 
|  99|0x0000000088100000, 0x0000000088100000, 0x0000000088200000|  0%| F|  |TAMS 0x0000000088100000| PB 0x0000000088100000| Untracked 
| 100|0x0000000088200000, 0x0000000088200000, 0x0000000088300000|  0%| F|  |TAMS 0x0000000088200000| PB 0x0000000088200000| Untracked 
| 101|0x0000000088300000, 0x0000000088300000, 0x0000000088400000|  0%| F|  |TAMS 0x0000000088300000| PB 0x0000000088300000| Untracked 
| 102|0x0000000088400000, 0x0000000088400000, 0x0000000088500000|  0%| F|  |TAMS 0x0000000088400000| PB 0x0000000088400000| Untracked 
| 103|0x0000000088500000, 0x0000000088500000, 0x0000000088600000|  0%| F|  |TAMS 0x0000000088500000| PB 0x0000000088500000| Untracked 
| 104|0x0000000088600000, 0x0000000088600000, 0x0000000088700000|  0%| F|  |TAMS 0x0000000088600000| PB 0x0000000088600000| Untracked 
| 105|0x0000000088700000, 0x0000000088700000, 0x0000000088800000|  0%| F|  |TAMS 0x0000000088700000| PB 0x0000000088700000| Untracked 
| 106|0x0000000088800000, 0x0000000088800000, 0x0000000088900000|  0%| F|  |TAMS 0x0000000088800000| PB 0x0000000088800000| Untracked 
| 107|0x0000000088900000, 0x0000000088900000, 0x0000000088a00000|  0%| F|  |TAMS 0x0000000088900000| PB 0x0000000088900000| Untracked 
| 108|0x0000000088a00000, 0x0000000088a00000, 0x0000000088b00000|  0%| F|  |TAMS 0x0000000088a00000| PB 0x0000000088a00000| Untracked 
| 109|0x0000000088b00000, 0x0000000088b00000, 0x0000000088c00000|  0%| F|  |TAMS 0x0000000088b00000| PB 0x0000000088b00000| Untracked 
| 110|0x0000000088c00000, 0x0000000088c00000, 0x0000000088d00000|  0%| F|  |TAMS 0x0000000088c00000| PB 0x0000000088c00000| Untracked 
| 111|0x0000000088d00000, 0x0000000088d00000, 0x0000000088e00000|  0%| F|  |TAMS 0x0000000088d00000| PB 0x0000000088d00000| Untracked 
| 112|0x0000000088e00000, 0x0000000088e00000, 0x0000000088f00000|  0%| F|  |TAMS 0x0000000088e00000| PB 0x0000000088e00000| Untracked 
| 113|0x0000000088f00000, 0x0000000088fd3e88, 0x0000000089000000| 82%| S|CS|TAMS 0x0000000088f00000| PB 0x0000000088f00000| Complete 
| 114|0x0000000089000000, 0x0000000089100000, 0x0000000089100000|100%| S|CS|TAMS 0x0000000089000000| PB 0x0000000089000000| Complete 
| 115|0x0000000089100000, 0x0000000089100000, 0x0000000089200000|  0%| F|  |TAMS 0x0000000089100000| PB 0x0000000089100000| Untracked 
| 116|0x0000000089200000, 0x0000000089200000, 0x0000000089300000|  0%| F|  |TAMS 0x0000000089200000| PB 0x0000000089200000| Untracked 
| 117|0x0000000089300000, 0x0000000089300000, 0x0000000089400000|  0%| F|  |TAMS 0x0000000089300000| PB 0x0000000089300000| Untracked 
| 118|0x0000000089400000, 0x0000000089400000, 0x0000000089500000|  0%| F|  |TAMS 0x0000000089400000| PB 0x0000000089400000| Untracked 
| 119|0x0000000089500000, 0x0000000089500000, 0x0000000089600000|  0%| F|  |TAMS 0x0000000089500000| PB 0x0000000089500000| Untracked 
| 120|0x0000000089600000, 0x0000000089600000, 0x0000000089700000|  0%| F|  |TAMS 0x0000000089600000| PB 0x0000000089600000| Untracked 
| 121|0x0000000089700000, 0x0000000089700000, 0x0000000089800000|  0%| F|  |TAMS 0x0000000089700000| PB 0x0000000089700000| Untracked 
| 122|0x0000000089800000, 0x0000000089800000, 0x0000000089900000|  0%| F|  |TAMS 0x0000000089800000| PB 0x0000000089800000| Untracked 
| 123|0x0000000089900000, 0x0000000089900000, 0x0000000089a00000|  0%| F|  |TAMS 0x0000000089900000| PB 0x0000000089900000| Untracked 
| 124|0x0000000089a00000, 0x0000000089a00000, 0x0000000089b00000|  0%| F|  |TAMS 0x0000000089a00000| PB 0x0000000089a00000| Untracked 
| 125|0x0000000089b00000, 0x0000000089b00000, 0x0000000089c00000|  0%| F|  |TAMS 0x0000000089b00000| PB 0x0000000089b00000| Untracked 
| 126|0x0000000089c00000, 0x0000000089c89718, 0x0000000089d00000| 53%| E|  |TAMS 0x0000000089c00000| PB 0x0000000089c00000| Complete 
| 127|0x0000000089d00000, 0x0000000089e00000, 0x0000000089e00000|100%| E|CS|TAMS 0x0000000089d00000| PB 0x0000000089d00000| Complete 

Card table byte_map: [0x0000026cfc070000,0x0000026cfc470000] _byte_map_base: 0x0000026cfbc61000

Marking Bits: (CMBitMap*) 0x0000026cfbc1ebc0
 Bits: [0x0000026cfc870000, 0x0000026cfe7f8000)

Polling page: 0x0000026cf9b70000

Metaspace:

Usage:
  Non-class:      2.20 MB used.
      Class:    259.27 KB used.
       Both:      2.45 MB used.

Virtual space:
  Non-class space:       64.00 MB reserved,       2.31 MB (  4%) committed,  1 nodes.
      Class space:        1.00 GB reserved,     320.00 KB ( <1%) committed,  1 nodes.
             Both:        1.06 GB reserved,       2.62 MB ( <1%) committed. 

Chunk freelists:
   Non-Class:  3.55 MB
       Class:  3.64 MB
        Both:  7.19 MB

MaxMetaspaceSize: unlimited
CompressedClassSpaceSize: 1.00 GB
Initial GC threshold: 21.00 MB
Current GC threshold: 21.00 MB
CDS: on
MetaspaceReclaimPolicy: balanced
 - commit_granule_bytes: 65536.
 - commit_granule_words: 8192.
 - virtual_space_node_default_size: 8388608.
 - enlarge_chunks_in_place: 1.
 - new_chunks_are_fully_committed: 0.
 - uncommit_free_chunks: 1.
 - use_allocation_guard: 0.


Internal statistics:

num_allocs_failed_limit: 0.
num_arena_births: 102.
num_arena_deaths: 0.
num_vsnodes_births: 2.
num_vsnodes_deaths: 0.
num_space_committed: 42.
num_space_uncommitted: 0.
num_chunks_returned_to_freelist: 0.
num_chunks_taken_from_freelist: 140.
num_chunk_merges: 0.
num_chunk_splits: 86.
num_chunks_enlarged: 47.
num_inconsistent_stats: 0.

CodeHeap 'non-profiled nmethods': size=120000Kb used=335Kb max_used=335Kb free=119665Kb
 bounds [0x0000026c8fac0000, 0x0000026c8fd30000, 0x0000026c96ff0000]
CodeHeap 'profiled nmethods': size=120000Kb used=1273Kb max_used=1273Kb free=118726Kb
 bounds [0x0000026c87ff0000, 0x0000026c88260000, 0x0000026c8f520000]
CodeHeap 'non-nmethods': size=5760Kb used=1390Kb max_used=1404Kb free=4369Kb
 bounds [0x0000026c8f520000, 0x0000026c8f790000, 0x0000026c8fac0000]
 total_blobs=1280 nmethods=842 adapters=349
 compilation: enabled
              stopped_count=0, restarted_count=0
 full_count=0

Compilation events (20 events):
Event: 0.744 Thread 0x0000026cfed31220 nmethod 817 0x0000026c88122210 code [0x0000026c88122480, 0x0000026c88122f38]
Event: 0.744 Thread 0x0000026cfed31220  816       3       jdk.internal.ref.CleanerImpl$PhantomCleanableRef::<init> (12 bytes)
Event: 0.744 Thread 0x0000026cfed31220 nmethod 816 0x0000026c88123310 code [0x0000026c881234a0, 0x0000026c88123640]
Event: 0.747 Thread 0x0000026c9d26e940  818       4       sun.security.provider.MD5::implCompress (13 bytes)
Event: 0.747 Thread 0x0000026cfed0e880  819       4       sun.security.provider.MD5::implCompress0 (1407 bytes)
Event: 0.749 Thread 0x0000026c9d26e940 nmethod 818 0x0000026c8fb11e10 code [0x0000026c8fb11f80, 0x0000026c8fb120a0]
Event: 0.751 Thread 0x0000026cfed31220  820       3       java.lang.StringConcatHelper::prepend (37 bytes)
Event: 0.752 Thread 0x0000026cfed31220 nmethod 820 0x0000026c88123710 code [0x0000026c881238c0, 0x0000026c88123b80]
Event: 0.753 Thread 0x0000026cfed31220  821       3       sun.security.provider.DigestBase::implCompressMultiBlock0 (23 bytes)
Event: 0.753 Thread 0x0000026cfed31220 nmethod 821 0x0000026c88123d10 code [0x0000026c88123ea0, 0x0000026c88124148]
Event: 0.761 Thread 0x0000026cfed31220  822       3       java.lang.StringBuilder::<init> (6 bytes)
Event: 0.761 Thread 0x0000026cfed31220 nmethod 822 0x0000026c88124210 code [0x0000026c881243a0, 0x0000026c881244d8]
Event: 0.761 Thread 0x0000026cfed31220  824       3       jdk.internal.module.Checks::isJavaIdentifier (76 bytes)
Event: 0.763 Thread 0x0000026cfed31220 nmethod 824 0x0000026c88124590 code [0x0000026c88124820, 0x0000026c881253d8]
Event: 0.766 Thread 0x0000026cfed31220  825       3       java.util.ArrayDeque::pollFirst (36 bytes)
Event: 0.766 Thread 0x0000026cfed31220 nmethod 825 0x0000026c88125810 code [0x0000026c881259c0, 0x0000026c88125dd0]
Event: 0.768 Thread 0x0000026cfed31220  826       3       java.util.ArrayDeque::size (17 bytes)
Event: 0.768 Thread 0x0000026cfed31220 nmethod 826 0x0000026c88125f90 code [0x0000026c88126120, 0x0000026c881262d8]
Event: 0.768 Thread 0x0000026cfed31220  827       3       java.util.ArrayDeque::sub (14 bytes)
Event: 0.768 Thread 0x0000026cfed31220 nmethod 827 0x0000026c88126390 code [0x0000026c88126520, 0x0000026c88126650]

GC Heap History (2 events):
Event: 0.706 GC heap before
{Heap before GC invocations=0 (full 0):
 garbage-first heap   total 131072K, used 12288K [0x0000000081e00000, 0x0000000100000000)
  region size 1024K, 13 young (13312K), 0 survivors (0K)
 Metaspace       used 2491K, committed 2688K, reserved 1114112K
  class space    used 259K, committed 320K, reserved 1048576K
}
Event: 0.711 GC heap after
{Heap after GC invocations=1 (full 0):
 garbage-first heap   total 131072K, used 1871K [0x0000000081e00000, 0x0000000100000000)
  region size 1024K, 2 young (2048K), 2 survivors (2048K)
 Metaspace       used 2491K, committed 2688K, reserved 1114112K
  class space    used 259K, committed 320K, reserved 1048576K
}

Dll operation events (20 events):
Event: 0.026 Loaded shared library C:\Users\HP\.jdks\openjdk-20.0.1\bin\jsvml.dll
Event: 0.087 Loaded shared library C:\Users\HP\.jdks\openjdk-20.0.1\bin\net.dll
Event: 0.091 Loaded shared library C:\Users\HP\.jdks\openjdk-20.0.1\bin\nio.dll
Event: 0.097 Loaded shared library C:\Users\HP\.jdks\openjdk-20.0.1\bin\zip.dll
Event: 0.512 Loaded shared library C:\Users\HP\.jdks\openjdk-20.0.1\bin\zip.dll
Event: 0.516 Loaded shared library C:\Users\HP\.jdks\openjdk-20.0.1\bin\instrument.dll
Event: 0.547 Loaded shared library C:\Program Files\JetBrains\IntelliJ IDEA Community Edition 2024.1\bin\breakgen64.dll
Event: 0.702 Loaded shared library C:\Users\HP\.openjfx\cache\18-ea\api-ms-win-core-console-l1-1-0.dll
Event: 0.714 Loaded shared library C:\Users\HP\.openjfx\cache\18-ea\api-ms-win-core-console-l1-2-0.dll
Event: 0.720 Loaded shared library C:\Users\HP\.openjfx\cache\18-ea\api-ms-win-core-datetime-l1-1-0.dll
Event: 0.724 Loaded shared library C:\Users\HP\.openjfx\cache\18-ea\api-ms-win-core-debug-l1-1-0.dll
Event: 0.730 Loaded shared library C:\Users\HP\.openjfx\cache\18-ea\api-ms-win-core-errorhandling-l1-1-0.dll
Event: 0.736 Loaded shared library C:\Users\HP\.openjfx\cache\18-ea\api-ms-win-core-file-l1-1-0.dll
Event: 0.741 Loaded shared library C:\Users\HP\.openjfx\cache\18-ea\api-ms-win-core-file-l1-2-0.dll
Event: 0.746 Loaded shared library C:\Users\HP\.openjfx\cache\18-ea\api-ms-win-core-file-l2-1-0.dll
Event: 0.751 Loaded shared library C:\Users\HP\.openjfx\cache\18-ea\api-ms-win-core-handle-l1-1-0.dll
Event: 0.755 Loaded shared library C:\Users\HP\.openjfx\cache\18-ea\api-ms-win-core-heap-l1-1-0.dll
Event: 0.759 Loaded shared library C:\Users\HP\.openjfx\cache\18-ea\api-ms-win-core-interlocked-l1-1-0.dll
Event: 0.764 Loaded shared library C:\Users\HP\.openjfx\cache\18-ea\api-ms-win-core-libraryloader-l1-1-0.dll
Event: 0.769 Loaded shared library C:\Users\HP\.openjfx\cache\18-ea\api-ms-win-core-localization-l1-2-0.dll

Deoptimization events (20 events):
Event: 0.494 Thread 0x0000026cfbbc6550 Uncommon trap: trap_request=0xffffff45 fr.pc=0x0000026c8fad3ec4 relative=0x00000000000003a4
Event: 0.494 Thread 0x0000026cfbbc6550 Uncommon trap: reason=unstable_if action=reinterpret pc=0x0000026c8fad3ec4 method=java.lang.StringLatin1.newString([BII)Ljava/lang/String; @ 1 c2
Event: 0.495 Thread 0x0000026cfbbc6550 DEOPT PACKING pc=0x0000026c8fad3ec4 sp=0x000000a0eadfe980
Event: 0.495 Thread 0x0000026cfbbc6550 DEOPT UNPACKING pc=0x0000026c8f589d22 sp=0x000000a0eadfe960 mode 2
Event: 0.530 Thread 0x0000026cfbbc6550 Uncommon trap: trap_request=0xffffff45 fr.pc=0x0000026c8fae7ce4 relative=0x0000000000000164
Event: 0.530 Thread 0x0000026cfbbc6550 Uncommon trap: reason=unstable_if action=reinterpret pc=0x0000026c8fae7ce4 method=java.util.zip.ZipFile$Source.isMetaName([BII)Z @ 57 c2
Event: 0.530 Thread 0x0000026cfbbc6550 DEOPT PACKING pc=0x0000026c8fae7ce4 sp=0x000000a0eadfdfb0
Event: 0.530 Thread 0x0000026cfbbc6550 DEOPT UNPACKING pc=0x0000026c8f589d22 sp=0x000000a0eadfdf58 mode 2
Event: 0.549 Thread 0x0000026cfbbc6550 Uncommon trap: trap_request=0xffffff45 fr.pc=0x0000026c8fac7d30 relative=0x00000000000000b0
Event: 0.549 Thread 0x0000026cfbbc6550 Uncommon trap: reason=unstable_if action=reinterpret pc=0x0000026c8fac7d30 method=java.lang.String.isLatin1()Z @ 10 c2
Event: 0.549 Thread 0x0000026cfbbc6550 DEOPT PACKING pc=0x0000026c8fac7d30 sp=0x000000a0eadfeed0
Event: 0.549 Thread 0x0000026cfbbc6550 DEOPT UNPACKING pc=0x0000026c8f589d22 sp=0x000000a0eadfee10 mode 2
Event: 0.651 Thread 0x0000026cfbbc6550 Uncommon trap: trap_request=0xffffff45 fr.pc=0x0000026c8faf961c relative=0x00000000000017dc
Event: 0.651 Thread 0x0000026cfbbc6550 Uncommon trap: reason=unstable_if action=reinterpret pc=0x0000026c8faf961c method=jdk.internal.module.Checks.isJavaIdentifier(Ljava/lang/String;)Z @ 4 c2
Event: 0.651 Thread 0x0000026cfbbc6550 DEOPT PACKING pc=0x0000026c8faf961c sp=0x000000a0eadfe8b0
Event: 0.651 Thread 0x0000026cfbbc6550 DEOPT UNPACKING pc=0x0000026c8f589d22 sp=0x000000a0eadfe818 mode 2
Event: 0.696 Thread 0x0000026cfbbc6550 Uncommon trap: trap_request=0xffffff45 fr.pc=0x0000026c8fad06a8 relative=0x0000000000000608
Event: 0.696 Thread 0x0000026cfbbc6550 Uncommon trap: reason=unstable_if action=reinterpret pc=0x0000026c8fad06a8 method=jdk.internal.module.Checks.isJavaIdentifier(Ljava/lang/String;)Z @ 4 c2
Event: 0.696 Thread 0x0000026cfbbc6550 DEOPT PACKING pc=0x0000026c8fad06a8 sp=0x000000a0eadfe7a0
Event: 0.696 Thread 0x0000026cfbbc6550 DEOPT UNPACKING pc=0x0000026c8f589d22 sp=0x000000a0eadfe748 mode 2

Classes loaded (20 events):
Event: 0.688 Loading class java/lang/constant/MethodHandleDesc
Event: 0.688 Loading class java/lang/constant/MethodHandleDesc done
Event: 0.688 Loading class java/lang/constant/MethodHandleDesc$1
Event: 0.689 Loading class java/lang/constant/MethodHandleDesc$1 done
Event: 0.689 Loading class java/lang/constant/DirectMethodHandleDescImpl
Event: 0.689 Loading class java/lang/constant/DirectMethodHandleDesc
Event: 0.689 Loading class java/lang/constant/DirectMethodHandleDesc done
Event: 0.689 Loading class java/lang/constant/DirectMethodHandleDescImpl done
Event: 0.689 Loading class java/lang/constant/DirectMethodHandleDescImpl$1
Event: 0.689 Loading class java/lang/constant/DirectMethodHandleDescImpl$1 done
Event: 0.689 Loading class java/lang/constant/DirectMethodHandleDesc$1
Event: 0.689 Loading class java/lang/constant/DirectMethodHandleDesc$1 done
Event: 0.689 Loading class java/lang/constant/PrimitiveClassDescImpl
Event: 0.689 Loading class java/lang/constant/DynamicConstantDesc
Event: 0.689 Loading class java/lang/constant/DynamicConstantDesc done
Event: 0.689 Loading class java/lang/constant/PrimitiveClassDescImpl done
Event: 0.689 Loading class java/lang/constant/DynamicConstantDesc$AnonymousDynamicConstantDesc
Event: 0.689 Loading class java/lang/constant/DynamicConstantDesc$AnonymousDynamicConstantDesc done
Event: 0.696 Loading class sun/security/provider/ByteArrayAccess
Event: 0.696 Loading class sun/security/provider/ByteArrayAccess done

Classes unloaded (0 events):
No events

Classes redefined (0 events):
No events

Internal exceptions (12 events):
Event: 0.144 Thread 0x0000026cfbbc6550 Exception <a 'java/lang/NoSuchMethodError'{0x0000000089b3ff30}: 'void java.lang.invoke.DirectMethodHandle$Holder.invokeSpecial(java.lang.Object, java.lang.Object, java.lang.Object)'> (0x0000000089b3ff30) 
thrown [s\open\src\hotspot\share\interpreter\linkResolver.cpp, line 773]
Event: 0.209 Thread 0x0000026cfbbc6550 Exception <a 'java/lang/NoSuchMethodError'{0x00000000899e6be8}: 'void java.lang.invoke.DirectMethodHandle$Holder.invokeVirtual(java.lang.Object, java.lang.Object)'> (0x00000000899e6be8) 
thrown [s\open\src\hotspot\share\interpreter\linkResolver.cpp, line 773]
Event: 0.211 Thread 0x0000026cfbbc6550 Exception <a 'java/lang/NoSuchMethodError'{0x00000000899f2580}: 'java.lang.Object java.lang.invoke.DirectMethodHandle$Holder.invokeInterface(java.lang.Object, java.lang.Object, java.lang.Object)'> (0x00000000899f2580) 
thrown [s\open\src\hotspot\share\interpreter\linkResolver.cpp, line 773]
Event: 0.439 Thread 0x0000026cfbbc6550 Exception <a 'java/lang/NoSuchMethodError'{0x0000000089418e60}: 'void java.lang.invoke.DirectMethodHandle$Holder.invokeSpecial(java.lang.Object, java.lang.Object, java.lang.Object, java.lang.Object, java.lang.Object)'> (0x0000000089418e60) 
thrown [s\open\src\hotspot\share\interpreter\linkResolver.cpp, line 773]
Event: 0.469 Thread 0x0000026cfbbc6550 Exception <a 'java/lang/NoSuchMethodError'{0x000000008942f540}: 'java.lang.Object java.lang.invoke.DirectMethodHandle$Holder.invokeInterface(java.lang.Object, java.lang.Object)'> (0x000000008942f540) 
thrown [s\open\src\hotspot\share\interpreter\linkResolver.cpp, line 773]
Event: 0.471 Thread 0x0000026cfbbc6550 Exception <a 'java/lang/IncompatibleClassChangeError'{0x00000000894327a8}: Found class java.lang.Object, but interface was expected> (0x00000000894327a8) 
thrown [s\open\src\hotspot\share\interpreter\linkResolver.cpp, line 840]
Event: 0.474 Thread 0x0000026cfbbc6550 Exception <a 'java/lang/NoSuchMethodError'{0x00000000894355d8}: 'void java.lang.invoke.DirectMethodHandle$Holder.invokeStatic(java.lang.Object, java.lang.Object, java.lang.Object, java.lang.Object)'> (0x00000000894355d8) 
thrown [s\open\src\hotspot\share\interpreter\linkResolver.cpp, line 773]
Event: 0.534 Thread 0x0000026cfbbc6550 Exception <a 'java/lang/NoSuchMethodError'{0x00000000894e1c40}: 'void java.lang.invoke.DirectMethodHandle$Holder.invokeStatic(java.lang.Object, java.lang.Object, java.lang.Object)'> (0x00000000894e1c40) 
thrown [s\open\src\hotspot\share\interpreter\linkResolver.cpp, line 773]
Event: 0.541 Thread 0x0000026cfbbc6550 Exception <a 'java/lang/NoSuchMethodError'{0x00000000894f7868}: 'java.lang.Object java.lang.invoke.Invokers$Holder.invokeExact_MT(java.lang.Object, java.lang.Object, java.lang.Object, java.lang.Object, java.lang.Object)'> (0x00000000894f7868) 
thrown [s\open\src\hotspot\share\interpreter\linkResolver.cpp, line 773]
Event: 0.556 Thread 0x0000026c9d4e6400 Exception <a 'java/lang/ClassNotFoundException'{0x0000000089349550}: jdk/net/ExtendedSocketOptions> (0x0000000089349550) 
thrown [s\open\src\hotspot\share\classfile\systemDictionary.cpp, line 305]
Event: 0.557 Thread 0x0000026c9d4e6400 Exception <a 'java/lang/NoSuchMethodError'{0x000000008934aec8}: 'void java.lang.invoke.DirectMethodHandle$Holder.invokeStatic(java.lang.Object, java.lang.Object)'> (0x000000008934aec8) 
thrown [s\open\src\hotspot\share\interpreter\linkResolver.cpp, line 773]
Event: 0.568 Thread 0x0000026cfbbc6550 Exception <a 'java/lang/NoSuchMethodError'{0x00000000893de950}: 'java.lang.Object java.lang.invoke.Invokers$Holder.invokeExact_MT(java.lang.Object, java.lang.Object, java.lang.Object, java.lang.Object, java.lang.Object, java.lang.Object)'> (0x00000000893de950) 
thrown [s\open\src\hotspot\share\interpreter\linkResolver.cpp, line 773]

VM Operations (10 events):
Event: 0.159 Executing VM operation: HandshakeAllThreads
Event: 0.159 Executing VM operation: HandshakeAllThreads done
Event: 0.445 Executing VM operation: HandshakeAllThreads
Event: 0.445 Executing VM operation: HandshakeAllThreads done
Event: 0.552 Executing VM operation: HandshakeAllThreads
Event: 0.552 Executing VM operation: HandshakeAllThreads done
Event: 0.552 Executing VM operation: HandshakeAllThreads
Event: 0.552 Executing VM operation: HandshakeAllThreads done
Event: 0.706 Executing VM operation: G1CollectForAllocation
Event: 0.711 Executing VM operation: G1CollectForAllocation done

Events (13 events):
Event: 0.026 Thread 0x0000026cfbbc6550 Thread added: 0x0000026cfbbc6550
Event: 0.042 Thread 0x0000026cfecf7660 Thread added: 0x0000026cfecf7660
Event: 0.042 Thread 0x0000026cfecf9110 Thread added: 0x0000026cfecf9110
Event: 0.043 Thread 0x0000026cfecfb480 Thread added: 0x0000026cfecfb480
Event: 0.043 Thread 0x0000026cfecfbdc0 Thread added: 0x0000026cfecfbdc0
Event: 0.043 Thread 0x0000026cfecfd710 Thread added: 0x0000026cfecfd710
Event: 0.043 Thread 0x0000026cfecfe420 Thread added: 0x0000026cfecfe420
Event: 0.043 Thread 0x0000026cfed0e880 Thread added: 0x0000026cfed0e880
Event: 0.043 Thread 0x0000026cfed31220 Thread added: 0x0000026cfed31220
Event: 0.079 Thread 0x0000026c9d22ed50 Thread added: 0x0000026c9d22ed50
Event: 0.152 Thread 0x0000026c9d26e940 Thread added: 0x0000026c9d26e940
Event: 0.548 Thread 0x0000026c9d4e6400 Thread added: 0x0000026c9d4e6400
Event: 0.548 Thread 0x0000026c9d4e6950 Thread added: 0x0000026c9d4e6950


Dynamic libraries:
0x00007ff65c9e0000 - 0x00007ff65c9ee000 	C:\Users\HP\.jdks\openjdk-20.0.1\bin\java.exe
0x00007ffa22730000 - 0x00007ffa22925000 	C:\Windows\SYSTEM32\ntdll.dll
0x00007ffa221a0000 - 0x00007ffa2225e000 	C:\Windows\System32\KERNEL32.DLL
0x00007ffa20150000 - 0x00007ffa20419000 	C:\Windows\System32\KERNELBASE.dll
0x00007ffa1ff50000 - 0x00007ffa20050000 	C:\Windows\System32\ucrtbase.dll
0x00007ffa19a30000 - 0x00007ffa19a47000 	C:\Users\HP\.jdks\openjdk-20.0.1\bin\jli.dll
0x00007ffa21090000 - 0x00007ffa21231000 	C:\Windows\System32\USER32.dll
0x00007ffa205c0000 - 0x00007ffa205e2000 	C:\Windows\System32\win32u.dll
0x00007ffa13c30000 - 0x00007ffa13c4b000 	C:\Users\HP\.jdks\openjdk-20.0.1\bin\VCRUNTIME140.dll
0x00007ffa21a30000 - 0x00007ffa21a5b000 	C:\Windows\System32\GDI32.dll
0x00007ffa20420000 - 0x00007ffa2052b000 	C:\Windows\System32\gdi32full.dll
0x00007ffa1fe50000 - 0x00007ffa1feed000 	C:\Windows\System32\msvcp_win.dll
0x00007ffa10c20000 - 0x00007ffa10eba000 	C:\Windows\WinSxS\amd64_microsoft.windows.common-controls_6595b64144ccf1df_6.0.19041.1110_none_60b5254171f9507e\COMCTL32.dll
0x00007ffa20a30000 - 0x00007ffa20ace000 	C:\Windows\System32\msvcrt.dll
0x00007ffa20a00000 - 0x00007ffa20a30000 	C:\Windows\System32\IMM32.DLL
0x0000000073570000 - 0x000000007357c000 	C:\Program Files (x86)\360\Total Security\safemon\SafeWrapper.dll
0x00007ffa20e30000 - 0x00007ffa20edc000 	C:\Windows\System32\ADVAPI32.dll
0x00007ffa20d20000 - 0x00007ffa20dbb000 	C:\Windows\System32\sechost.dll
0x00007ffa218f0000 - 0x00007ffa21a1a000 	C:\Windows\System32\RPCRT4.dll
0x00007ff9cd3b0000 - 0x00007ff9cd442000 	C:\Program Files (x86)\360\Total Security\safemon\libzdtp64.dll
0x00007ffa21a60000 - 0x00007ffa2219f000 	C:\Windows\System32\SHELL32.dll
0x00007ffa22690000 - 0x00007ffa226e5000 	C:\Windows\System32\SHLWAPI.dll
0x00007ffa1f9d0000 - 0x00007ffa1f9da000 	C:\Windows\SYSTEM32\VERSION.dll
0x00007ffa1d6b0000 - 0x00007ffa1d6bc000 	C:\Users\HP\.jdks\openjdk-20.0.1\bin\vcruntime140_1.dll
0x00007ffa01000000 - 0x00007ffa0108e000 	C:\Users\HP\.jdks\openjdk-20.0.1\bin\msvcp140.dll
0x00007ff9c6360000 - 0x00007ff9c6ff7000 	C:\Users\HP\.jdks\openjdk-20.0.1\bin\server\jvm.dll
0x00007ffa15d90000 - 0x00007ffa15db7000 	C:\Windows\SYSTEM32\WINMM.dll
0x00007ffa13090000 - 0x00007ffa13099000 	C:\Windows\SYSTEM32\WSOCK32.dll
0x00007ffa21020000 - 0x00007ffa2108b000 	C:\Windows\System32\WS2_32.dll
0x00007ffa1dce0000 - 0x00007ffa1dcf2000 	C:\Windows\SYSTEM32\kernel.appcore.dll
0x00007ffa1b7e0000 - 0x00007ffa1b7ea000 	C:\Users\HP\.jdks\openjdk-20.0.1\bin\jimage.dll
0x00007ff9fd5a0000 - 0x00007ff9fd784000 	C:\Windows\SYSTEM32\DBGHELP.DLL
0x00007ff9f89d0000 - 0x00007ff9f89fc000 	C:\Windows\SYSTEM32\dbgcore.DLL
0x00007ffa20530000 - 0x00007ffa205b3000 	C:\Windows\System32\bcryptPrimitives.dll
0x00007ffa13fb0000 - 0x00007ffa13fbe000 	C:\Users\HP\.jdks\openjdk-20.0.1\bin\instrument.dll
0x00007ffa13c00000 - 0x00007ffa13c26000 	C:\Users\HP\.jdks\openjdk-20.0.1\bin\java.dll
0x00007ffa00f20000 - 0x00007ffa00ff7000 	C:\Users\HP\.jdks\openjdk-20.0.1\bin\jsvml.dll
0x00007ffa1dee0000 - 0x00007ffa1e670000 	C:\Windows\SYSTEM32\windows.storage.dll
0x00007ffa22280000 - 0x00007ffa225d5000 	C:\Windows\System32\combase.dll
0x00007ffa1f830000 - 0x00007ffa1f85c000 	C:\Windows\SYSTEM32\Wldp.dll
0x00007ffa225e0000 - 0x00007ffa2268d000 	C:\Windows\System32\SHCORE.dll
0x00007ffa1fd90000 - 0x00007ffa1fdaf000 	C:\Windows\SYSTEM32\profapi.dll
0x00007ffa13be0000 - 0x00007ffa13bf3000 	C:\Users\HP\.jdks\openjdk-20.0.1\bin\net.dll
0x00007ffa151c0000 - 0x00007ffa152c8000 	C:\Windows\SYSTEM32\WINHTTP.dll
0x00007ffa1f520000 - 0x00007ffa1f58a000 	C:\Windows\system32\mswsock.dll
0x00007ffa13bc0000 - 0x00007ffa13bd6000 	C:\Users\HP\.jdks\openjdk-20.0.1\bin\nio.dll
0x00007ffa079b0000 - 0x00007ffa079c8000 	C:\Users\HP\.jdks\openjdk-20.0.1\bin\zip.dll
0x00007ff9d0050000 - 0x00007ff9d006a000 	C:\Program Files\JetBrains\IntelliJ IDEA Community Edition 2024.1\bin\breakgen64.dll
0x0000026c9dd40000 - 0x0000026c9dd43000 	C:\Users\HP\.openjfx\cache\18-ea\api-ms-win-core-console-l1-1-0.dll
0x0000026c9dd50000 - 0x0000026c9dd53000 	C:\Users\HP\.openjfx\cache\18-ea\api-ms-win-core-console-l1-2-0.dll
0x0000026c9dd60000 - 0x0000026c9dd63000 	C:\Users\HP\.openjfx\cache\18-ea\api-ms-win-core-datetime-l1-1-0.dll
0x0000026c9dd70000 - 0x0000026c9dd73000 	C:\Users\HP\.openjfx\cache\18-ea\api-ms-win-core-debug-l1-1-0.dll
0x0000026c9dd80000 - 0x0000026c9dd83000 	C:\Users\HP\.openjfx\cache\18-ea\api-ms-win-core-errorhandling-l1-1-0.dll
0x0000026c9dd90000 - 0x0000026c9dd94000 	C:\Users\HP\.openjfx\cache\18-ea\api-ms-win-core-file-l1-1-0.dll
0x0000026c9dda0000 - 0x0000026c9dda3000 	C:\Users\HP\.openjfx\cache\18-ea\api-ms-win-core-file-l1-2-0.dll
0x0000026c9ddb0000 - 0x0000026c9ddb3000 	C:\Users\HP\.openjfx\cache\18-ea\api-ms-win-core-file-l2-1-0.dll
0x0000026c9ddc0000 - 0x0000026c9ddc3000 	C:\Users\HP\.openjfx\cache\18-ea\api-ms-win-core-handle-l1-1-0.dll
0x0000026c9ddd0000 - 0x0000026c9ddd3000 	C:\Users\HP\.openjfx\cache\18-ea\api-ms-win-core-heap-l1-1-0.dll
0x0000026c9dde0000 - 0x0000026c9dde3000 	C:\Users\HP\.openjfx\cache\18-ea\api-ms-win-core-interlocked-l1-1-0.dll
0x0000026c9ddf0000 - 0x0000026c9ddf3000 	C:\Users\HP\.openjfx\cache\18-ea\api-ms-win-core-libraryloader-l1-1-0.dll
0x0000026c9de00000 - 0x0000026c9de03000 	C:\Users\HP\.openjfx\cache\18-ea\api-ms-win-core-localization-l1-2-0.dll
0x0000026c9de10000 - 0x0000026c9de13000 	C:\Users\HP\.openjfx\cache\18-ea\api-ms-win-core-memory-l1-1-0.dll
0x0000026c9de20000 - 0x0000026c9de23000 	C:\Users\HP\.openjfx\cache\18-ea\api-ms-win-core-namedpipe-l1-1-0.dll
0x0000026c9de30000 - 0x0000026c9de33000 	C:\Users\HP\.openjfx\cache\18-ea\api-ms-win-core-processenvironment-l1-1-0.dll
0x0000026c9de40000 - 0x0000026c9de43000 	C:\Users\HP\.openjfx\cache\18-ea\api-ms-win-core-processthreads-l1-1-0.dll
0x0000026c9de50000 - 0x0000026c9de53000 	C:\Users\HP\.openjfx\cache\18-ea\api-ms-win-core-processthreads-l1-1-1.dll
0x0000026c9de60000 - 0x0000026c9de63000 	C:\Users\HP\.openjfx\cache\18-ea\api-ms-win-core-profile-l1-1-0.dll
0x0000026c9de70000 - 0x0000026c9de73000 	C:\Users\HP\.openjfx\cache\18-ea\api-ms-win-core-rtlsupport-l1-1-0.dll
0x0000026c9de80000 - 0x0000026c9de83000 	C:\Users\HP\.openjfx\cache\18-ea\api-ms-win-core-string-l1-1-0.dll
0x0000026c9de90000 - 0x0000026c9de93000 	C:\Users\HP\.openjfx\cache\18-ea\api-ms-win-core-synch-l1-1-0.dll
0x0000026c9dea0000 - 0x0000026c9dea3000 	C:\Users\HP\.openjfx\cache\18-ea\api-ms-win-core-synch-l1-2-0.dll
0x0000026c9deb0000 - 0x0000026c9deb3000 	C:\Users\HP\.openjfx\cache\18-ea\api-ms-win-core-sysinfo-l1-1-0.dll
0x0000026c9dec0000 - 0x0000026c9dec3000 	C:\Users\HP\.openjfx\cache\18-ea\api-ms-win-core-timezone-l1-1-0.dll
0x0000026c9ded0000 - 0x0000026c9ded3000 	C:\Users\HP\.openjfx\cache\18-ea\api-ms-win-core-util-l1-1-0.dll
0x0000026c9dee0000 - 0x0000026c9dee3000 	C:\Users\HP\.openjfx\cache\18-ea\api-ms-win-crt-conio-l1-1-0.dll

dbghelp: loaded successfully - version: 4.0.5 - missing functions: none
symbol engine: initialized successfully - sym options: 0x614 - pdb path: .;C:\Users\HP\.jdks\openjdk-20.0.1\bin;C:\Windows\SYSTEM32;C:\Windows\WinSxS\amd64_microsoft.windows.common-controls_6595b64144ccf1df_6.0.19041.1110_none_60b5254171f9507e;C:\Program Files (x86)\360\Total Security\safemon;C:\Users\HP\.jdks\openjdk-20.0.1\bin\server;C:\Program Files\JetBrains\IntelliJ IDEA Community Edition 2024.1\bin;C:\Users\HP\.openjfx\cache\18-ea

VM Arguments:
jvm_args: -javaagent:C:\Program Files\JetBrains\IntelliJ IDEA Community Edition 2024.1\lib\idea_rt.jar=52914:C:\Program Files\JetBrains\IntelliJ IDEA Community Edition 2024.1\bin -Dfile.encoding=UTF-8 -Dsun.stdout.encoding=UTF-8 -Dsun.stderr.encoding=UTF-8 --module-path=C:\Users\HP\.m2\repository\org\openjfx\javafx-media\18-ea+2\javafx-media-18-ea+2-win.jar;C:\Users\HP\.m2\repository\org\openjfx\javafx-base\18-ea+2\javafx-base-18-ea+2-win.jar;C:\Users\HP\.m2\repository\org\openjfx\javafx-fxml\18-ea+2\javafx-fxml-18-ea+2-win.jar;C:\Users\HP\.m2\repository\org\controlsfx\controlsfx\11.1.0\controlsfx-11.1.0.jar;C:\Users\HP\.m2\repository\net\synedra\validatorfx\0.1.13\validatorfx-0.1.13.jar;C:\Users\HP\.m2\repository\com\dlsc\formsfx\formsfx-core\11.3.2\formsfx-core-11.3.2.jar;C:\Users\HP\.m2\repository\org\kordamp\bootstrapfx\bootstrapfx-core\0.4.0\bootstrapfx-core-0.4.0.jar;C:\Users\HP\.m2\repository\org\openjfx\javafx-web\18-ea+2\javafx-web-18-ea+2-win.jar;C:\Users\HP\.m2\repository\org\openjfx\javafx-controls\18-ea+2\javafx-controls-18-ea+2-win.jar;E:\MIAGE\LICENCE 3\SEMESTRE 2\PROGRAMMATION D'APPLICATION\PARTIE 2\java-Web-master\target\classes;C:\Users\HP\.m2\repository\org\kordamp\ikonli\ikonli-core\12.2.0\ikonli-core-12.2.0.jar;C:\Users\HP\.m2\repository\eu\hansolo\tilesfx\11.48\tilesfx-11.48.jar;C:\Users\HP\.m2\repository\org\kordamp\ikonli\ikonli-javafx\12.2.0\ikonli-javafx-12.2.0.jar;C:\Users\HP\.m2\repository\org\openjfx\javafx-graphics\18-ea+2\javafx-graphics-18-ea+2-win.jar -Djdk.module.main=com.example.javaweb 
java_command: com.example.javaweb/com.example.javaweb.HelloApplication
java_class_path (initial): C:\Users\HP\.m2\repository\org\openjfx\javafx-controls\18-ea+2\javafx-controls-18-ea+2.jar;C:\Users\HP\.m2\repository\org\openjfx\javafx-graphics\18-ea+2\javafx-graphics-18-ea+2.jar;C:\Users\HP\.m2\repository\org\openjfx\javafx-base\18-ea+2\javafx-base-18-ea+2.jar;C:\Users\HP\.m2\repository\org\openjfx\javafx-fxml\18-ea+2\javafx-fxml-18-ea+2.jar;C:\Users\HP\.m2\repository\org\openjfx\javafx-web\18-ea+2\javafx-web-18-ea+2.jar;C:\Users\HP\.m2\repository\org\openjfx\javafx-media\18-ea+2\javafx-media-18-ea+2.jar
Launcher Type: SUN_STANDARD

[Global flags]
     intx CICompilerCount                          = 3                                         {product} {ergonomic}
     uint ConcGCThreads                            = 1                                         {product} {ergonomic}
     uint G1ConcRefinementThreads                  = 4                                         {product} {ergonomic}
   size_t G1HeapRegionSize                         = 1048576                                   {product} {ergonomic}
    uintx GCDrainStackTargetSize                   = 64                                        {product} {ergonomic}
   size_t InitialHeapSize                          = 134217728                                 {product} {ergonomic}
   size_t MarkStackSize                            = 4194304                                   {product} {ergonomic}
   size_t MaxHeapSize                              = 2116026368                                {product} {ergonomic}
   size_t MaxNewSize                               = 1268776960                                {product} {ergonomic}
   size_t MinHeapDeltaBytes                        = 1048576                                   {product} {ergonomic}
   size_t MinHeapSize                              = 8388608                                   {product} {ergonomic}
    uintx NonNMethodCodeHeapSize                   = 5832780                                {pd product} {ergonomic}
    uintx NonProfiledCodeHeapSize                  = 122912730                              {pd product} {ergonomic}
    uintx ProfiledCodeHeapSize                     = 122912730                              {pd product} {ergonomic}
    uintx ReservedCodeCacheSize                    = 251658240                              {pd product} {ergonomic}
     bool SegmentedCodeCache                       = true                                      {product} {ergonomic}
   size_t SoftMaxHeapSize                          = 2116026368                             {manageable} {ergonomic}
     bool UseCompressedClassPointers               = true                           {product lp64_product} {ergonomic}
     bool UseCompressedOops                        = true                           {product lp64_product} {ergonomic}
     bool UseG1GC                                  = true                                      {product} {ergonomic}
     bool UseLargePagesIndividualAllocation        = false                                  {pd product} {ergonomic}

Logging:
Log output configuration:
 #0: stdout all=warning uptime,level,tags foldmultilines=false
 #1: stderr all=off uptime,level,tags foldmultilines=false

Environment Variables:
PATH=C:\Program Files (x86)\Common Files\Oracle\Java\javapath;C:\Program Files\Common Files\Oracle\Java\javapath;C:\Windows\system32;C:\Windows;C:\Windows\System32\Wbem;C:\Windows\System32\WindowsPowerShell\v1.0\;C:\Windows\System32\OpenSSH\;C:\Program Files\Microsoft\Web Platform Installer\;C:\Program Files (x86)\Microsoft ASP.NET\ASP.NET Web Pages\v1.0\;C:\Program Files (x86)\Microsoft SQL Server\150\Tools\Binn\;C:\Program Files\Microsoft SQL Server\150\Tools\Binn\;C:\Program Files\Microsoft SQL Server\150\DTS\Binn\;C:\Program Files\Microsoft SQL Server\Client SDK\ODBC\170\Tools\Binn\;C:\Program Files (x86)\sbt\bin;C:\Program Files\Azure Data Studio\bin;C:\Program Files (x86)\Microsoft SQL Server\150\DTS\Binn\;C:\wamp64\bin\php\php8.2.0;C:\ProgramData\ComposerSetup\bin;C:\Program Files\nodejs\;C:\Program Files\Git\cmd;C:\Users\HP\.console-ninja\.bin;C:\Users\HP\AppData\Local\Microsoft\WindowsApps;C:\Users\HP\AppData\Local\GitHubDesktop\bin;C:\Program Files\Java\jdk-18.0.1.1\lib\mysql-connector-java-5.1.47;C:\Program Files\Azure Data Studio\bin;C:\src\flutter\flutter\bin;C:\Users\HP\AppData\Roaming\Composer\vendor\bin;C:\Users\HP\AppData\Local\Programs\Microsoft VS Code2\bin;C:\Users\HP\AppData\Roaming\npm
USERNAME=HP
OS=Windows_NT
PROCESSOR_IDENTIFIER=Intel64 Family 6 Model 58 Stepping 9, GenuineIntel
TMP=C:\Users\HP\AppData\Local\Temp
TEMP=C:\Users\HP\AppData\Local\Temp




---------------  S Y S T E M  ---------------

OS:
 Windows 10 , 64 bit Build 19041 (10.0.19041.1202)
OS uptime: 0 days 4:24 hours

CPU: total 4 (initial active 4) (2 cores per cpu, 2 threads per core) family 6 model 58 stepping 9 microcode 0x21, cx8, cmov, fxsr, ht, mmx, sse, sse2, sse3, ssse3, sse4.1, sse4.2, popcnt, tsc, tscinvbit, avx, aes, erms, clmul, vzeroupper, clflush, rdtscp, f16c

Memory: 4k page, system-wide physical 8071M (1134M free)
TotalPageFile size 13071M (AvailPageFile size 4M)
current process WorkingSet (physical memory assigned to process): 59M, peak: 59M
current process commit charge ("private bytes"): 211M, peak: 211M

vm_info: OpenJDK 64-Bit Server VM (20.0.1+9-29) for windows-amd64 JRE (20.0.1+9-29), built on 2023-03-07T13:56:11Z by "mach5one" with MS VC++ 17.1 (VS2022)

END.
