#
# There is insufficient memory for the Java Runtime Environment to continue.
# Native memory allocation (mmap) failed to map 32505856 bytes for G1 virtual space
# Possible reasons:
#   The system is out of physical RAM or swap space
#   The process is running with CompressedOops enabled, and the Java Heap may be blocking the growth of the native heap
# Possible solutions:
#   Reduce memory load on the system
#   Increase physical memory or swap space
#   Check if swap backing store is full
#   Decrease Java heap size (-Xmx/-Xms)
#   Decrease number of Java threads
#   Decrease Java thread stack sizes (-Xss)
#   Set larger code cache with -XX:ReservedCodeCacheSize=
#   JVM is running with Unscaled Compressed Oops mode in which the Java heap is
#     placed in the first 4GB address space. The Java Heap base address is the
#     maximum limit for the native heap growth. Please use -XX:HeapBaseMinAddress
#     to set the Java Heap base and to place the Java Heap above 4GB virtual address.
# This output file may be truncated or incomplete.
#
#  Out of Memory Error (os_windows.cpp:3528), pid=1388, tid=13284
#
# JRE version: OpenJDK Runtime Environment (20.0.1+9) (build 20.0.1+9-29)
# Java VM: OpenJDK 64-Bit Server VM (20.0.1+9-29, mixed mode, sharing, tiered, compressed oops, compressed class ptrs, g1 gc, windows-amd64)
# No core dump will be written. Minidumps are not enabled by default on client versions of Windows
#

---------------  S U M M A R Y ------------

Command Line: -javaagent:C:\Program Files\JetBrains\IntelliJ IDEA Community Edition 2024.1\lib\idea_rt.jar=53869:C:\Program Files\JetBrains\IntelliJ IDEA Community Edition 2024.1\bin -Dfile.encoding=UTF-8 -Dsun.stdout.encoding=UTF-8 -Dsun.stderr.encoding=UTF-8 --module-path=C:\Users\HP\.m2\repository\org\openjfx\javafx-media\18-ea+2\javafx-media-18-ea+2-win.jar;C:\Users\HP\.m2\repository\org\openjfx\javafx-web\18-ea+2\javafx-web-18-ea+2-win.jar;E:\MIAGE\LICENCE 3\SEMESTRE 2\PROGRAMMATION D'APPLICATION\PARTIE 2\java-Web-master\target\classes;C:\Users\HP\.m2\repository\net\synedra\validatorfx\0.1.13\validatorfx-0.1.13.jar;C:\Users\HP\.m2\repository\com\dlsc\formsfx\formsfx-core\11.3.2\formsfx-core-11.3.2.jar;C:\Users\HP\.m2\repository\org\kordamp\bootstrapfx\bootstrapfx-core\0.4.0\bootstrapfx-core-0.4.0.jar;C:\Users\HP\.m2\repository\org\openjfx\javafx-fxml\18-ea+2\javafx-fxml-18-ea+2-win.jar;C:\Users\HP\.m2\repository\eu\hansolo\tilesfx\11.48\tilesfx-11.48.jar;C:\Users\HP\.m2\repository\org\kordamp\ikonli\ikonli-core\12.2.0\ikonli-core-12.2.0.jar;C:\Users\HP\.m2\repository\org\openjfx\javafx-controls\18-ea+2\javafx-controls-18-ea+2-win.jar;C:\Users\HP\.m2\repository\org\controlsfx\controlsfx\11.1.0\controlsfx-11.1.0.jar;C:\Users\HP\.m2\repository\org\openjfx\javafx-base\18-ea+2\javafx-base-18-ea+2-win.jar;C:\Users\HP\.m2\repository\org\openjfx\javafx-graphics\18-ea+2\javafx-graphics-18-ea+2-win.jar;C:\Users\HP\.m2\repository\org\kordamp\ikonli\ikonli-javafx\12.2.0\ikonli-javafx-12.2.0.jar -Djdk.module.main=com.example.javaweb com.example.javaweb/com.example.javaweb.HelloApplication

Host: Intel(R) Core(TM) i5-3320M CPU @ 2.60GHz, 4 cores, 7G,  Windows 10 , 64 bit Build 19041 (10.0.19041.1202)
Time: Wed May 29 16:23:48 2024 Greenwich elapsed time: 5.035408 seconds (0d 0h 0m 5s)

---------------  T H R E A D  ---------------

Current thread (0x000002557fd71a10):  VMThread "VM Thread" [stack: 0x0000008a0ff00000,0x0000008a10000000] [id=13284]

Stack: [0x0000008a0ff00000,0x0000008a10000000]
Native frames: (J=compiled Java code, j=interpreted, Vv=VM code, C=native code)
V  [jvm.dll+0x6bb95a]
V  [jvm.dll+0x8485fa]
V  [jvm.dll+0x84a1f5]
V  [jvm.dll+0x84a8f3]
V  [jvm.dll+0x280b0f]
V  [jvm.dll+0x6b86e9]
V  [jvm.dll+0x6ad2da]
V  [jvm.dll+0x35adf5]
V  [jvm.dll+0x363016]
V  [jvm.dll+0x3b3b3e]
V  [jvm.dll+0x3b3dc5]
V  [jvm.dll+0x32b50a]
V  [jvm.dll+0x32b5b7]
V  [jvm.dll+0x373942]
V  [jvm.dll+0x372140]
V  [jvm.dll+0x32ac51]
V  [jvm.dll+0x371836]
V  [jvm.dll+0x85023e]
V  [jvm.dll+0x851351]
V  [jvm.dll+0x851859]
V  [jvm.dll+0x851ad3]
V  [jvm.dll+0x7f4b56]
V  [jvm.dll+0x6ba5cb]
C  [ucrtbase.dll+0x21bb2]
C  [KERNEL32.DLL+0x17034]
C  [ntdll.dll+0x52651]

VM_Operation (0x0000008a111fb8f0): G1CollectForAllocation, mode: safepoint, requested by thread 0x000002551db37980


---------------  P R O C E S S  ---------------

Threads class SMR info:
_java_thread_list=0x00000255205ce000, length=18, elements={
0x000002557cc705d0, 0x000002557fd8f4d0, 0x000002557fd91320, 0x000002557fd96ba0,
0x000002557fd98150, 0x000002557fd99aa0, 0x000002557fd9b670, 0x000002557fd9c2e0,
0x000002557fd9f000, 0x000002551d1ae850, 0x000002551d54de30, 0x000002551d54fd70,
0x000002551d742440, 0x000002551db03240, 0x000002551db37980, 0x000002551db3fa10,
0x000002551db40570, 0x000002551ff2c510
}

Java Threads: ( => current thread )
  0x000002557cc705d0 JavaThread "main" [_thread_blocked, id=11104, stack(0x0000008a0f900000,0x0000008a0fa00000)]
  0x000002557fd8f4d0 JavaThread "Reference Handler" daemon [_thread_blocked, id=11644, stack(0x0000008a10000000,0x0000008a10100000)]
  0x000002557fd91320 JavaThread "Finalizer" daemon [_thread_blocked, id=10852, stack(0x0000008a10100000,0x0000008a10200000)]
  0x000002557fd96ba0 JavaThread "Signal Dispatcher" daemon [_thread_blocked, id=8804, stack(0x0000008a10200000,0x0000008a10300000)]
  0x000002557fd98150 JavaThread "Attach Listener" daemon [_thread_blocked, id=6628, stack(0x0000008a10300000,0x0000008a10400000)]
  0x000002557fd99aa0 JavaThread "Service Thread" daemon [_thread_blocked, id=7252, stack(0x0000008a10400000,0x0000008a10500000)]
  0x000002557fd9b670 JavaThread "Monitor Deflation Thread" daemon [_thread_blocked, id=8304, stack(0x0000008a10500000,0x0000008a10600000)]
  0x000002557fd9c2e0 JavaThread "C2 CompilerThread0" daemon [_thread_blocked, id=9460, stack(0x0000008a10600000,0x0000008a10700000)]
  0x000002557fd9f000 JavaThread "C1 CompilerThread0" daemon [_thread_blocked, id=920, stack(0x0000008a10700000,0x0000008a10800000)]
  0x000002551d1ae850 JavaThread "Common-Cleaner" daemon [_thread_blocked, id=12336, stack(0x0000008a10800000,0x0000008a10900000)]
  0x000002551d54de30 JavaThread "Monitor Ctrl-Break" daemon [_thread_in_native, id=7204, stack(0x0000008a10a00000,0x0000008a10b00000)]
  0x000002551d54fd70 JavaThread "Notification Thread" daemon [_thread_blocked, id=8852, stack(0x0000008a10b00000,0x0000008a10c00000)]
  0x000002551d742440 JavaThread "QuantumRenderer-0" daemon [_thread_blocked, id=7648, stack(0x0000008a10900000,0x0000008a10a00000)]
  0x000002551db03240 JavaThread "InvokeLaterDispatcher" daemon [_thread_blocked, id=7752, stack(0x0000008a11000000,0x0000008a11100000)]
  0x000002551db37980 JavaThread "JavaFX Application Thread" [_thread_blocked, id=3796, stack(0x0000008a11100000,0x0000008a11200000)]
  0x000002551db3fa10 JavaThread "Thread-1" daemon [_thread_blocked, id=9784, stack(0x0000008a11500000,0x0000008a11600000)]
  0x000002551db40570 JavaThread "JavaFX-Launcher" [_thread_blocked, id=8360, stack(0x0000008a11600000,0x0000008a11700000)]
  0x000002551ff2c510 JavaThread "Prism Font Disposer" daemon [_thread_blocked, id=3888, stack(0x0000008a11700000,0x0000008a11800000)]

Other Threads:
=>0x000002557fd71a10 VMThread "VM Thread" [stack: 0x0000008a0ff00000,0x0000008a10000000] [id=13284]
  0x000002551d6b2bc0 WatcherThread "VM Periodic Task Thread" [stack: 0x0000008a10c00000,0x0000008a10d00000] [id=9904]
  0x000002557cccd670 WorkerThread "GC Thread#0" [stack: 0x0000008a0fa00000,0x0000008a0fb00000] [id=5532]
  0x000002551d531c90 WorkerThread "GC Thread#1" [stack: 0x0000008a10d00000,0x0000008a10e00000] [id=8208]
  0x000002551d74a6b0 WorkerThread "GC Thread#2" [stack: 0x0000008a10e00000,0x0000008a10f00000] [id=12912]
  0x000002551d7afd70 WorkerThread "GC Thread#3" [stack: 0x0000008a10f00000,0x0000008a11000000] [id=5088]
  0x000002557ccde0d0 ConcurrentGCThread "G1 Main Marker" [stack: 0x0000008a0fb00000,0x0000008a0fc00000] [id=5660]
  0x000002557ccdebb0 WorkerThread "G1 Conc#0" [stack: 0x0000008a0fc00000,0x0000008a0fd00000] [id=3496]
  0x000002557cd1e6d0 ConcurrentGCThread "G1 Refine#0" [stack: 0x0000008a0fd00000,0x0000008a0fe00000] [id=11440]
  0x000002557fc20440 ConcurrentGCThread "G1 Service" [stack: 0x0000008a0fe00000,0x0000008a0ff00000] [id=8664]

Threads with active compile tasks:
C1 CompilerThread0     5122 2270       3       javafx.scene.Node::reapplyCss (174 bytes)

VM state: at safepoint (normal execution)

VM Mutex/Monitor currently owned by a thread:  ([mutex/lock_event])
[0x000002557cc6c660] Threads_lock - owner thread: 0x000002557fd71a10
[0x000002557cc6c6f0] Heap_lock - owner thread: 0x000002551db37980

Heap address: 0x0000000081e00000, size: 2018 MB, Compressed Oops mode: 32-bit

CDS archive(s) mapped at: [0x0000000800000000-0x0000000800c60000-0x0000000800c60000), size 12976128, SharedBaseAddress: 0x0000000800000000, ArchiveRelocationMode: 0.
Compressed class space mapped at: 0x0000000801000000-0x0000000841000000, reserved size: 1073741824
Narrow klass base: 0x0000000800000000, Narrow klass shift: 0, Narrow klass range: 0x100000000

GC Precious Log:
 CardTable entry size: 512
 Card Set container configuration: InlinePtr #cards 5 size 8 Array Of Cards #cards 12 size 40 Howl #buckets 4 coarsen threshold 1843 Howl Bitmap #cards 512 size 80 coarsen threshold 460 Card regions per heap region 1 cards per card region 2048
 CPUs: 4 total, 4 available
 Memory: 8071M
 Large Page Support: Disabled
 NUMA Support: Disabled
 Compressed Oops: Enabled (32-bit)
 Heap Region Size: 1M
 Heap Min Capacity: 8M
 Heap Initial Capacity: 128M
 Heap Max Capacity: 2018M
 Pre-touch: Disabled
 Parallel Workers: 4
 Concurrent Workers: 1
 Concurrent Refinement Workers: 4
 Periodic GC: Disabled

Heap:
 garbage-first heap   total 154624K, used 148327K [0x0000000081e00000, 0x0000000100000000)
  region size 1024K, 1 young (1024K), 1 survivors (1024K)
 Metaspace       used 13892K, committed 14272K, reserved 1114112K
  class space    used 1869K, committed 2048K, reserved 1048576K

Heap Regions: E=young(eden), S=young(survivor), O=old, HS=humongous(starts), HC=humongous(continues), CS=collection set, F=free, OA=open archive, CA=closed archive, TAMS=top-at-mark-start, PB=parsable bottom
|   0|0x0000000081e00000, 0x0000000081f00000, 0x0000000081f00000|100%| O|  |TAMS 0x0000000081f00000| PB 0x0000000081e00000| Untracked 
|   1|0x0000000081f00000, 0x0000000082000000, 0x0000000082000000|100%| O|  |TAMS 0x0000000082000000| PB 0x0000000081f00000| Untracked 
|   2|0x0000000082000000, 0x0000000082100000, 0x0000000082100000|100%|HS|  |TAMS 0x0000000082100000| PB 0x0000000082000000| Complete 
|   3|0x0000000082100000, 0x0000000082200000, 0x0000000082200000|100%|HC|  |TAMS 0x0000000082200000| PB 0x0000000082100000| Complete 
|   4|0x0000000082200000, 0x0000000082300000, 0x0000000082300000|100%|HS|  |TAMS 0x0000000082300000| PB 0x0000000082200000| Complete 
|   5|0x0000000082300000, 0x0000000082400000, 0x0000000082400000|100%|HC|  |TAMS 0x0000000082400000| PB 0x0000000082300000| Complete 
|   6|0x0000000082400000, 0x0000000082500000, 0x0000000082500000|100%|HS|  |TAMS 0x0000000082500000| PB 0x0000000082400000| Complete 
|   7|0x0000000082500000, 0x0000000082600000, 0x0000000082600000|100%|HC|  |TAMS 0x0000000082600000| PB 0x0000000082500000| Complete 
|   8|0x0000000082600000, 0x0000000082700000, 0x0000000082700000|100%|HS|  |TAMS 0x0000000082700000| PB 0x0000000082600000| Complete 
|   9|0x0000000082700000, 0x0000000082800000, 0x0000000082800000|100%|HC|  |TAMS 0x0000000082800000| PB 0x0000000082700000| Complete 
|  10|0x0000000082800000, 0x0000000082900000, 0x0000000082900000|100%|HS|  |TAMS 0x0000000082900000| PB 0x0000000082800000| Complete 
|  11|0x0000000082900000, 0x0000000082a00000, 0x0000000082a00000|100%|HC|  |TAMS 0x0000000082a00000| PB 0x0000000082900000| Complete 
|  12|0x0000000082a00000, 0x0000000082b00000, 0x0000000082b00000|100%|HS|  |TAMS 0x0000000082b00000| PB 0x0000000082a00000| Complete 
|  13|0x0000000082b00000, 0x0000000082c00000, 0x0000000082c00000|100%|HC|  |TAMS 0x0000000082c00000| PB 0x0000000082b00000| Complete 
|  14|0x0000000082c00000, 0x0000000082d00000, 0x0000000082d00000|100%|HS|  |TAMS 0x0000000082d00000| PB 0x0000000082c00000| Complete 
|  15|0x0000000082d00000, 0x0000000082e00000, 0x0000000082e00000|100%|HC|  |TAMS 0x0000000082e00000| PB 0x0000000082d00000| Complete 
|  16|0x0000000082e00000, 0x0000000082f00000, 0x0000000082f00000|100%|HS|  |TAMS 0x0000000082f00000| PB 0x0000000082e00000| Complete 
|  17|0x0000000082f00000, 0x0000000083000000, 0x0000000083000000|100%|HC|  |TAMS 0x0000000083000000| PB 0x0000000082f00000| Complete 
|  18|0x0000000083000000, 0x0000000083100000, 0x0000000083100000|100%|HS|  |TAMS 0x0000000083100000| PB 0x0000000083000000| Complete 
|  19|0x0000000083100000, 0x0000000083200000, 0x0000000083200000|100%|HC|  |TAMS 0x0000000083200000| PB 0x0000000083100000| Complete 
|  20|0x0000000083200000, 0x0000000083300000, 0x0000000083300000|100%|HS|  |TAMS 0x0000000083300000| PB 0x0000000083200000| Complete 
|  21|0x0000000083300000, 0x0000000083400000, 0x0000000083400000|100%|HC|  |TAMS 0x0000000083400000| PB 0x0000000083300000| Complete 
|  22|0x0000000083400000, 0x0000000083500000, 0x0000000083500000|100%|HS|  |TAMS 0x0000000083500000| PB 0x0000000083400000| Complete 
|  23|0x0000000083500000, 0x0000000083600000, 0x0000000083600000|100%|HC|  |TAMS 0x0000000083600000| PB 0x0000000083500000| Complete 
|  24|0x0000000083600000, 0x0000000083700000, 0x0000000083700000|100%|HS|  |TAMS 0x0000000083700000| PB 0x0000000083600000| Complete 
|  25|0x0000000083700000, 0x0000000083800000, 0x0000000083800000|100%|HS|  |TAMS 0x0000000083800000| PB 0x0000000083700000| Complete 
|  26|0x0000000083800000, 0x0000000083900000, 0x0000000083900000|100%|HC|  |TAMS 0x0000000083900000| PB 0x0000000083800000| Complete 
|  27|0x0000000083900000, 0x0000000083a00000, 0x0000000083a00000|100%|HS|  |TAMS 0x0000000083a00000| PB 0x0000000083900000| Complete 
|  28|0x0000000083a00000, 0x0000000083b00000, 0x0000000083b00000|100%|HC|  |TAMS 0x0000000083b00000| PB 0x0000000083a00000| Complete 
|  29|0x0000000083b00000, 0x0000000083c00000, 0x0000000083c00000|100%|HS|  |TAMS 0x0000000083c00000| PB 0x0000000083b00000| Complete 
|  30|0x0000000083c00000, 0x0000000083d00000, 0x0000000083d00000|100%|HC|  |TAMS 0x0000000083d00000| PB 0x0000000083c00000| Complete 
|  31|0x0000000083d00000, 0x0000000083e00000, 0x0000000083e00000|100%|HS|  |TAMS 0x0000000083e00000| PB 0x0000000083d00000| Complete 
|  32|0x0000000083e00000, 0x0000000083f00000, 0x0000000083f00000|100%|HC|  |TAMS 0x0000000083f00000| PB 0x0000000083e00000| Complete 
|  33|0x0000000083f00000, 0x0000000084000000, 0x0000000084000000|100%|HS|  |TAMS 0x0000000084000000| PB 0x0000000083f00000| Complete 
|  34|0x0000000084000000, 0x0000000084100000, 0x0000000084100000|100%|HC|  |TAMS 0x0000000084100000| PB 0x0000000084000000| Complete 
|  35|0x0000000084100000, 0x0000000084200000, 0x0000000084200000|100%|HS|  |TAMS 0x0000000084200000| PB 0x0000000084100000| Complete 
|  36|0x0000000084200000, 0x0000000084300000, 0x0000000084300000|100%|HC|  |TAMS 0x0000000084300000| PB 0x0000000084200000| Complete 
|  37|0x0000000084300000, 0x0000000084400000, 0x0000000084400000|100%|HS|  |TAMS 0x0000000084400000| PB 0x0000000084300000| Complete 
|  38|0x0000000084400000, 0x0000000084500000, 0x0000000084500000|100%|HC|  |TAMS 0x0000000084500000| PB 0x0000000084400000| Complete 
|  39|0x0000000084500000, 0x0000000084600000, 0x0000000084600000|100%|HS|  |TAMS 0x0000000084600000| PB 0x0000000084500000| Complete 
|  40|0x0000000084600000, 0x0000000084700000, 0x0000000084700000|100%|HC|  |TAMS 0x0000000084700000| PB 0x0000000084600000| Complete 
|  41|0x0000000084700000, 0x0000000084800000, 0x0000000084800000|100%|HS|  |TAMS 0x0000000084800000| PB 0x0000000084700000| Complete 
|  42|0x0000000084800000, 0x0000000084900000, 0x0000000084900000|100%|HC|  |TAMS 0x0000000084900000| PB 0x0000000084800000| Complete 
|  43|0x0000000084900000, 0x0000000084a00000, 0x0000000084a00000|100%|HS|  |TAMS 0x0000000084a00000| PB 0x0000000084900000| Complete 
|  44|0x0000000084a00000, 0x0000000084b00000, 0x0000000084b00000|100%|HC|  |TAMS 0x0000000084b00000| PB 0x0000000084a00000| Complete 
|  45|0x0000000084b00000, 0x0000000084c00000, 0x0000000084c00000|100%|HS|  |TAMS 0x0000000084c00000| PB 0x0000000084b00000| Complete 
|  46|0x0000000084c00000, 0x0000000084d00000, 0x0000000084d00000|100%|HC|  |TAMS 0x0000000084d00000| PB 0x0000000084c00000| Complete 
|  47|0x0000000084d00000, 0x0000000084e00000, 0x0000000084e00000|100%|HS|  |TAMS 0x0000000084e00000| PB 0x0000000084d00000| Complete 
|  48|0x0000000084e00000, 0x0000000084f00000, 0x0000000084f00000|100%|HC|  |TAMS 0x0000000084f00000| PB 0x0000000084e00000| Complete 
|  49|0x0000000084f00000, 0x0000000085000000, 0x0000000085000000|100%|HS|  |TAMS 0x0000000085000000| PB 0x0000000084f00000| Complete 
|  50|0x0000000085000000, 0x0000000085100000, 0x0000000085100000|100%|HC|  |TAMS 0x0000000085100000| PB 0x0000000085000000| Complete 
|  51|0x0000000085100000, 0x0000000085200000, 0x0000000085200000|100%|HS|  |TAMS 0x0000000085200000| PB 0x0000000085100000| Complete 
|  52|0x0000000085200000, 0x0000000085300000, 0x0000000085300000|100%|HC|  |TAMS 0x0000000085300000| PB 0x0000000085200000| Complete 
|  53|0x0000000085300000, 0x0000000085400000, 0x0000000085400000|100%|HS|  |TAMS 0x0000000085400000| PB 0x0000000085300000| Complete 
|  54|0x0000000085400000, 0x0000000085500000, 0x0000000085500000|100%|HC|  |TAMS 0x0000000085500000| PB 0x0000000085400000| Complete 
|  55|0x0000000085500000, 0x0000000085600000, 0x0000000085600000|100%|HS|  |TAMS 0x0000000085600000| PB 0x0000000085500000| Complete 
|  56|0x0000000085600000, 0x0000000085700000, 0x0000000085700000|100%|HC|  |TAMS 0x0000000085700000| PB 0x0000000085600000| Complete 
|  57|0x0000000085700000, 0x0000000085800000, 0x0000000085800000|100%|HS|  |TAMS 0x0000000085800000| PB 0x0000000085700000| Complete 
|  58|0x0000000085800000, 0x0000000085900000, 0x0000000085900000|100%|HC|  |TAMS 0x0000000085900000| PB 0x0000000085800000| Complete 
|  59|0x0000000085900000, 0x0000000085a00000, 0x0000000085a00000|100%| O|  |TAMS 0x0000000085a00000| PB 0x0000000085900000| Untracked 
|  60|0x0000000085a00000, 0x0000000085b00000, 0x0000000085b00000|100%| O|  |TAMS 0x0000000085b00000| PB 0x0000000085a00000| Untracked 
|  61|0x0000000085b00000, 0x0000000085bd0900, 0x0000000085c00000| 81%| S|CS|TAMS 0x0000000085b00000| PB 0x0000000085b00000| Complete 
|  62|0x0000000085c00000, 0x0000000085d00000, 0x0000000085d00000|100%|HS|  |TAMS 0x0000000085d00000| PB 0x0000000085c00000| Complete 
|  63|0x0000000085d00000, 0x0000000085e00000, 0x0000000085e00000|100%|HC|  |TAMS 0x0000000085e00000| PB 0x0000000085d00000| Complete 
|  64|0x0000000085e00000, 0x0000000085f00000, 0x0000000085f00000|100%|HS|  |TAMS 0x0000000085f00000| PB 0x0000000085e00000| Complete 
|  65|0x0000000085f00000, 0x0000000086000000, 0x0000000086000000|100%|HC|  |TAMS 0x0000000086000000| PB 0x0000000085f00000| Complete 
|  66|0x0000000086000000, 0x0000000086100000, 0x0000000086100000|100%|HS|  |TAMS 0x0000000086100000| PB 0x0000000086000000| Complete 
|  67|0x0000000086100000, 0x0000000086200000, 0x0000000086200000|100%|HC|  |TAMS 0x0000000086200000| PB 0x0000000086100000| Complete 
|  68|0x0000000086200000, 0x0000000086300000, 0x0000000086300000|100%|HS|  |TAMS 0x0000000086300000| PB 0x0000000086200000| Complete 
|  69|0x0000000086300000, 0x0000000086400000, 0x0000000086400000|100%|HC|  |TAMS 0x0000000086400000| PB 0x0000000086300000| Complete 
|  70|0x0000000086400000, 0x0000000086500000, 0x0000000086500000|100%|HS|  |TAMS 0x0000000086500000| PB 0x0000000086400000| Complete 
|  71|0x0000000086500000, 0x0000000086600000, 0x0000000086600000|100%|HC|  |TAMS 0x0000000086600000| PB 0x0000000086500000| Complete 
|  72|0x0000000086600000, 0x0000000086700000, 0x0000000086700000|100%| O|  |TAMS 0x0000000086700000| PB 0x0000000086600000| Untracked 
|  73|0x0000000086700000, 0x0000000086800000, 0x0000000086800000|100%| O|  |TAMS 0x0000000086800000| PB 0x0000000086700000| Untracked 
|  74|0x0000000086800000, 0x0000000086900000, 0x0000000086900000|100%| O|  |TAMS 0x0000000086900000| PB 0x0000000086800000| Untracked 
|  75|0x0000000086900000, 0x0000000086a00000, 0x0000000086a00000|100%| O|  |TAMS 0x00000000869eda00| PB 0x0000000086900000| Untracked 
|  76|0x0000000086a00000, 0x0000000086b00000, 0x0000000086b00000|100%|HS|  |TAMS 0x0000000086b00000| PB 0x0000000086a00000| Complete 
|  77|0x0000000086b00000, 0x0000000086c00000, 0x0000000086c00000|100%|HC|  |TAMS 0x0000000086c00000| PB 0x0000000086b00000| Complete 
|  78|0x0000000086c00000, 0x0000000086d00000, 0x0000000086d00000|100%|HS|  |TAMS 0x0000000086d00000| PB 0x0000000086c00000| Complete 
|  79|0x0000000086d00000, 0x0000000086e00000, 0x0000000086e00000|100%|HC|  |TAMS 0x0000000086e00000| PB 0x0000000086d00000| Complete 
|  80|0x0000000086e00000, 0x0000000086f00000, 0x0000000086f00000|100%|HS|  |TAMS 0x0000000086f00000| PB 0x0000000086e00000| Complete 
|  81|0x0000000086f00000, 0x0000000087000000, 0x0000000087000000|100%|HC|  |TAMS 0x0000000087000000| PB 0x0000000086f00000| Complete 
|  82|0x0000000087000000, 0x0000000087100000, 0x0000000087100000|100%|HS|  |TAMS 0x0000000087100000| PB 0x0000000087000000| Complete 
|  83|0x0000000087100000, 0x0000000087200000, 0x0000000087200000|100%|HC|  |TAMS 0x0000000087200000| PB 0x0000000087100000| Complete 
|  84|0x0000000087200000, 0x0000000087300000, 0x0000000087300000|100%|HS|  |TAMS 0x0000000087300000| PB 0x0000000087200000| Complete 
|  85|0x0000000087300000, 0x0000000087400000, 0x0000000087400000|100%|HC|  |TAMS 0x0000000087400000| PB 0x0000000087300000| Complete 
|  86|0x0000000087400000, 0x0000000087500000, 0x0000000087500000|100%|HS|  |TAMS 0x0000000087500000| PB 0x0000000087400000| Complete 
|  87|0x0000000087500000, 0x0000000087600000, 0x0000000087600000|100%|HC|  |TAMS 0x0000000087600000| PB 0x0000000087500000| Complete 
|  88|0x0000000087600000, 0x0000000087700000, 0x0000000087700000|100%|HS|  |TAMS 0x0000000087700000| PB 0x0000000087600000| Complete 
|  89|0x0000000087700000, 0x0000000087800000, 0x0000000087800000|100%|HC|  |TAMS 0x0000000087800000| PB 0x0000000087700000| Complete 
|  90|0x0000000087800000, 0x0000000087900000, 0x0000000087900000|100%|HS|  |TAMS 0x0000000087900000| PB 0x0000000087800000| Complete 
|  91|0x0000000087900000, 0x0000000087a00000, 0x0000000087a00000|100%|HC|  |TAMS 0x0000000087a00000| PB 0x0000000087900000| Complete 
|  92|0x0000000087a00000, 0x0000000087b00000, 0x0000000087b00000|100%|HS|  |TAMS 0x0000000087b00000| PB 0x0000000087a00000| Complete 
|  93|0x0000000087b00000, 0x0000000087c00000, 0x0000000087c00000|100%|HC|  |TAMS 0x0000000087c00000| PB 0x0000000087b00000| Complete 
|  94|0x0000000087c00000, 0x0000000087d00000, 0x0000000087d00000|100%|HS|  |TAMS 0x0000000087d00000| PB 0x0000000087c00000| Complete 
|  95|0x0000000087d00000, 0x0000000087e00000, 0x0000000087e00000|100%|HC|  |TAMS 0x0000000087e00000| PB 0x0000000087d00000| Complete 
|  96|0x0000000087e00000, 0x0000000087f00000, 0x0000000087f00000|100%|HS|  |TAMS 0x0000000087f00000| PB 0x0000000087e00000| Complete 
|  97|0x0000000087f00000, 0x0000000088000000, 0x0000000088000000|100%|HC|  |TAMS 0x0000000088000000| PB 0x0000000087f00000| Complete 
|  98|0x0000000088000000, 0x0000000088100000, 0x0000000088100000|100%|HS|  |TAMS 0x0000000088100000| PB 0x0000000088000000| Complete 
|  99|0x0000000088100000, 0x0000000088200000, 0x0000000088200000|100%|HS|  |TAMS 0x0000000088200000| PB 0x0000000088100000| Complete 
| 100|0x0000000088200000, 0x0000000088300000, 0x0000000088300000|100%|HC|  |TAMS 0x0000000088300000| PB 0x0000000088200000| Complete 
| 101|0x0000000088300000, 0x0000000088400000, 0x0000000088400000|100%|HS|  |TAMS 0x0000000088400000| PB 0x0000000088300000| Complete 
| 102|0x0000000088400000, 0x0000000088500000, 0x0000000088500000|100%|HC|  |TAMS 0x0000000088500000| PB 0x0000000088400000| Complete 
| 103|0x0000000088500000, 0x0000000088600000, 0x0000000088600000|100%|HS|  |TAMS 0x0000000088600000| PB 0x0000000088500000| Complete 
| 104|0x0000000088600000, 0x0000000088700000, 0x0000000088700000|100%|HC|  |TAMS 0x0000000088700000| PB 0x0000000088600000| Complete 
| 105|0x0000000088700000, 0x0000000088800000, 0x0000000088800000|100%|HS|  |TAMS 0x0000000088800000| PB 0x0000000088700000| Complete 
| 106|0x0000000088800000, 0x0000000088900000, 0x0000000088900000|100%|HC|  |TAMS 0x0000000088900000| PB 0x0000000088800000| Complete 
| 107|0x0000000088900000, 0x0000000088a00000, 0x0000000088a00000|100%|HS|  |TAMS 0x0000000088a00000| PB 0x0000000088900000| Complete 
| 108|0x0000000088a00000, 0x0000000088b00000, 0x0000000088b00000|100%|HC|  |TAMS 0x0000000088b00000| PB 0x0000000088a00000| Complete 
| 109|0x0000000088b00000, 0x0000000088c00000, 0x0000000088c00000|100%|HS|  |TAMS 0x0000000088c00000| PB 0x0000000088b00000| Complete 
| 110|0x0000000088c00000, 0x0000000088d00000, 0x0000000088d00000|100%|HC|  |TAMS 0x0000000088d00000| PB 0x0000000088c00000| Complete 
| 111|0x0000000088d00000, 0x0000000088e00000, 0x0000000088e00000|100%|HS|  |TAMS 0x0000000088e00000| PB 0x0000000088d00000| Complete 
| 112|0x0000000088e00000, 0x0000000088f00000, 0x0000000088f00000|100%|HC|  |TAMS 0x0000000088f00000| PB 0x0000000088e00000| Complete 
| 113|0x0000000088f00000, 0x0000000089000000, 0x0000000089000000|100%|HS|  |TAMS 0x0000000089000000| PB 0x0000000088f00000| Complete 
| 114|0x0000000089000000, 0x0000000089100000, 0x0000000089100000|100%|HC|  |TAMS 0x0000000089100000| PB 0x0000000089000000| Complete 
| 115|0x0000000089100000, 0x0000000089200000, 0x0000000089200000|100%|HS|  |TAMS 0x0000000089200000| PB 0x0000000089100000| Complete 
| 116|0x0000000089200000, 0x0000000089300000, 0x0000000089300000|100%|HC|  |TAMS 0x0000000089300000| PB 0x0000000089200000| Complete 
| 117|0x0000000089300000, 0x0000000089400000, 0x0000000089400000|100%|HS|  |TAMS 0x0000000089400000| PB 0x0000000089300000| Complete 
| 118|0x0000000089400000, 0x0000000089500000, 0x0000000089500000|100%|HC|  |TAMS 0x0000000089500000| PB 0x0000000089400000| Complete 
| 119|0x0000000089500000, 0x0000000089600000, 0x0000000089600000|100%|HS|  |TAMS 0x0000000089600000| PB 0x0000000089500000| Complete 
| 120|0x0000000089600000, 0x0000000089700000, 0x0000000089700000|100%|HC|  |TAMS 0x0000000089700000| PB 0x0000000089600000| Complete 
| 121|0x0000000089700000, 0x0000000089800000, 0x0000000089800000|100%|HS|  |TAMS 0x0000000089800000| PB 0x0000000089700000| Complete 
| 122|0x0000000089800000, 0x0000000089800000, 0x0000000089900000|  0%| F|  |TAMS 0x0000000089800000| PB 0x0000000089800000| Untracked 
| 123|0x0000000089900000, 0x0000000089a00000, 0x0000000089a00000|100%|HS|  |TAMS 0x0000000089a00000| PB 0x0000000089900000| Complete 
| 124|0x0000000089a00000, 0x0000000089b00000, 0x0000000089b00000|100%|HC|  |TAMS 0x0000000089b00000| PB 0x0000000089a00000| Complete 
| 125|0x0000000089b00000, 0x0000000089c00000, 0x0000000089c00000|100%|HS|  |TAMS 0x0000000089c00000| PB 0x0000000089b00000| Complete 
| 126|0x0000000089c00000, 0x0000000089d00000, 0x0000000089d00000|100%|HC|  |TAMS 0x0000000089d00000| PB 0x0000000089c00000| Complete 
| 127|0x0000000089d00000, 0x0000000089e00000, 0x0000000089e00000|100%|HS|  |TAMS 0x0000000089e00000| PB 0x0000000089d00000| Complete 
| 128|0x0000000089e00000, 0x0000000089e00000, 0x0000000089f00000|  0%| F|  |TAMS 0x0000000089e00000| PB 0x0000000089e00000| Untracked 
| 129|0x0000000089f00000, 0x000000008a000000, 0x000000008a000000|100%|HS|  |TAMS 0x000000008a000000| PB 0x0000000089f00000| Complete 
| 130|0x000000008a000000, 0x000000008a100000, 0x000000008a100000|100%|HC|  |TAMS 0x000000008a100000| PB 0x000000008a000000| Complete 
| 131|0x000000008a100000, 0x000000008a200000, 0x000000008a200000|100%|HS|  |TAMS 0x000000008a200000| PB 0x000000008a100000| Complete 
| 132|0x000000008a200000, 0x000000008a300000, 0x000000008a300000|100%|HC|  |TAMS 0x000000008a300000| PB 0x000000008a200000| Complete 
| 133|0x000000008a300000, 0x000000008a400000, 0x000000008a400000|100%|HS|  |TAMS 0x000000008a400000| PB 0x000000008a300000| Complete 
| 134|0x000000008a400000, 0x000000008a500000, 0x000000008a500000|100%|HC|  |TAMS 0x000000008a500000| PB 0x000000008a400000| Complete 
| 135|0x000000008a500000, 0x000000008a500000, 0x000000008a600000|  0%| F|  |TAMS 0x000000008a500000| PB 0x000000008a500000| Untracked 
| 136|0x000000008a600000, 0x000000008a600000, 0x000000008a700000|  0%| F|  |TAMS 0x000000008a600000| PB 0x000000008a600000| Untracked 
| 137|0x000000008a700000, 0x000000008a800000, 0x000000008a800000|100%|HS|  |TAMS 0x000000008a800000| PB 0x000000008a700000| Complete 
| 138|0x000000008a800000, 0x000000008a900000, 0x000000008a900000|100%|HC|  |TAMS 0x000000008a900000| PB 0x000000008a800000| Complete 
| 139|0x000000008a900000, 0x000000008aa00000, 0x000000008aa00000|100%|HS|  |TAMS 0x000000008aa00000| PB 0x000000008a900000| Complete 
| 140|0x000000008aa00000, 0x000000008ab00000, 0x000000008ab00000|100%|HC|  |TAMS 0x000000008ab00000| PB 0x000000008aa00000| Complete 
| 141|0x000000008ab00000, 0x000000008ac00000, 0x000000008ac00000|100%|HS|  |TAMS 0x000000008ac00000| PB 0x000000008ab00000| Complete 
| 142|0x000000008ac00000, 0x000000008ad00000, 0x000000008ad00000|100%|HC|  |TAMS 0x000000008ad00000| PB 0x000000008ac00000| Complete 
| 143|0x000000008ad00000, 0x000000008ae00000, 0x000000008ae00000|100%|HS|  |TAMS 0x000000008ae00000| PB 0x000000008ad00000| Complete 
| 144|0x000000008ae00000, 0x000000008af00000, 0x000000008af00000|100%|HC|  |TAMS 0x000000008af00000| PB 0x000000008ae00000| Complete 
| 145|0x000000008af00000, 0x000000008b000000, 0x000000008b000000|100%|HS|  |TAMS 0x000000008b000000| PB 0x000000008af00000| Complete 
| 146|0x000000008b000000, 0x000000008b100000, 0x000000008b100000|100%|HC|  |TAMS 0x000000008b100000| PB 0x000000008b000000| Complete 
| 147|0x000000008b100000, 0x000000008b200000, 0x000000008b200000|100%|HS|  |TAMS 0x000000008b200000| PB 0x000000008b100000| Complete 
| 148|0x000000008b200000, 0x000000008b300000, 0x000000008b300000|100%|HC|  |TAMS 0x000000008b300000| PB 0x000000008b200000| Complete 
| 149|0x000000008b300000, 0x000000008b300000, 0x000000008b400000|  0%| F|  |TAMS 0x000000008b300000| PB 0x000000008b300000| Untracked 
|2017|0x00000000fff00000, 0x00000000fff09600, 0x0000000100000000|  3%| O|  |TAMS 0x00000000fff00000| PB 0x00000000fff00000| Untracked 

Card table byte_map: [0x000002557d120000,0x000002557d520000] _byte_map_base: 0x000002557cd11000

Marking Bits: (CMBitMap*) 0x000002557cccdbb0
 Bits: [0x000002557d920000, 0x000002557f8a8000)

Polling page: 0x000002557ab90000

Metaspace:

Usage:
  Non-class:     11.74 MB used.
      Class:      1.83 MB used.
       Both:     13.57 MB used.

Virtual space:
  Non-class space:       64.00 MB reserved,      11.94 MB ( 19%) committed,  1 nodes.
      Class space:        1.00 GB reserved,       2.00 MB ( <1%) committed,  1 nodes.
             Both:        1.06 GB reserved,      13.94 MB (  1%) committed. 

Chunk freelists:
   Non-Class:  16.00 KB
       Class:  1.98 MB
        Both:  2.00 MB

MaxMetaspaceSize: unlimited
CompressedClassSpaceSize: 1.00 GB
Initial GC threshold: 21.00 MB
Current GC threshold: 21.00 MB
CDS: on
MetaspaceReclaimPolicy: balanced
 - commit_granule_bytes: 65536.
 - commit_granule_words: 8192.
 - virtual_space_node_default_size: 8388608.
 - enlarge_chunks_in_place: 1.
 - new_chunks_are_fully_committed: 0.
 - uncommit_free_chunks: 1.
 - use_allocation_guard: 0.


Internal statistics:

num_allocs_failed_limit: 0.
num_arena_births: 344.
num_arena_deaths: 0.
num_vsnodes_births: 2.
num_vsnodes_deaths: 0.
num_space_committed: 223.
num_space_uncommitted: 0.
num_chunks_returned_to_freelist: 0.
num_chunks_taken_from_freelist: 747.
num_chunk_merges: 0.
num_chunk_splits: 519.
num_chunks_enlarged: 381.
num_inconsistent_stats: 0.

CodeHeap 'non-profiled nmethods': size=120000Kb used=697Kb max_used=697Kb free=119302Kb
 bounds [0x000002550fac0000, 0x000002550fd30000, 0x0000025516ff0000]
CodeHeap 'profiled nmethods': size=120000Kb used=4169Kb max_used=4169Kb free=115830Kb
 bounds [0x0000025507ff0000, 0x0000025508410000, 0x000002550f520000]
CodeHeap 'non-nmethods': size=5760Kb used=1740Kb max_used=1754Kb free=4019Kb
 bounds [0x000002550f520000, 0x000002550f790000, 0x000002550fac0000]
 total_blobs=2740 nmethods=2018 adapters=632
 compilation: enabled
              stopped_count=0, restarted_count=0
 full_count=0

Compilation events (20 events):
Event: 5.011 Thread 0x000002557fd9f000 2266       3       javafx.scene.Node::getTypeSelector (63 bytes)
Event: 5.011 Thread 0x000002557fd9c2e0 nmethod 2264 0x000002550fb6d090 code [0x000002550fb6d200, 0x000002550fb6d2b8]
Event: 5.011 Thread 0x000002557fd9c2e0 2265       4       java.util.Collections$UnmodifiableList::get (11 bytes)
Event: 5.012 Thread 0x000002557fd9f000 nmethod 2266 0x00000255083f1410 code [0x00000255083f1640, 0x00000255083f1f08]
Event: 5.012 Thread 0x000002557fd9f000 2267       3       com.sun.javafx.css.StyleManager$Key::hashCode (66 bytes)
Event: 5.013 Thread 0x000002557fd9f000 nmethod 2267 0x00000255083f2310 code [0x00000255083f24c0, 0x00000255083f27b0]
Event: 5.013 Thread 0x000002557fd9f000 2268   !   3       com.sun.javafx.css.StyleManager::getCacheContainer (152 bytes)
Event: 5.013 Thread 0x000002557fd9c2e0 nmethod 2265 0x000002550fb6d390 code [0x000002550fb6d520, 0x000002550fb6d688]
Event: 5.014 Thread 0x000002557fd9c2e0 2271       4       java.lang.String::trim (35 bytes)
Event: 5.014 Thread 0x000002557fd9f000 nmethod 2268 0x00000255083f2910 code [0x00000255083f2c20, 0x00000255083f4680]
Event: 5.014 Thread 0x000002557fd9f000 2269   !   3       com.sun.javafx.css.StyleManager::findMatchingStyles (1267 bytes)
Event: 5.016 Thread 0x000002557fd9c2e0 nmethod 2271 0x000002550fb6d810 code [0x000002550fb6d980, 0x000002550fb6dab0]
Event: 5.016 Thread 0x000002557fd9c2e0 2272       4       java.lang.StringLatin1::trim (76 bytes)
Event: 5.018 Thread 0x000002557fd9c2e0 nmethod 2272 0x000002550fb6dc10 code [0x000002550fb6dd80, 0x000002550fb6de58]
Event: 5.023 Thread 0x000002557fd9c2e0 2280       4       java.lang.String::equals (56 bytes)
Event: 5.025 Thread 0x000002557fd9c2e0 nmethod 2280 0x000002550fb6df90 code [0x000002550fb6e100, 0x000002550fb6e2b8]
Event: 5.029 Thread 0x000002557fd9f000 nmethod 2269 0x00000255083f4c90 code [0x00000255083f5780, 0x00000255083fd810]
Event: 5.029 Thread 0x000002557fd9f000 2273       1       javafx.css.Style::getDeclaration (5 bytes)
Event: 5.029 Thread 0x000002557fd9f000 nmethod 2273 0x000002550fb6e390 code [0x000002550fb6e500, 0x000002550fb6e5c8]
Event: 5.029 Thread 0x000002557fd9f000 2270       3       javafx.scene.Node::reapplyCss (174 bytes)

GC Heap History (19 events):
Event: 1.272 GC heap before
{Heap before GC invocations=0 (full 0):
 garbage-first heap   total 131072K, used 12288K [0x0000000081e00000, 0x0000000100000000)
  region size 1024K, 13 young (13312K), 0 survivors (0K)
 Metaspace       used 2478K, committed 2688K, reserved 1114112K
  class space    used 258K, committed 320K, reserved 1048576K
}
Event: 1.277 GC heap after
{Heap after GC invocations=1 (full 0):
 garbage-first heap   total 131072K, used 1828K [0x0000000081e00000, 0x0000000100000000)
  region size 1024K, 2 young (2048K), 2 survivors (2048K)
 Metaspace       used 2478K, committed 2688K, reserved 1114112K
  class space    used 258K, committed 320K, reserved 1048576K
}
Event: 3.024 GC heap before
{Heap before GC invocations=1 (full 0):
 garbage-first heap   total 131072K, used 19236K [0x0000000081e00000, 0x0000000100000000)
  region size 1024K, 20 young (20480K), 2 survivors (2048K)
 Metaspace       used 8113K, committed 8384K, reserved 1114112K
  class space    used 922K, committed 1024K, reserved 1048576K
}
Event: 3.030 GC heap after
{Heap after GC invocations=2 (full 0):
 garbage-first heap   total 131072K, used 4866K [0x0000000081e00000, 0x0000000100000000)
  region size 1024K, 3 young (3072K), 3 survivors (3072K)
 Metaspace       used 8113K, committed 8384K, reserved 1114112K
  class space    used 922K, committed 1024K, reserved 1048576K
}
Event: 4.250 GC heap before
{Heap before GC invocations=2 (full 0):
 garbage-first heap   total 131072K, used 77570K [0x0000000081e00000, 0x0000000100000000)
  region size 1024K, 21 young (21504K), 3 survivors (3072K)
 Metaspace       used 11595K, committed 11968K, reserved 1114112K
  class space    used 1475K, committed 1664K, reserved 1048576K
}
Event: 4.256 GC heap after
{Heap after GC invocations=3 (full 0):
 garbage-first heap   total 131072K, used 64622K [0x0000000081e00000, 0x0000000100000000)
  region size 1024K, 7 young (7168K), 7 survivors (7168K)
 Metaspace       used 11595K, committed 11968K, reserved 1114112K
  class space    used 1475K, committed 1664K, reserved 1048576K
}
Event: 4.263 GC heap before
{Heap before GC invocations=3 (full 0):
 garbage-first heap   total 131072K, used 66670K [0x0000000081e00000, 0x0000000100000000)
  region size 1024K, 8 young (8192K), 7 survivors (7168K)
 Metaspace       used 11597K, committed 11968K, reserved 1114112K
  class space    used 1475K, committed 1664K, reserved 1048576K
}
Event: 4.269 GC heap after
{Heap after GC invocations=4 (full 0):
 garbage-first heap   total 131072K, used 66853K [0x0000000081e00000, 0x0000000100000000)
  region size 1024K, 4 young (4096K), 4 survivors (4096K)
 Metaspace       used 11597K, committed 11968K, reserved 1114112K
  class space    used 1475K, committed 1664K, reserved 1048576K
}
Event: 4.283 GC heap before
{Heap before GC invocations=5 (full 0):
 garbage-first heap   total 131072K, used 68901K [0x0000000081e00000, 0x0000000100000000)
  region size 1024K, 5 young (5120K), 4 survivors (4096K)
 Metaspace       used 11615K, committed 11968K, reserved 1114112K
  class space    used 1475K, committed 1664K, reserved 1048576K
}
Event: 4.286 GC heap after
{Heap after GC invocations=6 (full 0):
 garbage-first heap   total 131072K, used 68867K [0x0000000081e00000, 0x0000000100000000)
  region size 1024K, 4 young (4096K), 4 survivors (4096K)
 Metaspace       used 11615K, committed 11968K, reserved 1114112K
  class space    used 1475K, committed 1664K, reserved 1048576K
}
Event: 4.309 GC heap before
{Heap before GC invocations=7 (full 0):
 garbage-first heap   total 131072K, used 75011K [0x0000000081e00000, 0x0000000100000000)
  region size 1024K, 5 young (5120K), 4 survivors (4096K)
 Metaspace       used 11626K, committed 11968K, reserved 1114112K
  class space    used 1475K, committed 1664K, reserved 1048576K
}
Event: 4.313 GC heap after
{Heap after GC invocations=8 (full 0):
 garbage-first heap   total 131072K, used 74983K [0x0000000081e00000, 0x0000000100000000)
  region size 1024K, 4 young (4096K), 4 survivors (4096K)
 Metaspace       used 11626K, committed 11968K, reserved 1114112K
  class space    used 1475K, committed 1664K, reserved 1048576K
}
Event: 4.383 GC heap before
{Heap before GC invocations=9 (full 0):
 garbage-first heap   total 132096K, used 78055K [0x0000000081e00000, 0x0000000100000000)
  region size 1024K, 6 young (6144K), 4 survivors (4096K)
 Metaspace       used 11921K, committed 12224K, reserved 1114112K
  class space    used 1543K, committed 1664K, reserved 1048576K
}
Event: 4.388 GC heap after
{Heap after GC invocations=10 (full 0):
 garbage-first heap   total 132096K, used 77357K [0x0000000081e00000, 0x0000000100000000)
  region size 1024K, 1 young (1024K), 1 survivors (1024K)
 Metaspace       used 11921K, committed 12224K, reserved 1114112K
  class space    used 1543K, committed 1664K, reserved 1048576K
}
Event: 4.799 GC heap before
{Heap before GC invocations=11 (full 0):
 garbage-first heap   total 152576K, used 150061K [0x0000000081e00000, 0x0000000100000000)
  region size 1024K, 4 young (4096K), 1 survivors (1024K)
 Metaspace       used 12175K, committed 12544K, reserved 1114112K
  class space    used 1574K, committed 1728K, reserved 1048576K
}
Event: 4.800 GC heap after
{Heap after GC invocations=12 (full 0):
 garbage-first heap   total 153600K, used 147947K [0x0000000081e00000, 0x0000000100000000)
  region size 1024K, 1 young (1024K), 1 survivors (1024K)
 Metaspace       used 12175K, committed 12544K, reserved 1114112K
  class space    used 1574K, committed 1728K, reserved 1048576K
}
Event: 4.847 GC heap before
{Heap before GC invocations=12 (full 0):
 garbage-first heap   total 153600K, used 151019K [0x0000000081e00000, 0x0000000100000000)
  region size 1024K, 4 young (4096K), 1 survivors (1024K)
 Metaspace       used 12814K, committed 13184K, reserved 1114112K
  class space    used 1693K, committed 1856K, reserved 1048576K
}
Event: 4.851 GC heap after
{Heap after GC invocations=13 (full 0):
 garbage-first heap   total 153600K, used 147947K [0x0000000081e00000, 0x0000000100000000)
  region size 1024K, 1 young (1024K), 1 survivors (1024K)
 Metaspace       used 12814K, committed 13184K, reserved 1114112K
  class space    used 1693K, committed 1856K, reserved 1048576K
}
Event: 5.030 GC heap before
{Heap before GC invocations=13 (full 0):
 garbage-first heap   total 153600K, used 151019K [0x0000000081e00000, 0x0000000100000000)
  region size 1024K, 5 young (5120K), 1 survivors (1024K)
 Metaspace       used 13892K, committed 14272K, reserved 1114112K
  class space    used 1869K, committed 2048K, reserved 1048576K
}

Dll operation events (20 events):
Event: 1.846 Loaded shared library C:\Users\HP\.openjfx\cache\18-ea\api-ms-win-crt-environment-l1-1-0.dll
Event: 1.883 Loaded shared library C:\Users\HP\.openjfx\cache\18-ea\api-ms-win-crt-filesystem-l1-1-0.dll
Event: 1.888 Loaded shared library C:\Users\HP\.openjfx\cache\18-ea\api-ms-win-crt-heap-l1-1-0.dll
Event: 1.909 Loaded shared library C:\Users\HP\.openjfx\cache\18-ea\api-ms-win-crt-locale-l1-1-0.dll
Event: 1.925 Loaded shared library C:\Users\HP\.openjfx\cache\18-ea\api-ms-win-crt-math-l1-1-0.dll
Event: 1.929 Loaded shared library C:\Users\HP\.openjfx\cache\18-ea\api-ms-win-crt-multibyte-l1-1-0.dll
Event: 1.951 Loaded shared library C:\Users\HP\.openjfx\cache\18-ea\api-ms-win-crt-private-l1-1-0.dll
Event: 1.984 Loaded shared library C:\Users\HP\.openjfx\cache\18-ea\api-ms-win-crt-process-l1-1-0.dll
Event: 2.009 Loaded shared library C:\Users\HP\.openjfx\cache\18-ea\api-ms-win-crt-runtime-l1-1-0.dll
Event: 2.024 Loaded shared library C:\Users\HP\.openjfx\cache\18-ea\api-ms-win-crt-stdio-l1-1-0.dll
Event: 2.029 Loaded shared library C:\Users\HP\.openjfx\cache\18-ea\api-ms-win-crt-string-l1-1-0.dll
Event: 2.055 Loaded shared library C:\Users\HP\.openjfx\cache\18-ea\api-ms-win-crt-time-l1-1-0.dll
Event: 2.080 Loaded shared library C:\Users\HP\.openjfx\cache\18-ea\api-ms-win-crt-utility-l1-1-0.dll
Event: 2.151 Loaded shared library C:\Users\HP\.openjfx\cache\18-ea\ucrtbase.dll
Event: 2.178 Loaded shared library C:\Users\HP\.openjfx\cache\18-ea\vcruntime140.dll
Event: 2.187 Loaded shared library C:\Users\HP\.openjfx\cache\18-ea\vcruntime140_1.dll
Event: 2.213 Loaded shared library C:\Users\HP\.openjfx\cache\18-ea\msvcp140.dll
Event: 2.445 Loaded shared library C:\Users\HP\.openjfx\cache\18-ea\prism_d3d.dll
Event: 2.496 Loaded shared library C:\Users\HP\.openjfx\cache\18-ea\glass.dll
Event: 3.529 Loaded shared library C:\Users\HP\.openjfx\cache\18-ea\javafx_font.dll

Deoptimization events (20 events):
Event: 5.019 Thread 0x000002551db37980 Uncommon trap: trap_request=0xffffffde fr.pc=0x000002550facc610 relative=0x0000000000000190
Event: 5.019 Thread 0x000002551db37980 Uncommon trap: reason=class_check action=maybe_recompile pc=0x000002550facc610 method=java.lang.String.equals(Ljava/lang/Object;)Z @ 8 c2
Event: 5.019 Thread 0x000002551db37980 DEOPT PACKING pc=0x000002550facc610 sp=0x0000008a111fd7e0
Event: 5.019 Thread 0x000002551db37980 DEOPT UNPACKING pc=0x000002550f589d22 sp=0x0000008a111fd778 mode 2
Event: 5.019 Thread 0x000002551db37980 Uncommon trap: trap_request=0xffffffde fr.pc=0x000002550facc610 relative=0x0000000000000190
Event: 5.019 Thread 0x000002551db37980 Uncommon trap: reason=class_check action=maybe_recompile pc=0x000002550facc610 method=java.lang.String.equals(Ljava/lang/Object;)Z @ 8 c2
Event: 5.019 Thread 0x000002551db37980 DEOPT PACKING pc=0x000002550facc610 sp=0x0000008a111fd7e0
Event: 5.019 Thread 0x000002551db37980 DEOPT UNPACKING pc=0x000002550f589d22 sp=0x0000008a111fd778 mode 2
Event: 5.019 Thread 0x000002551db37980 Uncommon trap: trap_request=0xffffffde fr.pc=0x000002550fae867c relative=0x000000000000017c
Event: 5.019 Thread 0x000002551db37980 Uncommon trap: reason=class_check action=maybe_recompile pc=0x000002550fae867c method=com.sun.javafx.css.BitSet.containsAll(Ljava/util/Collection;)Z @ 18 c2
Event: 5.019 Thread 0x000002551db37980 DEOPT PACKING pc=0x000002550fae867c sp=0x0000008a111fd420
Event: 5.019 Thread 0x000002551db37980 DEOPT UNPACKING pc=0x000002550f589d22 sp=0x0000008a111fd3a8 mode 2
Event: 5.019 Thread 0x000002551db37980 Uncommon trap: trap_request=0xffffffde fr.pc=0x000002550fae867c relative=0x000000000000017c
Event: 5.019 Thread 0x000002551db37980 Uncommon trap: reason=class_check action=maybe_recompile pc=0x000002550fae867c method=com.sun.javafx.css.BitSet.containsAll(Ljava/util/Collection;)Z @ 18 c2
Event: 5.019 Thread 0x000002551db37980 DEOPT PACKING pc=0x000002550fae867c sp=0x0000008a111fd290
Event: 5.019 Thread 0x000002551db37980 DEOPT UNPACKING pc=0x000002550f589d22 sp=0x0000008a111fd218 mode 2
Event: 5.021 Thread 0x000002551db37980 Uncommon trap: trap_request=0xffffffde fr.pc=0x000002550facc610 relative=0x0000000000000190
Event: 5.021 Thread 0x000002551db37980 Uncommon trap: reason=class_check action=maybe_recompile pc=0x000002550facc610 method=java.lang.String.equals(Ljava/lang/Object;)Z @ 8 c2
Event: 5.021 Thread 0x000002551db37980 DEOPT PACKING pc=0x000002550facc610 sp=0x0000008a111fd4b0
Event: 5.021 Thread 0x000002551db37980 DEOPT UNPACKING pc=0x000002550f589d22 sp=0x0000008a111fd448 mode 2

Classes loaded (20 events):
Event: 3.855 Loading class sun/reflect/generics/tree/BottomSignature
Event: 3.856 Loading class sun/reflect/generics/tree/BottomSignature done
Event: 3.856 Loading class sun/reflect/generics/tree/Wildcard
Event: 3.856 Loading class sun/reflect/generics/tree/Wildcard done
Event: 3.856 Loading class sun/reflect/generics/reflectiveObjects/WildcardTypeImpl
Event: 3.856 Loading class java/lang/reflect/WildcardType
Event: 3.856 Loading class java/lang/reflect/WildcardType done
Event: 3.856 Loading class sun/reflect/generics/reflectiveObjects/WildcardTypeImpl done
Event: 3.911 Loading class sun/nio/cs/UTF_16BE$Decoder
Event: 3.911 Loading class sun/nio/cs/UnicodeDecoder
Event: 3.911 Loading class sun/nio/cs/UnicodeDecoder done
Event: 3.911 Loading class sun/nio/cs/UTF_16BE$Decoder done
Event: 4.654 Loading class com/sun/org/apache/xerces/internal/impl/io/MalformedByteSequenceException
Event: 4.779 Loading class java/io/CharConversionException
Event: 4.779 Loading class java/io/CharConversionException done
Event: 4.779 Loading class com/sun/org/apache/xerces/internal/impl/io/MalformedByteSequenceException done
Event: 4.844 Loading class java/io/CharArrayReader
Event: 4.844 Loading class java/io/CharArrayReader done
Event: 4.975 Loading class jdk/jfr/FlightRecorder
Event: 4.975 Loading class jdk/jfr/FlightRecorder done

Classes unloaded (0 events):
No events

Classes redefined (0 events):
No events

Internal exceptions (20 events):
Event: 2.948 Thread 0x000002551db37980 Exception <a 'java/lang/NullPointerException'{0x0000000088cdcea8}> (0x0000000088cdcea8) 
thrown [s\open\src\hotspot\share\interpreter\linkResolver.cpp, line 1373]
Event: 2.961 Thread 0x000002551db37980 Exception <a 'sun/nio/fs/WindowsException'{0x0000000088b42ee0}> (0x0000000088b42ee0) 
thrown [s\open\src\hotspot\share\prims\jni.cpp, line 519]
Event: 2.986 Thread 0x000002551db37980 Exception <a 'java/lang/ClassNotFoundException'{0x0000000088b66370}: sun/util/logging/resources/spi/loggingProvider> (0x0000000088b66370) 
thrown [s\open\src\hotspot\share\classfile\systemDictionary.cpp, line 305]
Event: 3.053 Thread 0x000002551db37980 Exception <a 'java/lang/NoSuchMethodError'{0x0000000089def6c8}: 'void java.lang.invoke.DirectMethodHandle$Holder.invokeSpecial(java.lang.Object, java.lang.Object, double)'> (0x0000000089def6c8) 
thrown [s\open\src\hotspot\share\interpreter\linkResolver.cpp, line 773]
Event: 3.055 Thread 0x000002551db37980 Exception <a 'java/lang/NoSuchMethodError'{0x0000000089dfa600}: 'double java.lang.invoke.DelegatingMethodHandle$Holder.reinvoke_L(java.lang.Object, java.lang.Object, int)'> (0x0000000089dfa600) 
thrown [s\open\src\hotspot\share\interpreter\linkResolver.cpp, line 773]
Event: 3.056 Thread 0x000002551db37980 Exception <a 'java/lang/NoSuchMethodError'{0x0000000089c0c4e8}: 'java.lang.Object java.lang.invoke.DirectMethodHandle$Holder.invokeStatic(java.lang.Object, java.lang.Object, java.lang.Object, java.lang.Object, int)'> (0x0000000089c0c4e8) 
thrown [s\open\src\hotspot\share\interpreter\linkResolver.cpp, line 773]
Event: 3.058 Thread 0x000002551db37980 Exception <a 'java/lang/NoSuchMethodError'{0x0000000089c17618}: 'void java.lang.invoke.DelegatingMethodHandle$Holder.reinvoke_L(java.lang.Object, java.lang.Object, double)'> (0x0000000089c17618) 
thrown [s\open\src\hotspot\share\interpreter\linkResolver.cpp, line 773]
Event: 3.274 Thread 0x000002551db37980 Exception <a 'java/lang/NoSuchMethodError'{0x0000000089bbaef8}: 'void java.lang.invoke.DirectMethodHandle$Holder.invokeSpecial(java.lang.Object, java.lang.Object, int)'> (0x0000000089bbaef8) 
thrown [s\open\src\hotspot\share\interpreter\linkResolver.cpp, line 773]
Event: 3.275 Thread 0x000002551db37980 Exception <a 'java/lang/NoSuchMethodError'{0x0000000089bbec78}: 'int java.lang.invoke.DirectMethodHandle$Holder.invokeSpecial(java.lang.Object, java.lang.Object, java.lang.Object, int)'> (0x0000000089bbec78) 
thrown [s\open\src\hotspot\share\interpreter\linkResolver.cpp, line 773]
Event: 3.276 Thread 0x000002551db37980 Exception <a 'java/lang/NoSuchMethodError'{0x0000000089bc9360}: 'void java.lang.invoke.DelegatingMethodHandle$Holder.reinvoke_L(java.lang.Object, java.lang.Object, int)'> (0x0000000089bc9360) 
thrown [s\open\src\hotspot\share\interpreter\linkResolver.cpp, line 773]
Event: 3.277 Thread 0x000002551db37980 Exception <a 'java/lang/NoSuchMethodError'{0x0000000089bccd88}: 'int java.lang.invoke.DirectMethodHandle$Holder.invokeSpecial(java.lang.Object, java.lang.Object, java.lang.Object)'> (0x0000000089bccd88) 
thrown [s\open\src\hotspot\share\interpreter\linkResolver.cpp, line 773]
Event: 3.299 Thread 0x000002551db37980 Exception <a 'java/lang/NoSuchMethodError'{0x0000000089a2f170}: 'void java.lang.invoke.Invokers$Holder.invokeExact_MT(java.lang.Object, java.lang.Object, java.lang.Object, java.lang.Object)'> (0x0000000089a2f170) 
thrown [s\open\src\hotspot\share\interpreter\linkResolver.cpp, line 773]
Event: 3.476 Thread 0x000002551db37980 Exception <a 'java/lang/ClassNotFoundException'{0x000000008995f9a0}: com/sun/glass/ui/win/themes> (0x000000008995f9a0) 
thrown [s\open\src\hotspot\share\prims\jni.cpp, line 538]
Event: 3.477 Thread 0x000002551db37980 Exception <a 'java/lang/ClassNotFoundException'{0x0000000089967a40}: com/sun/glass/ui/win/themes_fr> (0x0000000089967a40) 
thrown [s\open\src\hotspot\share\prims\jni.cpp, line 538]
Event: 3.477 Thread 0x000002551db37980 Exception <a 'java/lang/ClassNotFoundException'{0x000000008996f940}: com/sun/glass/ui/win/themes_fr_FR> (0x000000008996f940) 
thrown [s\open\src\hotspot\share\prims\jni.cpp, line 538]
Event: 3.691 Thread 0x000002551db37980 Exception <a 'java/lang/NoSuchMethodError'{0x0000000089435f70}: 'void java.lang.invoke.DirectMethodHandle$Holder.invokeStaticInit(java.lang.Object, java.lang.Object)'> (0x0000000089435f70) 
thrown [s\open\src\hotspot\share\interpreter\linkResolver.cpp, line 773]
Event: 3.876 Thread 0x000002551db37980 Exception <a 'sun/nio/fs/WindowsException'{0x000000008919ad20}> (0x000000008919ad20) 
thrown [s\open\src\hotspot\share\prims\jni.cpp, line 519]
Event: 4.821 Thread 0x000002551db37980 Exception <a 'sun/nio/fs/WindowsException'{0x000000008a590e90}> (0x000000008a590e90) 
thrown [s\open\src\hotspot\share\prims\jni.cpp, line 519]
Event: 4.822 Thread 0x000002551db37980 Exception <a 'sun/nio/fs/WindowsException'{0x000000008a591ce8}> (0x000000008a591ce8) 
thrown [s\open\src\hotspot\share\prims\jni.cpp, line 519]
Event: 4.965 Thread 0x000002551db37980 Implicit null exception at 0x000002550fb461f8 to 0x000002550fb46808

VM Operations (20 events):
Event: 4.313 Executing VM operation: G1TryInitiateConcMark done
Event: 4.322 Executing VM operation: G1PauseRemark
Event: 4.324 Executing VM operation: G1PauseRemark done
Event: 4.327 Executing VM operation: G1PauseCleanup
Event: 4.328 Executing VM operation: G1PauseCleanup done
Event: 4.383 Executing VM operation: G1TryInitiateConcMark
Event: 4.388 Executing VM operation: G1TryInitiateConcMark done
Event: 4.403 Executing VM operation: G1PauseRemark
Event: 4.404 Executing VM operation: G1PauseRemark done
Event: 4.411 Executing VM operation: G1PauseCleanup
Event: 4.411 Executing VM operation: G1PauseCleanup done
Event: 4.799 Executing VM operation: G1CollectForAllocation
Event: 4.800 Executing VM operation: G1CollectForAllocation done
Event: 4.808 Executing VM operation: HandshakeAllThreads
Event: 4.809 Executing VM operation: HandshakeAllThreads done
Event: 4.847 Executing VM operation: G1CollectForAllocation
Event: 4.851 Executing VM operation: G1CollectForAllocation done
Event: 4.963 Executing VM operation: HandshakeAllThreads
Event: 4.963 Executing VM operation: HandshakeAllThreads done
Event: 5.030 Executing VM operation: G1CollectForAllocation

Events (20 events):
Event: 4.301 Thread 0x000002557fd71a10 flushing nmethod 0x000002550faf6b10
Event: 4.301 Thread 0x000002557fd71a10 flushing nmethod 0x000002550fae5990
Event: 4.301 Thread 0x000002557fd71a10 flushing nmethod 0x000002550faf4a90
Event: 4.301 Thread 0x000002557fd71a10 flushing nmethod 0x000002550faf3110
Event: 4.301 Thread 0x000002557fd71a10 flushing nmethod 0x000002550fae5090
Event: 4.301 Thread 0x000002557fd71a10 flushing nmethod 0x000002550faf0c10
Event: 4.301 Thread 0x000002557fd71a10 flushing nmethod 0x000002550fade210
Event: 4.301 Thread 0x000002557fd71a10 flushing nmethod 0x000002550fadbf10
Event: 4.301 Thread 0x000002557fd71a10 flushing nmethod 0x000002550fadda90
Event: 4.301 Thread 0x000002557fd71a10 flushing nmethod 0x000002550facba90
Event: 4.301 Thread 0x000002557fd71a10 flushing nmethod 0x000002550fad2f10
Event: 4.301 Thread 0x000002557fd71a10 flushing nmethod 0x000002550facb010
Event: 4.301 Thread 0x000002557fd71a10 flushing nmethod 0x000002550fad1290
Event: 4.301 Thread 0x000002557fd71a10 flushing nmethod 0x000002550fac8290
Event: 4.301 Thread 0x000002557fd71a10 flushing nmethod 0x000002550fac1410
Event: 4.324 Thread 0x000002557fd71a10 flushing nmethod 0x00000255081f8f10
Event: 4.404 Thread 0x000002557fd71a10 flushing nmethod 0x0000025508217610
Event: 4.404 Thread 0x000002557fd71a10 flushing nmethod 0x000002550820c490
Event: 4.586 Thread 0x00000255206bd580 Thread added: 0x00000255206bd580
Event: 4.782 Thread 0x00000255206bd580 Thread exited: 0x00000255206bd580


Dynamic libraries:
0x00007ff65c9e0000 - 0x00007ff65c9ee000 	C:\Users\HP\.jdks\openjdk-20.0.1\bin\java.exe
0x00007ffa22730000 - 0x00007ffa22925000 	C:\Windows\SYSTEM32\ntdll.dll
0x00007ffa221a0000 - 0x00007ffa2225e000 	C:\Windows\System32\KERNEL32.DLL
0x00007ffa20150000 - 0x00007ffa20419000 	C:\Windows\System32\KERNELBASE.dll
0x00007ffa1ff50000 - 0x00007ffa20050000 	C:\Windows\System32\ucrtbase.dll
0x00007ffa13fd0000 - 0x00007ffa13fe7000 	C:\Users\HP\.jdks\openjdk-20.0.1\bin\jli.dll
0x00007ffa21090000 - 0x00007ffa21231000 	C:\Windows\System32\USER32.dll
0x00007ffa205c0000 - 0x00007ffa205e2000 	C:\Windows\System32\win32u.dll
0x00007ffa21a30000 - 0x00007ffa21a5b000 	C:\Windows\System32\GDI32.dll
0x00007ffa20420000 - 0x00007ffa2052b000 	C:\Windows\System32\gdi32full.dll
0x00007ffa1fe50000 - 0x00007ffa1feed000 	C:\Windows\System32\msvcp_win.dll
0x00007ffa146e0000 - 0x00007ffa146fb000 	C:\Users\HP\.jdks\openjdk-20.0.1\bin\VCRUNTIME140.dll
0x00007ffa10c20000 - 0x00007ffa10eba000 	C:\Windows\WinSxS\amd64_microsoft.windows.common-controls_6595b64144ccf1df_6.0.19041.1110_none_60b5254171f9507e\COMCTL32.dll
0x00007ffa20a30000 - 0x00007ffa20ace000 	C:\Windows\System32\msvcrt.dll
0x00007ffa20a00000 - 0x00007ffa20a30000 	C:\Windows\System32\IMM32.DLL
0x0000000073570000 - 0x000000007357c000 	C:\Program Files (x86)\360\Total Security\safemon\SafeWrapper.dll
0x00007ffa20e30000 - 0x00007ffa20edc000 	C:\Windows\System32\ADVAPI32.dll
0x00007ffa20d20000 - 0x00007ffa20dbb000 	C:\Windows\System32\sechost.dll
0x00007ffa218f0000 - 0x00007ffa21a1a000 	C:\Windows\System32\RPCRT4.dll
0x00007ff9cd3b0000 - 0x00007ff9cd442000 	C:\Program Files (x86)\360\Total Security\safemon\libzdtp64.dll
0x00007ffa21a60000 - 0x00007ffa2219f000 	C:\Windows\System32\SHELL32.dll
0x00007ffa22690000 - 0x00007ffa226e5000 	C:\Windows\System32\SHLWAPI.dll
0x00007ffa1f9d0000 - 0x00007ffa1f9da000 	C:\Windows\SYSTEM32\VERSION.dll
0x00007ffa1d6b0000 - 0x00007ffa1d6bc000 	C:\Users\HP\.jdks\openjdk-20.0.1\bin\vcruntime140_1.dll
0x00007ffa01020000 - 0x00007ffa010ae000 	C:\Users\HP\.jdks\openjdk-20.0.1\bin\msvcp140.dll
0x00007ff9c0a30000 - 0x00007ff9c16c7000 	C:\Users\HP\.jdks\openjdk-20.0.1\bin\server\jvm.dll
0x00007ffa13090000 - 0x00007ffa13099000 	C:\Windows\SYSTEM32\WSOCK32.dll
0x00007ffa15d90000 - 0x00007ffa15db7000 	C:\Windows\SYSTEM32\WINMM.dll
0x00007ffa21020000 - 0x00007ffa2108b000 	C:\Windows\System32\WS2_32.dll
0x00007ffa1dce0000 - 0x00007ffa1dcf2000 	C:\Windows\SYSTEM32\kernel.appcore.dll
0x00007ffa1b7e0000 - 0x00007ffa1b7ea000 	C:\Users\HP\.jdks\openjdk-20.0.1\bin\jimage.dll
0x00007ff9fd5a0000 - 0x00007ff9fd784000 	C:\Windows\SYSTEM32\DBGHELP.DLL
0x00007ff9f89d0000 - 0x00007ff9f89fc000 	C:\Windows\SYSTEM32\dbgcore.DLL
0x00007ffa20530000 - 0x00007ffa205b3000 	C:\Windows\System32\bcryptPrimitives.dll
0x00007ffa19a30000 - 0x00007ffa19a3e000 	C:\Users\HP\.jdks\openjdk-20.0.1\bin\instrument.dll
0x00007ffa00ff0000 - 0x00007ffa01016000 	C:\Users\HP\.jdks\openjdk-20.0.1\bin\java.dll
0x00007ff9cfc40000 - 0x00007ff9cfd17000 	C:\Users\HP\.jdks\openjdk-20.0.1\bin\jsvml.dll
0x00007ffa1dee0000 - 0x00007ffa1e670000 	C:\Windows\SYSTEM32\windows.storage.dll
0x00007ffa22280000 - 0x00007ffa225d5000 	C:\Windows\System32\combase.dll
0x00007ffa1f830000 - 0x00007ffa1f85c000 	C:\Windows\SYSTEM32\Wldp.dll
0x00007ffa225e0000 - 0x00007ffa2268d000 	C:\Windows\System32\SHCORE.dll
0x00007ffa1fd90000 - 0x00007ffa1fdaf000 	C:\Windows\SYSTEM32\profapi.dll
0x00007ffa13fb0000 - 0x00007ffa13fc3000 	C:\Users\HP\.jdks\openjdk-20.0.1\bin\net.dll
0x00007ffa151c0000 - 0x00007ffa152c8000 	C:\Windows\SYSTEM32\WINHTTP.dll
0x00007ffa1f520000 - 0x00007ffa1f58a000 	C:\Windows\system32\mswsock.dll
0x00007ffa010c0000 - 0x00007ffa010d6000 	C:\Users\HP\.jdks\openjdk-20.0.1\bin\nio.dll
0x00007ff9ff880000 - 0x00007ff9ff898000 	C:\Users\HP\.jdks\openjdk-20.0.1\bin\zip.dll
0x00007ff9ff860000 - 0x00007ff9ff87a000 	C:\Program Files\JetBrains\IntelliJ IDEA Community Edition 2024.1\bin\breakgen64.dll
0x000002551dd40000 - 0x000002551dd43000 	C:\Users\HP\.openjfx\cache\18-ea\api-ms-win-core-console-l1-1-0.dll
0x000002551dd50000 - 0x000002551dd53000 	C:\Users\HP\.openjfx\cache\18-ea\api-ms-win-core-console-l1-2-0.dll
0x000002551dd60000 - 0x000002551dd63000 	C:\Users\HP\.openjfx\cache\18-ea\api-ms-win-core-datetime-l1-1-0.dll
0x000002551dd70000 - 0x000002551dd73000 	C:\Users\HP\.openjfx\cache\18-ea\api-ms-win-core-debug-l1-1-0.dll
0x000002551dd80000 - 0x000002551dd83000 	C:\Users\HP\.openjfx\cache\18-ea\api-ms-win-core-errorhandling-l1-1-0.dll
0x000002551dd90000 - 0x000002551dd94000 	C:\Users\HP\.openjfx\cache\18-ea\api-ms-win-core-file-l1-1-0.dll
0x000002551dda0000 - 0x000002551dda3000 	C:\Users\HP\.openjfx\cache\18-ea\api-ms-win-core-file-l1-2-0.dll
0x000002551ddb0000 - 0x000002551ddb3000 	C:\Users\HP\.openjfx\cache\18-ea\api-ms-win-core-file-l2-1-0.dll
0x000002551ddc0000 - 0x000002551ddc3000 	C:\Users\HP\.openjfx\cache\18-ea\api-ms-win-core-handle-l1-1-0.dll
0x000002551ddd0000 - 0x000002551ddd3000 	C:\Users\HP\.openjfx\cache\18-ea\api-ms-win-core-heap-l1-1-0.dll
0x000002551dde0000 - 0x000002551dde3000 	C:\Users\HP\.openjfx\cache\18-ea\api-ms-win-core-interlocked-l1-1-0.dll
0x000002551ddf0000 - 0x000002551ddf3000 	C:\Users\HP\.openjfx\cache\18-ea\api-ms-win-core-libraryloader-l1-1-0.dll
0x000002551de00000 - 0x000002551de03000 	C:\Users\HP\.openjfx\cache\18-ea\api-ms-win-core-localization-l1-2-0.dll
0x000002551de10000 - 0x000002551de13000 	C:\Users\HP\.openjfx\cache\18-ea\api-ms-win-core-memory-l1-1-0.dll
0x000002551de20000 - 0x000002551de23000 	C:\Users\HP\.openjfx\cache\18-ea\api-ms-win-core-namedpipe-l1-1-0.dll
0x000002551de30000 - 0x000002551de33000 	C:\Users\HP\.openjfx\cache\18-ea\api-ms-win-core-processenvironment-l1-1-0.dll
0x000002551de40000 - 0x000002551de43000 	C:\Users\HP\.openjfx\cache\18-ea\api-ms-win-core-processthreads-l1-1-0.dll
0x000002551de50000 - 0x000002551de53000 	C:\Users\HP\.openjfx\cache\18-ea\api-ms-win-core-processthreads-l1-1-1.dll
0x000002551de60000 - 0x000002551de63000 	C:\Users\HP\.openjfx\cache\18-ea\api-ms-win-core-profile-l1-1-0.dll
0x000002551de70000 - 0x000002551de73000 	C:\Users\HP\.openjfx\cache\18-ea\api-ms-win-core-rtlsupport-l1-1-0.dll
0x000002551de80000 - 0x000002551de83000 	C:\Users\HP\.openjfx\cache\18-ea\api-ms-win-core-string-l1-1-0.dll
0x000002551de90000 - 0x000002551de93000 	C:\Users\HP\.openjfx\cache\18-ea\api-ms-win-core-synch-l1-1-0.dll
0x000002551dea0000 - 0x000002551dea3000 	C:\Users\HP\.openjfx\cache\18-ea\api-ms-win-core-synch-l1-2-0.dll
0x000002551deb0000 - 0x000002551deb3000 	C:\Users\HP\.openjfx\cache\18-ea\api-ms-win-core-sysinfo-l1-1-0.dll
0x000002551dec0000 - 0x000002551dec3000 	C:\Users\HP\.openjfx\cache\18-ea\api-ms-win-core-timezone-l1-1-0.dll
0x000002551ded0000 - 0x000002551ded3000 	C:\Users\HP\.openjfx\cache\18-ea\api-ms-win-core-util-l1-1-0.dll
0x000002551dee0000 - 0x000002551dee3000 	C:\Users\HP\.openjfx\cache\18-ea\api-ms-win-crt-conio-l1-1-0.dll
0x000002551def0000 - 0x000002551def4000 	C:\Users\HP\.openjfx\cache\18-ea\api-ms-win-crt-convert-l1-1-0.dll
0x000002551df00000 - 0x000002551df03000 	C:\Users\HP\.openjfx\cache\18-ea\api-ms-win-crt-environment-l1-1-0.dll
0x000002551df10000 - 0x000002551df13000 	C:\Users\HP\.openjfx\cache\18-ea\api-ms-win-crt-filesystem-l1-1-0.dll
0x000002551df20000 - 0x000002551df23000 	C:\Users\HP\.openjfx\cache\18-ea\api-ms-win-crt-heap-l1-1-0.dll
0x000002551df30000 - 0x000002551df33000 	C:\Users\HP\.openjfx\cache\18-ea\api-ms-win-crt-locale-l1-1-0.dll
0x000002551df40000 - 0x000002551df45000 	C:\Users\HP\.openjfx\cache\18-ea\api-ms-win-crt-math-l1-1-0.dll
0x000002551df50000 - 0x000002551df55000 	C:\Users\HP\.openjfx\cache\18-ea\api-ms-win-crt-multibyte-l1-1-0.dll
0x000002551df60000 - 0x000002551df70000 	C:\Users\HP\.openjfx\cache\18-ea\api-ms-win-crt-private-l1-1-0.dll
0x000002551df70000 - 0x000002551df73000 	C:\Users\HP\.openjfx\cache\18-ea\api-ms-win-crt-process-l1-1-0.dll
0x000002551df80000 - 0x000002551df84000 	C:\Users\HP\.openjfx\cache\18-ea\api-ms-win-crt-runtime-l1-1-0.dll
0x000002551df90000 - 0x000002551df94000 	C:\Users\HP\.openjfx\cache\18-ea\api-ms-win-crt-stdio-l1-1-0.dll
0x000002551dfa0000 - 0x000002551dfa4000 	C:\Users\HP\.openjfx\cache\18-ea\api-ms-win-crt-string-l1-1-0.dll
0x000002551dfb0000 - 0x000002551dfb3000 	C:\Users\HP\.openjfx\cache\18-ea\api-ms-win-crt-time-l1-1-0.dll
0x000002551dfc0000 - 0x000002551dfc3000 	C:\Users\HP\.openjfx\cache\18-ea\api-ms-win-crt-utility-l1-1-0.dll
0x00007ff9ca580000 - 0x00007ff9ca67c000 	C:\Users\HP\.openjfx\cache\18-ea\ucrtbase.dll
0x00007ff9fcf10000 - 0x00007ff9fcf2a000 	C:\Users\HP\.openjfx\cache\18-ea\vcruntime140.dll
0x00007ffa18c90000 - 0x00007ffa18c9c000 	C:\Users\HP\.openjfx\cache\18-ea\vcruntime140_1.dll
0x00007ff9dcea0000 - 0x00007ff9dcf2d000 	C:\Users\HP\.openjfx\cache\18-ea\msvcp140.dll
0x00007ff9d5960000 - 0x00007ff9d598a000 	C:\Users\HP\.openjfx\cache\18-ea\prism_d3d.dll
0x00007ff9d4ca0000 - 0x00007ff9d4e6e000 	C:\Windows\system32\d3d9.dll
0x00007ffa1d910000 - 0x00007ffa1d93f000 	C:\Windows\SYSTEM32\dwmapi.dll
0x00007ffa1d820000 - 0x00007ffa1d8be000 	C:\Windows\system32\uxtheme.dll
0x00007ff9d16e0000 - 0x00007ff9d214d000 	C:\Windows\SYSTEM32\igdumdim64.dll
0x00007ffa15f40000 - 0x00007ffa163a5000 	C:\Windows\SYSTEM32\igdusc64.dll
0x00007ff9d5720000 - 0x00007ff9d5762000 	C:\Users\HP\.openjfx\cache\18-ea\glass.dll
0x00007ffa20ad0000 - 0x00007ffa20baa000 	C:\Windows\System32\COMDLG32.dll
0x00007ffa20ee0000 - 0x00007ffa2100a000 	C:\Windows\System32\ole32.dll
0x00007ffa20930000 - 0x00007ffa209fd000 	C:\Windows\System32\OLEAUT32.dll
0x00007ffa20810000 - 0x00007ffa20925000 	C:\Windows\System32\MSCTF.dll
0x00007ff9fcef0000 - 0x00007ff9fcf04000 	C:\Users\HP\.openjfx\cache\18-ea\javafx_font.dll
0x00007ffa189c0000 - 0x00007ffa18c43000 	C:\Windows\SYSTEM32\dwrite.dll
0x00007ffa20bb0000 - 0x00007ffa20c59000 	C:\Windows\System32\clbcatq.dll
0x00007ffa1ad00000 - 0x00007ffa1aeb4000 	C:\Windows\SYSTEM32\WindowsCodecs.dll
0x00007ffa205f0000 - 0x00007ffa20617000 	C:\Windows\System32\bcrypt.dll
0x00007ff9f7d80000 - 0x00007ff9f7dbe000 	C:\Windows\system32\dataexchange.dll
0x00007ffa1c850000 - 0x00007ffa1ca35000 	C:\Windows\system32\dcomp.dll
0x00007ffa1bbc0000 - 0x00007ffa1be24000 	C:\Windows\system32\d3d11.dll
0x00007ffa1e6d0000 - 0x00007ffa1e7c4000 	C:\Windows\system32\dxgi.dll
0x00007ffa1aa40000 - 0x00007ffa1ac41000 	C:\Windows\system32\twinapi.appcore.dll
0x00007ff9d56e0000 - 0x00007ff9d5714000 	C:\Program Files\Common Files\Microsoft Shared\Ink\rtscom.dll
0x00007ffa15800000 - 0x00007ffa158f9000 	C:\Windows\SYSTEM32\textinputframework.dll
0x00007ffa1ca40000 - 0x00007ffa1cd9e000 	C:\Windows\System32\CoreUIComponents.dll
0x00007ffa1d120000 - 0x00007ffa1d212000 	C:\Windows\System32\CoreMessaging.dll
0x00007ffa1ead0000 - 0x00007ffa1eb03000 	C:\Windows\SYSTEM32\ntmarta.dll
0x00007ffa1ba60000 - 0x00007ffa1bbb4000 	C:\Windows\SYSTEM32\wintypes.dll

dbghelp: loaded successfully - version: 4.0.5 - missing functions: none
symbol engine: initialized successfully - sym options: 0x614 - pdb path: .;C:\Users\HP\.jdks\openjdk-20.0.1\bin;C:\Windows\SYSTEM32;C:\Windows\WinSxS\amd64_microsoft.windows.common-controls_6595b64144ccf1df_6.0.19041.1110_none_60b5254171f9507e;C:\Program Files (x86)\360\Total Security\safemon;C:\Users\HP\.jdks\openjdk-20.0.1\bin\server;C:\Program Files\JetBrains\IntelliJ IDEA Community Edition 2024.1\bin;C:\Users\HP\.openjfx\cache\18-ea;C:\Program Files\Common Files\Microsoft Shared\Ink

VM Arguments:
jvm_args: -javaagent:C:\Program Files\JetBrains\IntelliJ IDEA Community Edition 2024.1\lib\idea_rt.jar=53869:C:\Program Files\JetBrains\IntelliJ IDEA Community Edition 2024.1\bin -Dfile.encoding=UTF-8 -Dsun.stdout.encoding=UTF-8 -Dsun.stderr.encoding=UTF-8 --module-path=C:\Users\HP\.m2\repository\org\openjfx\javafx-media\18-ea+2\javafx-media-18-ea+2-win.jar;C:\Users\HP\.m2\repository\org\openjfx\javafx-web\18-ea+2\javafx-web-18-ea+2-win.jar;E:\MIAGE\LICENCE 3\SEMESTRE 2\PROGRAMMATION D'APPLICATION\PARTIE 2\java-Web-master\target\classes;C:\Users\HP\.m2\repository\net\synedra\validatorfx\0.1.13\validatorfx-0.1.13.jar;C:\Users\HP\.m2\repository\com\dlsc\formsfx\formsfx-core\11.3.2\formsfx-core-11.3.2.jar;C:\Users\HP\.m2\repository\org\kordamp\bootstrapfx\bootstrapfx-core\0.4.0\bootstrapfx-core-0.4.0.jar;C:\Users\HP\.m2\repository\org\openjfx\javafx-fxml\18-ea+2\javafx-fxml-18-ea+2-win.jar;C:\Users\HP\.m2\repository\eu\hansolo\tilesfx\11.48\tilesfx-11.48.jar;C:\Users\HP\.m2\repository\org\kordamp\ikonli\ikonli-core\12.2.0\ikonli-core-12.2.0.jar;C:\Users\HP\.m2\repository\org\openjfx\javafx-controls\18-ea+2\javafx-controls-18-ea+2-win.jar;C:\Users\HP\.m2\repository\org\controlsfx\controlsfx\11.1.0\controlsfx-11.1.0.jar;C:\Users\HP\.m2\repository\org\openjfx\javafx-base\18-ea+2\javafx-base-18-ea+2-win.jar;C:\Users\HP\.m2\repository\org\openjfx\javafx-graphics\18-ea+2\javafx-graphics-18-ea+2-win.jar;C:\Users\HP\.m2\repository\org\kordamp\ikonli\ikonli-javafx\12.2.0\ikonli-javafx-12.2.0.jar -Djdk.module.main=com.example.javaweb 
java_command: com.example.javaweb/com.example.javaweb.HelloApplication
java_class_path (initial): C:\Users\HP\.m2\repository\org\openjfx\javafx-controls\18-ea+2\javafx-controls-18-ea+2.jar;C:\Users\HP\.m2\repository\org\openjfx\javafx-graphics\18-ea+2\javafx-graphics-18-ea+2.jar;C:\Users\HP\.m2\repository\org\openjfx\javafx-base\18-ea+2\javafx-base-18-ea+2.jar;C:\Users\HP\.m2\repository\org\openjfx\javafx-fxml\18-ea+2\javafx-fxml-18-ea+2.jar;C:\Users\HP\.m2\repository\org\openjfx\javafx-web\18-ea+2\javafx-web-18-ea+2.jar;C:\Users\HP\.m2\repository\org\openjfx\javafx-media\18-ea+2\javafx-media-18-ea+2.jar
Launcher Type: SUN_STANDARD

[Global flags]
     intx CICompilerCount                          = 3                                         {product} {ergonomic}
     uint ConcGCThreads                            = 1                                         {product} {ergonomic}
     uint G1ConcRefinementThreads                  = 4                                         {product} {ergonomic}
   size_t G1HeapRegionSize                         = 1048576                                   {product} {ergonomic}
    uintx GCDrainStackTargetSize                   = 64                                        {product} {ergonomic}
   size_t InitialHeapSize                          = 134217728                                 {product} {ergonomic}
   size_t MarkStackSize                            = 4194304                                   {product} {ergonomic}
   size_t MaxHeapSize                              = 2116026368                                {product} {ergonomic}
   size_t MaxNewSize                               = 1268776960                                {product} {ergonomic}
   size_t MinHeapDeltaBytes                        = 1048576                                   {product} {ergonomic}
   size_t MinHeapSize                              = 8388608                                   {product} {ergonomic}
    uintx NonNMethodCodeHeapSize                   = 5832780                                {pd product} {ergonomic}
    uintx NonProfiledCodeHeapSize                  = 122912730                              {pd product} {ergonomic}
    uintx ProfiledCodeHeapSize                     = 122912730                              {pd product} {ergonomic}
    uintx ReservedCodeCacheSize                    = 251658240                              {pd product} {ergonomic}
     bool SegmentedCodeCache                       = true                                      {product} {ergonomic}
   size_t SoftMaxHeapSize                          = 2116026368                             {manageable} {ergonomic}
     bool UseCompressedClassPointers               = true                           {product lp64_product} {ergonomic}
     bool UseCompressedOops                        = true                           {product lp64_product} {ergonomic}
     bool UseG1GC                                  = true                                      {product} {ergonomic}
     bool UseLargePagesIndividualAllocation        = false                                  {pd product} {ergonomic}

Logging:
Log output configuration:
 #0: stdout all=warning uptime,level,tags foldmultilines=false
 #1: stderr all=off uptime,level,tags foldmultilines=false

Environment Variables:
PATH=C:\Program Files (x86)\Common Files\Oracle\Java\javapath;C:\Program Files\Common Files\Oracle\Java\javapath;C:\Windows\system32;C:\Windows;C:\Windows\System32\Wbem;C:\Windows\System32\WindowsPowerShell\v1.0\;C:\Windows\System32\OpenSSH\;C:\Program Files\Microsoft\Web Platform Installer\;C:\Program Files (x86)\Microsoft ASP.NET\ASP.NET Web Pages\v1.0\;C:\Program Files (x86)\Microsoft SQL Server\150\Tools\Binn\;C:\Program Files\Microsoft SQL Server\150\Tools\Binn\;C:\Program Files\Microsoft SQL Server\150\DTS\Binn\;C:\Program Files\Microsoft SQL Server\Client SDK\ODBC\170\Tools\Binn\;C:\Program Files (x86)\sbt\bin;C:\Program Files\Azure Data Studio\bin;C:\Program Files (x86)\Microsoft SQL Server\150\DTS\Binn\;C:\wamp64\bin\php\php8.2.0;C:\ProgramData\ComposerSetup\bin;C:\Program Files\nodejs\;C:\Program Files\Git\cmd;C:\Users\HP\.console-ninja\.bin;C:\Users\HP\AppData\Local\Microsoft\WindowsApps;C:\Users\HP\AppData\Local\GitHubDesktop\bin;C:\Program Files\Java\jdk-18.0.1.1\lib\mysql-connector-java-5.1.47;C:\Program Files\Azure Data Studio\bin;C:\src\flutter\flutter\bin;C:\Users\HP\AppData\Roaming\Composer\vendor\bin;C:\Users\HP\AppData\Local\Programs\Microsoft VS Code2\bin;C:\Users\HP\AppData\Roaming\npm
USERNAME=HP
OS=Windows_NT
PROCESSOR_IDENTIFIER=Intel64 Family 6 Model 58 Stepping 9, GenuineIntel
TMP=C:\Users\HP\AppData\Local\Temp
TEMP=C:\Users\HP\AppData\Local\Temp




---------------  S Y S T E M  ---------------

OS:
 Windows 10 , 64 bit Build 19041 (10.0.19041.1202)
OS uptime: 0 days 5:19 hours

CPU: total 4 (initial active 4) (2 cores per cpu, 2 threads per core) family 6 model 58 stepping 9 microcode 0x21, cx8, cmov, fxsr, ht, mmx, sse, sse2, sse3, ssse3, sse4.1, sse4.2, popcnt, tsc, tscinvbit, avx, aes, erms, clmul, vzeroupper, clflush, rdtscp, f16c

Memory: 4k page, system-wide physical 8071M (859M free)
TotalPageFile size 13071M (AvailPageFile size 5M)
current process WorkingSet (physical memory assigned to process): 188M, peak: 188M
current process commit charge ("private bytes"): 276M, peak: 307M

vm_info: OpenJDK 64-Bit Server VM (20.0.1+9-29) for windows-amd64 JRE (20.0.1+9-29), built on 2023-03-07T13:56:11Z by "mach5one" with MS VC++ 17.1 (VS2022)

END.
