#
# There is insufficient memory for the Java Runtime Environment to continue.
# Native memory allocation (malloc) failed to allocate 390096 bytes for Chunk::new
# Possible reasons:
#   The system is out of physical RAM or swap space
#   The process is running with CompressedOops enabled, and the Java Heap may be blocking the growth of the native heap
# Possible solutions:
#   Reduce memory load on the system
#   Increase physical memory or swap space
#   Check if swap backing store is full
#   Decrease Java heap size (-Xmx/-Xms)
#   Decrease number of Java threads
#   Decrease Java thread stack sizes (-Xss)
#   Set larger code cache with -XX:ReservedCodeCacheSize=
#   JVM is running with Unscaled Compressed Oops mode in which the Java heap is
#     placed in the first 4GB address space. The Java Heap base address is the
#     maximum limit for the native heap growth. Please use -XX:HeapBaseMinAddress
#     to set the Java Heap base and to place the Java Heap above 4GB virtual address.
# This output file may be truncated or incomplete.
#
#  Out of Memory Error (arena.cpp:184), pid=10836, tid=11104
#
# JRE version: OpenJDK Runtime Environment (20.0.1+9) (build 20.0.1+9-29)
# Java VM: OpenJDK 64-Bit Server VM (20.0.1+9-29, mixed mode, sharing, tiered, compressed oops, compressed class ptrs, g1 gc, windows-amd64)
# No core dump will be written. Minidumps are not enabled by default on client versions of Windows
#

---------------  S U M M A R Y ------------

Command Line: -javaagent:C:\Program Files\JetBrains\IntelliJ IDEA Community Edition 2024.1\lib\idea_rt.jar=53911:C:\Program Files\JetBrains\IntelliJ IDEA Community Edition 2024.1\bin -Dfile.encoding=UTF-8 -Dsun.stdout.encoding=UTF-8 -Dsun.stderr.encoding=UTF-8 --module-path=C:\Users\HP\.m2\repository\org\openjfx\javafx-graphics\18-ea+2\javafx-graphics-18-ea+2-win.jar;C:\Users\HP\.m2\repository\org\kordamp\ikonli\ikonli-core\12.2.0\ikonli-core-12.2.0.jar;C:\Users\HP\.m2\repository\com\dlsc\formsfx\formsfx-core\11.3.2\formsfx-core-11.3.2.jar;C:\Users\HP\.m2\repository\org\openjfx\javafx-fxml\18-ea+2\javafx-fxml-18-ea+2-win.jar;C:\Users\HP\.m2\repository\org\kordamp\bootstrapfx\bootstrapfx-core\0.4.0\bootstrapfx-core-0.4.0.jar;C:\Users\HP\.m2\repository\eu\hansolo\tilesfx\11.48\tilesfx-11.48.jar;C:\Users\HP\.m2\repository\net\synedra\validatorfx\0.1.13\validatorfx-0.1.13.jar;E:\MIAGE\LICENCE 3\SEMESTRE 2\PROGRAMMATION D'APPLICATION\PARTIE 2\java-Web-master\target\classes;C:\Users\HP\.m2\repository\org\openjfx\javafx-base\18-ea+2\javafx-base-18-ea+2-win.jar;C:\Users\HP\.m2\repository\org\openjfx\javafx-media\18-ea+2\javafx-media-18-ea+2-win.jar;C:\Users\HP\.m2\repository\org\kordamp\ikonli\ikonli-javafx\12.2.0\ikonli-javafx-12.2.0.jar;C:\Users\HP\.m2\repository\org\controlsfx\controlsfx\11.1.0\controlsfx-11.1.0.jar;C:\Users\HP\.m2\repository\org\openjfx\javafx-web\18-ea+2\javafx-web-18-ea+2-win.jar;C:\Users\HP\.m2\repository\org\openjfx\javafx-controls\18-ea+2\javafx-controls-18-ea+2-win.jar -Djdk.module.main=com.example.javaweb com.example.javaweb/com.example.javaweb.HelloApplication

Host: Intel(R) Core(TM) i5-3320M CPU @ 2.60GHz, 4 cores, 7G,  Windows 10 , 64 bit Build 19041 (10.0.19041.1202)
Time: Wed May 29 16:25:23 2024 Greenwich elapsed time: 6.073400 seconds (0d 0h 0m 6s)

---------------  T H R E A D  ---------------

Current thread (0x000001e9a19eda60):  JavaThread "C2 CompilerThread0" daemon [_thread_in_native, id=11104, stack(0x0000000d83600000,0x0000000d83700000)]


Current CompileTask:
C2:   6073 3213 %     4       com.sun.marlin.Renderer::_endRendering @ 1910 (2473 bytes)

Stack: [0x0000000d83600000,0x0000000d83700000]
Native frames: (J=compiled Java code, j=interpreted, Vv=VM code, C=native code)
V  [jvm.dll+0x6bb95a]
V  [jvm.dll+0x8485fa]
V  [jvm.dll+0x84a1f5]
V  [jvm.dll+0x84a8f3]
V  [jvm.dll+0x280b0f]
V  [jvm.dll+0xc2b11]
V  [jvm.dll+0xc2e35]
V  [jvm.dll+0x3bb142]
V  [jvm.dll+0x1e6aba]
V  [jvm.dll+0x24b3ab]
V  [jvm.dll+0x24a651]
V  [jvm.dll+0x1ce491]
V  [jvm.dll+0x259e1b]
V  [jvm.dll+0x2584f0]
V  [jvm.dll+0x3f2895]
V  [jvm.dll+0x7f4b56]
V  [jvm.dll+0x6ba5cb]
C  [ucrtbase.dll+0x21bb2]
C  [KERNEL32.DLL+0x17034]
C  [ntdll.dll+0x52651]


---------------  P R O C E S S  ---------------

Threads class SMR info:
_java_thread_list=0x000001e9a776ef00, length=19, elements={
0x000001e9858d14c0, 0x000001e9a19e3170, 0x000001e9a19e75d0, 0x000001e9a19e8110,
0x000001e9a19eab60, 0x000001e9a19ec4b0, 0x000001e9a19ecdf0, 0x000001e9a19eda60,
0x000001e9a5c2ae60, 0x000001e9a5cafe10, 0x000001e9a6e10e00, 0x000001e9a6e11350,
0x000001e9a69b11d0, 0x000001e9a64b8c80, 0x000001e9a71b7800, 0x000001e9a74c2a80,
0x000001e9a74b34e0, 0x000001e9a760b1b0, 0x000001e9a760b700
}

Java Threads: ( => current thread )
  0x000001e9858d14c0 JavaThread "main" [_thread_blocked, id=4764, stack(0x0000000d82900000,0x0000000d82a00000)]
  0x000001e9a19e3170 JavaThread "Reference Handler" daemon [_thread_blocked, id=6520, stack(0x0000000d83000000,0x0000000d83100000)]
  0x000001e9a19e75d0 JavaThread "Finalizer" daemon [_thread_blocked, id=9316, stack(0x0000000d83100000,0x0000000d83200000)]
  0x000001e9a19e8110 JavaThread "Signal Dispatcher" daemon [_thread_blocked, id=11232, stack(0x0000000d83200000,0x0000000d83300000)]
  0x000001e9a19eab60 JavaThread "Attach Listener" daemon [_thread_blocked, id=9412, stack(0x0000000d83300000,0x0000000d83400000)]
  0x000001e9a19ec4b0 JavaThread "Service Thread" daemon [_thread_blocked, id=8708, stack(0x0000000d83400000,0x0000000d83500000)]
  0x000001e9a19ecdf0 JavaThread "Monitor Deflation Thread" daemon [_thread_blocked, id=9028, stack(0x0000000d83500000,0x0000000d83600000)]
=>0x000001e9a19eda60 JavaThread "C2 CompilerThread0" daemon [_thread_in_native, id=11104, stack(0x0000000d83600000,0x0000000d83700000)]
  0x000001e9a5c2ae60 JavaThread "C1 CompilerThread0" daemon [_thread_blocked, id=5660, stack(0x0000000d83700000,0x0000000d83800000)]
  0x000001e9a5cafe10 JavaThread "Common-Cleaner" daemon [_thread_blocked, id=11440, stack(0x0000000d83800000,0x0000000d83900000)]
  0x000001e9a6e10e00 JavaThread "Monitor Ctrl-Break" daemon [_thread_in_native, id=10852, stack(0x0000000d83a00000,0x0000000d83b00000)]
  0x000001e9a6e11350 JavaThread "Notification Thread" daemon [_thread_blocked, id=6628, stack(0x0000000d83b00000,0x0000000d83c00000)]
  0x000001e9a69b11d0 JavaThread "QuantumRenderer-0" daemon [_thread_blocked, id=10872, stack(0x0000000d84000000,0x0000000d84100000)]
  0x000001e9a64b8c80 JavaThread "InvokeLaterDispatcher" daemon [_thread_blocked, id=12524, stack(0x0000000d84100000,0x0000000d84200000)]
  0x000001e9a71b7800 JavaThread "JavaFX Application Thread" [_thread_in_native, id=10020, stack(0x0000000d84200000,0x0000000d84300000)]
  0x000001e9a74c2a80 JavaThread "Thread-1" daemon [_thread_in_native, id=4200, stack(0x0000000d84600000,0x0000000d84700000)]
  0x000001e9a74b34e0 JavaThread "JavaFX-Launcher" [_thread_blocked, id=7380, stack(0x0000000d84700000,0x0000000d84800000)]
  0x000001e9a760b1b0 JavaThread "Prism Font Disposer" daemon [_thread_blocked, id=1100, stack(0x0000000d84800000,0x0000000d84900000)]
  0x000001e9a760b700 JavaThread "Cleaner-0" daemon [_thread_blocked, id=1808, stack(0x0000000d84c00000,0x0000000d84d00000)]

Other Threads:
  0x000001e9a19c6100 VMThread "VM Thread" [stack: 0x0000000d82f00000,0x0000000d83000000] [id=6804]
  0x000001e9a6864b80 WatcherThread "VM Periodic Task Thread" [stack: 0x0000000d83c00000,0x0000000d83d00000] [id=7252]
  0x000001e98592e560 WorkerThread "GC Thread#0" [stack: 0x0000000d82a00000,0x0000000d82b00000] [id=11980]
  0x000001e9a6992910 WorkerThread "GC Thread#1" [stack: 0x0000000d83d00000,0x0000000d83e00000] [id=12336]
  0x000001e9a7056070 WorkerThread "GC Thread#2" [stack: 0x0000000d83e00000,0x0000000d83f00000] [id=8852]
  0x000001e9a6014940 WorkerThread "GC Thread#3" [stack: 0x0000000d83f00000,0x0000000d84000000] [id=9904]
  0x000001e98593f160 ConcurrentGCThread "G1 Main Marker" [stack: 0x0000000d82b00000,0x0000000d82c00000] [id=9132]
  0x000001e9859406b0 WorkerThread "G1 Conc#0" [stack: 0x0000000d82c00000,0x0000000d82d00000] [id=13168]
  0x000001e98597e900 ConcurrentGCThread "G1 Refine#0" [stack: 0x0000000d82d00000,0x0000000d82e00000] [id=8512]
  0x000001e9a18744d0 ConcurrentGCThread "G1 Service" [stack: 0x0000000d82e00000,0x0000000d82f00000] [id=3656]

Threads with active compile tasks:
C2 CompilerThread0     6164 3213 %     4       com.sun.marlin.Renderer::_endRendering @ 1910 (2473 bytes)

VM state: not at safepoint (normal execution)

VM Mutex/Monitor currently owned by a thread: None

Heap address: 0x0000000081e00000, size: 2018 MB, Compressed Oops mode: 32-bit

CDS archive(s) mapped at: [0x0000000800000000-0x0000000800c60000-0x0000000800c60000), size 12976128, SharedBaseAddress: 0x0000000800000000, ArchiveRelocationMode: 0.
Compressed class space mapped at: 0x0000000801000000-0x0000000841000000, reserved size: 1073741824
Narrow klass base: 0x0000000800000000, Narrow klass shift: 0, Narrow klass range: 0x100000000

GC Precious Log:
 CardTable entry size: 512
 Card Set container configuration: InlinePtr #cards 5 size 8 Array Of Cards #cards 12 size 40 Howl #buckets 4 coarsen threshold 1843 Howl Bitmap #cards 512 size 80 coarsen threshold 460 Card regions per heap region 1 cards per card region 2048
 CPUs: 4 total, 4 available
 Memory: 8071M
 Large Page Support: Disabled
 NUMA Support: Disabled
 Compressed Oops: Enabled (32-bit)
 Heap Region Size: 1M
 Heap Min Capacity: 8M
 Heap Initial Capacity: 128M
 Heap Max Capacity: 2018M
 Pre-touch: Disabled
 Parallel Workers: 4
 Concurrent Workers: 1
 Concurrent Refinement Workers: 4
 Periodic GC: Disabled

Heap:
 garbage-first heap   total 250880K, used 164421K [0x0000000081e00000, 0x0000000100000000)
  region size 1024K, 15 young (15360K), 1 survivors (1024K)
 Metaspace       used 18259K, committed 18560K, reserved 1114112K
  class space    used 2636K, committed 2752K, reserved 1048576K

Heap Regions: E=young(eden), S=young(survivor), O=old, HS=humongous(starts), HC=humongous(continues), CS=collection set, F=free, OA=open archive, CA=closed archive, TAMS=top-at-mark-start, PB=parsable bottom
|   0|0x0000000081e00000, 0x0000000081f00000, 0x0000000081f00000|100%| O|  |TAMS 0x0000000081e00000| PB 0x0000000081e00000| Untracked 
|   1|0x0000000081f00000, 0x0000000082000000, 0x0000000082000000|100%| O|  |TAMS 0x0000000081f00000| PB 0x0000000081f00000| Untracked 
|   2|0x0000000082000000, 0x0000000082100000, 0x0000000082100000|100%|HS|  |TAMS 0x0000000082000000| PB 0x0000000082000000| Complete 
|   3|0x0000000082100000, 0x0000000082200000, 0x0000000082200000|100%|HC|  |TAMS 0x0000000082100000| PB 0x0000000082100000| Complete 
|   4|0x0000000082200000, 0x0000000082300000, 0x0000000082300000|100%|HS|  |TAMS 0x0000000082200000| PB 0x0000000082200000| Complete 
|   5|0x0000000082300000, 0x0000000082400000, 0x0000000082400000|100%|HC|  |TAMS 0x0000000082300000| PB 0x0000000082300000| Complete 
|   6|0x0000000082400000, 0x0000000082500000, 0x0000000082500000|100%|HS|  |TAMS 0x0000000082400000| PB 0x0000000082400000| Complete 
|   7|0x0000000082500000, 0x0000000082600000, 0x0000000082600000|100%|HC|  |TAMS 0x0000000082500000| PB 0x0000000082500000| Complete 
|   8|0x0000000082600000, 0x0000000082700000, 0x0000000082700000|100%|HS|  |TAMS 0x0000000082600000| PB 0x0000000082600000| Complete 
|   9|0x0000000082700000, 0x0000000082800000, 0x0000000082800000|100%|HC|  |TAMS 0x0000000082700000| PB 0x0000000082700000| Complete 
|  10|0x0000000082800000, 0x0000000082900000, 0x0000000082900000|100%|HS|  |TAMS 0x0000000082800000| PB 0x0000000082800000| Complete 
|  11|0x0000000082900000, 0x0000000082a00000, 0x0000000082a00000|100%|HC|  |TAMS 0x0000000082900000| PB 0x0000000082900000| Complete 
|  12|0x0000000082a00000, 0x0000000082b00000, 0x0000000082b00000|100%|HS|  |TAMS 0x0000000082a00000| PB 0x0000000082a00000| Complete 
|  13|0x0000000082b00000, 0x0000000082c00000, 0x0000000082c00000|100%|HC|  |TAMS 0x0000000082b00000| PB 0x0000000082b00000| Complete 
|  14|0x0000000082c00000, 0x0000000082d00000, 0x0000000082d00000|100%|HS|  |TAMS 0x0000000082c00000| PB 0x0000000082c00000| Complete 
|  15|0x0000000082d00000, 0x0000000082e00000, 0x0000000082e00000|100%|HC|  |TAMS 0x0000000082d00000| PB 0x0000000082d00000| Complete 
|  16|0x0000000082e00000, 0x0000000082f00000, 0x0000000082f00000|100%|HS|  |TAMS 0x0000000082e00000| PB 0x0000000082e00000| Complete 
|  17|0x0000000082f00000, 0x0000000083000000, 0x0000000083000000|100%|HC|  |TAMS 0x0000000082f00000| PB 0x0000000082f00000| Complete 
|  18|0x0000000083000000, 0x0000000083100000, 0x0000000083100000|100%|HS|  |TAMS 0x0000000083000000| PB 0x0000000083000000| Complete 
|  19|0x0000000083100000, 0x0000000083200000, 0x0000000083200000|100%|HC|  |TAMS 0x0000000083100000| PB 0x0000000083100000| Complete 
|  20|0x0000000083200000, 0x0000000083300000, 0x0000000083300000|100%|HS|  |TAMS 0x0000000083200000| PB 0x0000000083200000| Complete 
|  21|0x0000000083300000, 0x0000000083400000, 0x0000000083400000|100%|HC|  |TAMS 0x0000000083300000| PB 0x0000000083300000| Complete 
|  22|0x0000000083400000, 0x0000000083500000, 0x0000000083500000|100%|HS|  |TAMS 0x0000000083400000| PB 0x0000000083400000| Complete 
|  23|0x0000000083500000, 0x0000000083600000, 0x0000000083600000|100%|HC|  |TAMS 0x0000000083500000| PB 0x0000000083500000| Complete 
|  24|0x0000000083600000, 0x0000000083700000, 0x0000000083700000|100%|HS|  |TAMS 0x0000000083600000| PB 0x0000000083600000| Complete 
|  25|0x0000000083700000, 0x0000000083800000, 0x0000000083800000|100%|HS|  |TAMS 0x0000000083700000| PB 0x0000000083700000| Complete 
|  26|0x0000000083800000, 0x0000000083900000, 0x0000000083900000|100%|HC|  |TAMS 0x0000000083800000| PB 0x0000000083800000| Complete 
|  27|0x0000000083900000, 0x0000000083a00000, 0x0000000083a00000|100%|HS|  |TAMS 0x0000000083900000| PB 0x0000000083900000| Complete 
|  28|0x0000000083a00000, 0x0000000083b00000, 0x0000000083b00000|100%|HC|  |TAMS 0x0000000083a00000| PB 0x0000000083a00000| Complete 
|  29|0x0000000083b00000, 0x0000000083c00000, 0x0000000083c00000|100%|HS|  |TAMS 0x0000000083b00000| PB 0x0000000083b00000| Complete 
|  30|0x0000000083c00000, 0x0000000083d00000, 0x0000000083d00000|100%|HC|  |TAMS 0x0000000083c00000| PB 0x0000000083c00000| Complete 
|  31|0x0000000083d00000, 0x0000000083e00000, 0x0000000083e00000|100%|HS|  |TAMS 0x0000000083d00000| PB 0x0000000083d00000| Complete 
|  32|0x0000000083e00000, 0x0000000083f00000, 0x0000000083f00000|100%|HC|  |TAMS 0x0000000083e00000| PB 0x0000000083e00000| Complete 
|  33|0x0000000083f00000, 0x0000000084000000, 0x0000000084000000|100%|HS|  |TAMS 0x0000000083f00000| PB 0x0000000083f00000| Complete 
|  34|0x0000000084000000, 0x0000000084100000, 0x0000000084100000|100%|HC|  |TAMS 0x0000000084000000| PB 0x0000000084000000| Complete 
|  35|0x0000000084100000, 0x0000000084200000, 0x0000000084200000|100%|HS|  |TAMS 0x0000000084100000| PB 0x0000000084100000| Complete 
|  36|0x0000000084200000, 0x0000000084300000, 0x0000000084300000|100%|HC|  |TAMS 0x0000000084200000| PB 0x0000000084200000| Complete 
|  37|0x0000000084300000, 0x0000000084400000, 0x0000000084400000|100%|HS|  |TAMS 0x0000000084300000| PB 0x0000000084300000| Complete 
|  38|0x0000000084400000, 0x0000000084500000, 0x0000000084500000|100%|HC|  |TAMS 0x0000000084400000| PB 0x0000000084400000| Complete 
|  39|0x0000000084500000, 0x0000000084600000, 0x0000000084600000|100%|HS|  |TAMS 0x0000000084500000| PB 0x0000000084500000| Complete 
|  40|0x0000000084600000, 0x0000000084700000, 0x0000000084700000|100%|HC|  |TAMS 0x0000000084600000| PB 0x0000000084600000| Complete 
|  41|0x0000000084700000, 0x0000000084800000, 0x0000000084800000|100%|HS|  |TAMS 0x0000000084700000| PB 0x0000000084700000| Complete 
|  42|0x0000000084800000, 0x0000000084900000, 0x0000000084900000|100%|HC|  |TAMS 0x0000000084800000| PB 0x0000000084800000| Complete 
|  43|0x0000000084900000, 0x0000000084a00000, 0x0000000084a00000|100%|HS|  |TAMS 0x0000000084900000| PB 0x0000000084900000| Complete 
|  44|0x0000000084a00000, 0x0000000084b00000, 0x0000000084b00000|100%|HC|  |TAMS 0x0000000084a00000| PB 0x0000000084a00000| Complete 
|  45|0x0000000084b00000, 0x0000000084c00000, 0x0000000084c00000|100%|HS|  |TAMS 0x0000000084b00000| PB 0x0000000084b00000| Complete 
|  46|0x0000000084c00000, 0x0000000084d00000, 0x0000000084d00000|100%|HC|  |TAMS 0x0000000084c00000| PB 0x0000000084c00000| Complete 
|  47|0x0000000084d00000, 0x0000000084e00000, 0x0000000084e00000|100%|HS|  |TAMS 0x0000000084d00000| PB 0x0000000084d00000| Complete 
|  48|0x0000000084e00000, 0x0000000084f00000, 0x0000000084f00000|100%|HC|  |TAMS 0x0000000084e00000| PB 0x0000000084e00000| Complete 
|  49|0x0000000084f00000, 0x0000000085000000, 0x0000000085000000|100%|HS|  |TAMS 0x0000000084f00000| PB 0x0000000084f00000| Complete 
|  50|0x0000000085000000, 0x0000000085100000, 0x0000000085100000|100%|HC|  |TAMS 0x0000000085000000| PB 0x0000000085000000| Complete 
|  51|0x0000000085100000, 0x0000000085200000, 0x0000000085200000|100%|HS|  |TAMS 0x0000000085100000| PB 0x0000000085100000| Complete 
|  52|0x0000000085200000, 0x0000000085300000, 0x0000000085300000|100%|HC|  |TAMS 0x0000000085200000| PB 0x0000000085200000| Complete 
|  53|0x0000000085300000, 0x0000000085400000, 0x0000000085400000|100%|HS|  |TAMS 0x0000000085300000| PB 0x0000000085300000| Complete 
|  54|0x0000000085400000, 0x0000000085500000, 0x0000000085500000|100%|HC|  |TAMS 0x0000000085400000| PB 0x0000000085400000| Complete 
|  55|0x0000000085500000, 0x0000000085600000, 0x0000000085600000|100%|HS|  |TAMS 0x0000000085500000| PB 0x0000000085500000| Complete 
|  56|0x0000000085600000, 0x0000000085700000, 0x0000000085700000|100%|HC|  |TAMS 0x0000000085600000| PB 0x0000000085600000| Complete 
|  57|0x0000000085700000, 0x0000000085800000, 0x0000000085800000|100%|HS|  |TAMS 0x0000000085700000| PB 0x0000000085700000| Complete 
|  58|0x0000000085800000, 0x0000000085900000, 0x0000000085900000|100%|HC|  |TAMS 0x0000000085800000| PB 0x0000000085800000| Complete 
|  59|0x0000000085900000, 0x00000000859b5800, 0x0000000085a00000| 70%| O|  |TAMS 0x0000000085900000| PB 0x0000000085900000| Untracked 
|  60|0x0000000085a00000, 0x0000000085b00000, 0x0000000085b00000|100%| O|  |TAMS 0x0000000085a00000| PB 0x0000000085a00000| Untracked 
|  61|0x0000000085b00000, 0x0000000085c00000, 0x0000000085c00000|100%| O|  |TAMS 0x0000000085b00000| PB 0x0000000085b00000| Untracked 
|  62|0x0000000085c00000, 0x0000000085d00000, 0x0000000085d00000|100%|HS|  |TAMS 0x0000000085c00000| PB 0x0000000085c00000| Complete 
|  63|0x0000000085d00000, 0x0000000085e00000, 0x0000000085e00000|100%|HC|  |TAMS 0x0000000085d00000| PB 0x0000000085d00000| Complete 
|  64|0x0000000085e00000, 0x0000000085f00000, 0x0000000085f00000|100%|HS|  |TAMS 0x0000000085e00000| PB 0x0000000085e00000| Complete 
|  65|0x0000000085f00000, 0x0000000086000000, 0x0000000086000000|100%|HC|  |TAMS 0x0000000085f00000| PB 0x0000000085f00000| Complete 
|  66|0x0000000086000000, 0x0000000086100000, 0x0000000086100000|100%|HS|  |TAMS 0x0000000086000000| PB 0x0000000086000000| Complete 
|  67|0x0000000086100000, 0x0000000086200000, 0x0000000086200000|100%|HC|  |TAMS 0x0000000086100000| PB 0x0000000086100000| Complete 
|  68|0x0000000086200000, 0x0000000086300000, 0x0000000086300000|100%|HS|  |TAMS 0x0000000086200000| PB 0x0000000086200000| Complete 
|  69|0x0000000086300000, 0x0000000086400000, 0x0000000086400000|100%|HC|  |TAMS 0x0000000086300000| PB 0x0000000086300000| Complete 
|  70|0x0000000086400000, 0x0000000086500000, 0x0000000086500000|100%|HS|  |TAMS 0x0000000086400000| PB 0x0000000086400000| Complete 
|  71|0x0000000086500000, 0x0000000086600000, 0x0000000086600000|100%|HC|  |TAMS 0x0000000086500000| PB 0x0000000086500000| Complete 
|  72|0x0000000086600000, 0x0000000086700000, 0x0000000086700000|100%|HS|  |TAMS 0x0000000086600000| PB 0x0000000086600000| Complete 
|  73|0x0000000086700000, 0x0000000086800000, 0x0000000086800000|100%|HC|  |TAMS 0x0000000086700000| PB 0x0000000086700000| Complete 
|  74|0x0000000086800000, 0x0000000086900000, 0x0000000086900000|100%|HS|  |TAMS 0x0000000086800000| PB 0x0000000086800000| Complete 
|  75|0x0000000086900000, 0x0000000086a00000, 0x0000000086a00000|100%|HC|  |TAMS 0x0000000086900000| PB 0x0000000086900000| Complete 
|  76|0x0000000086a00000, 0x0000000086b00000, 0x0000000086b00000|100%|HS|  |TAMS 0x0000000086a00000| PB 0x0000000086a00000| Complete 
|  77|0x0000000086b00000, 0x0000000086c00000, 0x0000000086c00000|100%|HC|  |TAMS 0x0000000086b00000| PB 0x0000000086b00000| Complete 
|  78|0x0000000086c00000, 0x0000000086d00000, 0x0000000086d00000|100%|HS|  |TAMS 0x0000000086c00000| PB 0x0000000086c00000| Complete 
|  79|0x0000000086d00000, 0x0000000086e00000, 0x0000000086e00000|100%|HC|  |TAMS 0x0000000086d00000| PB 0x0000000086d00000| Complete 
|  80|0x0000000086e00000, 0x0000000086f00000, 0x0000000086f00000|100%|HS|  |TAMS 0x0000000086e00000| PB 0x0000000086e00000| Complete 
|  81|0x0000000086f00000, 0x0000000087000000, 0x0000000087000000|100%|HC|  |TAMS 0x0000000086f00000| PB 0x0000000086f00000| Complete 
|  82|0x0000000087000000, 0x0000000087100000, 0x0000000087100000|100%|HS|  |TAMS 0x0000000087000000| PB 0x0000000087000000| Complete 
|  83|0x0000000087100000, 0x0000000087200000, 0x0000000087200000|100%|HC|  |TAMS 0x0000000087100000| PB 0x0000000087100000| Complete 
|  84|0x0000000087200000, 0x0000000087300000, 0x0000000087300000|100%|HS|  |TAMS 0x0000000087200000| PB 0x0000000087200000| Complete 
|  85|0x0000000087300000, 0x0000000087400000, 0x0000000087400000|100%|HC|  |TAMS 0x0000000087300000| PB 0x0000000087300000| Complete 
|  86|0x0000000087400000, 0x0000000087500000, 0x0000000087500000|100%|HS|  |TAMS 0x0000000087400000| PB 0x0000000087400000| Complete 
|  87|0x0000000087500000, 0x0000000087600000, 0x0000000087600000|100%|HC|  |TAMS 0x0000000087500000| PB 0x0000000087500000| Complete 
|  88|0x0000000087600000, 0x0000000087700000, 0x0000000087700000|100%|HS|  |TAMS 0x0000000087600000| PB 0x0000000087600000| Complete 
|  89|0x0000000087700000, 0x0000000087800000, 0x0000000087800000|100%|HC|  |TAMS 0x0000000087700000| PB 0x0000000087700000| Complete 
|  90|0x0000000087800000, 0x0000000087900000, 0x0000000087900000|100%|HS|  |TAMS 0x0000000087800000| PB 0x0000000087800000| Complete 
|  91|0x0000000087900000, 0x0000000087a00000, 0x0000000087a00000|100%|HC|  |TAMS 0x0000000087900000| PB 0x0000000087900000| Complete 
|  92|0x0000000087a00000, 0x0000000087b00000, 0x0000000087b00000|100%|HS|  |TAMS 0x0000000087a00000| PB 0x0000000087a00000| Complete 
|  93|0x0000000087b00000, 0x0000000087c00000, 0x0000000087c00000|100%|HC|  |TAMS 0x0000000087b00000| PB 0x0000000087b00000| Complete 
|  94|0x0000000087c00000, 0x0000000087d00000, 0x0000000087d00000|100%|HS|  |TAMS 0x0000000087c00000| PB 0x0000000087c00000| Complete 
|  95|0x0000000087d00000, 0x0000000087e00000, 0x0000000087e00000|100%|HS|  |TAMS 0x0000000087d00000| PB 0x0000000087d00000| Complete 
|  96|0x0000000087e00000, 0x0000000087f00000, 0x0000000087f00000|100%|HC|  |TAMS 0x0000000087e00000| PB 0x0000000087e00000| Complete 
|  97|0x0000000087f00000, 0x0000000088000000, 0x0000000088000000|100%|HS|  |TAMS 0x0000000087f00000| PB 0x0000000087f00000| Complete 
|  98|0x0000000088000000, 0x0000000088100000, 0x0000000088100000|100%|HC|  |TAMS 0x0000000088000000| PB 0x0000000088000000| Complete 
|  99|0x0000000088100000, 0x0000000088200000, 0x0000000088200000|100%|HS|  |TAMS 0x0000000088100000| PB 0x0000000088100000| Complete 
| 100|0x0000000088200000, 0x0000000088300000, 0x0000000088300000|100%|HC|  |TAMS 0x0000000088200000| PB 0x0000000088200000| Complete 
| 101|0x0000000088300000, 0x0000000088400000, 0x0000000088400000|100%|HS|  |TAMS 0x0000000088300000| PB 0x0000000088300000| Complete 
| 102|0x0000000088400000, 0x0000000088500000, 0x0000000088500000|100%|HC|  |TAMS 0x0000000088400000| PB 0x0000000088400000| Complete 
| 103|0x0000000088500000, 0x0000000088600000, 0x0000000088600000|100%|HS|  |TAMS 0x0000000088500000| PB 0x0000000088500000| Complete 
| 104|0x0000000088600000, 0x0000000088700000, 0x0000000088700000|100%|HC|  |TAMS 0x0000000088600000| PB 0x0000000088600000| Complete 
| 105|0x0000000088700000, 0x0000000088800000, 0x0000000088800000|100%|HS|  |TAMS 0x0000000088700000| PB 0x0000000088700000| Complete 
| 106|0x0000000088800000, 0x0000000088900000, 0x0000000088900000|100%|HC|  |TAMS 0x0000000088800000| PB 0x0000000088800000| Complete 
| 107|0x0000000088900000, 0x0000000088a00000, 0x0000000088a00000|100%|HS|  |TAMS 0x0000000088900000| PB 0x0000000088900000| Complete 
| 108|0x0000000088a00000, 0x0000000088b00000, 0x0000000088b00000|100%|HC|  |TAMS 0x0000000088a00000| PB 0x0000000088a00000| Complete 
| 109|0x0000000088b00000, 0x0000000088c00000, 0x0000000088c00000|100%|HS|  |TAMS 0x0000000088b00000| PB 0x0000000088b00000| Complete 
| 110|0x0000000088c00000, 0x0000000088d00000, 0x0000000088d00000|100%|HC|  |TAMS 0x0000000088c00000| PB 0x0000000088c00000| Complete 
| 111|0x0000000088d00000, 0x0000000088e00000, 0x0000000088e00000|100%|HS|  |TAMS 0x0000000088d00000| PB 0x0000000088d00000| Complete 
| 112|0x0000000088e00000, 0x0000000088f00000, 0x0000000088f00000|100%|HC|  |TAMS 0x0000000088e00000| PB 0x0000000088e00000| Complete 
| 113|0x0000000088f00000, 0x0000000089000000, 0x0000000089000000|100%|HS|  |TAMS 0x0000000088f00000| PB 0x0000000088f00000| Complete 
| 114|0x0000000089000000, 0x0000000089100000, 0x0000000089100000|100%|HC|  |TAMS 0x0000000089000000| PB 0x0000000089000000| Complete 
| 115|0x0000000089100000, 0x0000000089200000, 0x0000000089200000|100%|HS|  |TAMS 0x0000000089100000| PB 0x0000000089100000| Complete 
| 116|0x0000000089200000, 0x0000000089300000, 0x0000000089300000|100%|HC|  |TAMS 0x0000000089200000| PB 0x0000000089200000| Complete 
| 117|0x0000000089300000, 0x0000000089400000, 0x0000000089400000|100%|HS|  |TAMS 0x0000000089300000| PB 0x0000000089300000| Complete 
| 118|0x0000000089400000, 0x0000000089500000, 0x0000000089500000|100%|HS|  |TAMS 0x0000000089400000| PB 0x0000000089400000| Complete 
| 119|0x0000000089500000, 0x0000000089600000, 0x0000000089600000|100%| O|  |TAMS 0x0000000089500000| PB 0x0000000089500000| Untracked 
| 120|0x0000000089600000, 0x0000000089700000, 0x0000000089700000|100%| O|  |TAMS 0x0000000089600000| PB 0x0000000089600000| Untracked 
| 121|0x0000000089700000, 0x0000000089800000, 0x0000000089800000|100%| O|  |TAMS 0x0000000089700000| PB 0x0000000089700000| Untracked 
| 122|0x0000000089800000, 0x0000000089900000, 0x0000000089900000|100%| O|  |TAMS 0x0000000089800000| PB 0x0000000089800000| Complete 
| 123|0x0000000089900000, 0x0000000089a00000, 0x0000000089a00000|100%|HS|  |TAMS 0x0000000089900000| PB 0x0000000089900000| Complete 
| 124|0x0000000089a00000, 0x0000000089b00000, 0x0000000089b00000|100%|HC|  |TAMS 0x0000000089a00000| PB 0x0000000089a00000| Complete 
| 125|0x0000000089b00000, 0x0000000089b00000, 0x0000000089c00000|  0%| F|  |TAMS 0x0000000089b00000| PB 0x0000000089b00000| Untracked 
| 126|0x0000000089c00000, 0x0000000089c00000, 0x0000000089d00000|  0%| F|  |TAMS 0x0000000089c00000| PB 0x0000000089c00000| Untracked 
| 127|0x0000000089d00000, 0x0000000089d00000, 0x0000000089e00000|  0%| F|  |TAMS 0x0000000089d00000| PB 0x0000000089d00000| Untracked 
| 128|0x0000000089e00000, 0x0000000089f00000, 0x0000000089f00000|100%|HS|  |TAMS 0x0000000089e00000| PB 0x0000000089e00000| Complete 
| 129|0x0000000089f00000, 0x000000008a000000, 0x000000008a000000|100%|HC|  |TAMS 0x0000000089f00000| PB 0x0000000089f00000| Complete 
| 130|0x000000008a000000, 0x000000008a100000, 0x000000008a100000|100%|HS|  |TAMS 0x000000008a000000| PB 0x000000008a000000| Complete 
| 131|0x000000008a100000, 0x000000008a200000, 0x000000008a200000|100%|HC|  |TAMS 0x000000008a100000| PB 0x000000008a100000| Complete 
| 132|0x000000008a200000, 0x000000008a300000, 0x000000008a300000|100%|HS|  |TAMS 0x000000008a200000| PB 0x000000008a200000| Complete 
| 133|0x000000008a300000, 0x000000008a400000, 0x000000008a400000|100%|HC|  |TAMS 0x000000008a300000| PB 0x000000008a300000| Complete 
| 134|0x000000008a400000, 0x000000008a500000, 0x000000008a500000|100%|HS|  |TAMS 0x000000008a400000| PB 0x000000008a400000| Complete 
| 135|0x000000008a500000, 0x000000008a600000, 0x000000008a600000|100%|HC|  |TAMS 0x000000008a500000| PB 0x000000008a500000| Complete 
| 136|0x000000008a600000, 0x000000008a700000, 0x000000008a700000|100%|HS|  |TAMS 0x000000008a600000| PB 0x000000008a600000| Complete 
| 137|0x000000008a700000, 0x000000008a800000, 0x000000008a800000|100%|HC|  |TAMS 0x000000008a700000| PB 0x000000008a700000| Complete 
| 138|0x000000008a800000, 0x000000008a900000, 0x000000008a900000|100%|HS|  |TAMS 0x000000008a800000| PB 0x000000008a800000| Complete 
| 139|0x000000008a900000, 0x000000008aa00000, 0x000000008aa00000|100%|HC|  |TAMS 0x000000008a900000| PB 0x000000008a900000| Complete 
| 140|0x000000008aa00000, 0x000000008ab00000, 0x000000008ab00000|100%|HS|  |TAMS 0x000000008aa00000| PB 0x000000008aa00000| Complete 
| 141|0x000000008ab00000, 0x000000008ac00000, 0x000000008ac00000|100%|HC|  |TAMS 0x000000008ab00000| PB 0x000000008ab00000| Complete 
| 142|0x000000008ac00000, 0x000000008ad00000, 0x000000008ad00000|100%|HS|  |TAMS 0x000000008ac00000| PB 0x000000008ac00000| Complete 
| 143|0x000000008ad00000, 0x000000008ae00000, 0x000000008ae00000|100%|HC|  |TAMS 0x000000008ad00000| PB 0x000000008ad00000| Complete 
| 144|0x000000008ae00000, 0x000000008af00000, 0x000000008af00000|100%|HS|  |TAMS 0x000000008ae00000| PB 0x000000008ae00000| Complete 
| 145|0x000000008af00000, 0x000000008b000000, 0x000000008b000000|100%|HC|  |TAMS 0x000000008af00000| PB 0x000000008af00000| Complete 
| 146|0x000000008b000000, 0x000000008b100000, 0x000000008b100000|100%|HS|  |TAMS 0x000000008b000000| PB 0x000000008b000000| Complete 
| 147|0x000000008b100000, 0x000000008b200000, 0x000000008b200000|100%|HC|  |TAMS 0x000000008b100000| PB 0x000000008b100000| Complete 
| 148|0x000000008b200000, 0x000000008b300000, 0x000000008b300000|100%|HS|  |TAMS 0x000000008b200000| PB 0x000000008b200000| Complete 
| 149|0x000000008b300000, 0x000000008b400000, 0x000000008b400000|100%|HC|  |TAMS 0x000000008b300000| PB 0x000000008b300000| Complete 
| 150|0x000000008b400000, 0x000000008b400000, 0x000000008b500000|  0%| F|  |TAMS 0x000000008b400000| PB 0x000000008b400000| Untracked 
| 151|0x000000008b500000, 0x000000008b500000, 0x000000008b600000|  0%| F|  |TAMS 0x000000008b500000| PB 0x000000008b500000| Untracked 
| 152|0x000000008b600000, 0x000000008b600000, 0x000000008b700000|  0%| F|  |TAMS 0x000000008b600000| PB 0x000000008b600000| Untracked 
| 153|0x000000008b700000, 0x000000008b700000, 0x000000008b800000|  0%| F|  |TAMS 0x000000008b700000| PB 0x000000008b700000| Untracked 
| 154|0x000000008b800000, 0x000000008b800000, 0x000000008b900000|  0%| F|  |TAMS 0x000000008b800000| PB 0x000000008b800000| Untracked 
| 155|0x000000008b900000, 0x000000008b900000, 0x000000008ba00000|  0%| F|  |TAMS 0x000000008b900000| PB 0x000000008b900000| Untracked 
| 156|0x000000008ba00000, 0x000000008ba00000, 0x000000008bb00000|  0%| F|  |TAMS 0x000000008ba00000| PB 0x000000008ba00000| Untracked 
| 157|0x000000008bb00000, 0x000000008bb00000, 0x000000008bc00000|  0%| F|  |TAMS 0x000000008bb00000| PB 0x000000008bb00000| Untracked 
| 158|0x000000008bc00000, 0x000000008bc00000, 0x000000008bd00000|  0%| F|  |TAMS 0x000000008bc00000| PB 0x000000008bc00000| Untracked 
| 159|0x000000008bd00000, 0x000000008bd00000, 0x000000008be00000|  0%| F|  |TAMS 0x000000008bd00000| PB 0x000000008bd00000| Untracked 
| 160|0x000000008be00000, 0x000000008be00000, 0x000000008bf00000|  0%| F|  |TAMS 0x000000008be00000| PB 0x000000008be00000| Untracked 
| 161|0x000000008bf00000, 0x000000008bf00000, 0x000000008c000000|  0%| F|  |TAMS 0x000000008bf00000| PB 0x000000008bf00000| Untracked 
| 162|0x000000008c000000, 0x000000008c000000, 0x000000008c100000|  0%| F|  |TAMS 0x000000008c000000| PB 0x000000008c000000| Untracked 
| 163|0x000000008c100000, 0x000000008c100000, 0x000000008c200000|  0%| F|  |TAMS 0x000000008c100000| PB 0x000000008c100000| Untracked 
| 164|0x000000008c200000, 0x000000008c200000, 0x000000008c300000|  0%| F|  |TAMS 0x000000008c200000| PB 0x000000008c200000| Untracked 
| 165|0x000000008c300000, 0x000000008c300000, 0x000000008c400000|  0%| F|  |TAMS 0x000000008c300000| PB 0x000000008c300000| Untracked 
| 166|0x000000008c400000, 0x000000008c400000, 0x000000008c500000|  0%| F|  |TAMS 0x000000008c400000| PB 0x000000008c400000| Untracked 
| 167|0x000000008c500000, 0x000000008c500000, 0x000000008c600000|  0%| F|  |TAMS 0x000000008c500000| PB 0x000000008c500000| Untracked 
| 168|0x000000008c600000, 0x000000008c600000, 0x000000008c700000|  0%| F|  |TAMS 0x000000008c600000| PB 0x000000008c600000| Untracked 
| 169|0x000000008c700000, 0x000000008c700000, 0x000000008c800000|  0%| F|  |TAMS 0x000000008c700000| PB 0x000000008c700000| Untracked 
| 170|0x000000008c800000, 0x000000008c800000, 0x000000008c900000|  0%| F|  |TAMS 0x000000008c800000| PB 0x000000008c800000| Untracked 
| 171|0x000000008c900000, 0x000000008c900000, 0x000000008ca00000|  0%| F|  |TAMS 0x000000008c900000| PB 0x000000008c900000| Untracked 
| 172|0x000000008ca00000, 0x000000008ca00000, 0x000000008cb00000|  0%| F|  |TAMS 0x000000008ca00000| PB 0x000000008ca00000| Untracked 
| 173|0x000000008cb00000, 0x000000008cb00000, 0x000000008cc00000|  0%| F|  |TAMS 0x000000008cb00000| PB 0x000000008cb00000| Untracked 
| 174|0x000000008cc00000, 0x000000008cc00000, 0x000000008cd00000|  0%| F|  |TAMS 0x000000008cc00000| PB 0x000000008cc00000| Untracked 
| 175|0x000000008cd00000, 0x000000008cd00000, 0x000000008ce00000|  0%| F|  |TAMS 0x000000008cd00000| PB 0x000000008cd00000| Untracked 
| 176|0x000000008ce00000, 0x000000008ce00000, 0x000000008cf00000|  0%| F|  |TAMS 0x000000008ce00000| PB 0x000000008ce00000| Untracked 
| 177|0x000000008cf00000, 0x000000008cf00000, 0x000000008d000000|  0%| F|  |TAMS 0x000000008cf00000| PB 0x000000008cf00000| Untracked 
| 178|0x000000008d000000, 0x000000008d000000, 0x000000008d100000|  0%| F|  |TAMS 0x000000008d000000| PB 0x000000008d000000| Untracked 
| 179|0x000000008d100000, 0x000000008d100000, 0x000000008d200000|  0%| F|  |TAMS 0x000000008d100000| PB 0x000000008d100000| Untracked 
| 180|0x000000008d200000, 0x000000008d200000, 0x000000008d300000|  0%| F|  |TAMS 0x000000008d200000| PB 0x000000008d200000| Untracked 
| 181|0x000000008d300000, 0x000000008d300000, 0x000000008d400000|  0%| F|  |TAMS 0x000000008d300000| PB 0x000000008d300000| Untracked 
| 182|0x000000008d400000, 0x000000008d400000, 0x000000008d500000|  0%| F|  |TAMS 0x000000008d400000| PB 0x000000008d400000| Untracked 
| 183|0x000000008d500000, 0x000000008d500000, 0x000000008d600000|  0%| F|  |TAMS 0x000000008d500000| PB 0x000000008d500000| Untracked 
| 184|0x000000008d600000, 0x000000008d600000, 0x000000008d700000|  0%| F|  |TAMS 0x000000008d600000| PB 0x000000008d600000| Untracked 
| 185|0x000000008d700000, 0x000000008d700000, 0x000000008d800000|  0%| F|  |TAMS 0x000000008d700000| PB 0x000000008d700000| Untracked 
| 186|0x000000008d800000, 0x000000008d800000, 0x000000008d900000|  0%| F|  |TAMS 0x000000008d800000| PB 0x000000008d800000| Untracked 
| 187|0x000000008d900000, 0x000000008d900000, 0x000000008da00000|  0%| F|  |TAMS 0x000000008d900000| PB 0x000000008d900000| Untracked 
| 188|0x000000008da00000, 0x000000008da00000, 0x000000008db00000|  0%| F|  |TAMS 0x000000008da00000| PB 0x000000008da00000| Untracked 
| 189|0x000000008db00000, 0x000000008db00000, 0x000000008dc00000|  0%| F|  |TAMS 0x000000008db00000| PB 0x000000008db00000| Untracked 
| 190|0x000000008dc00000, 0x000000008dc00000, 0x000000008dd00000|  0%| F|  |TAMS 0x000000008dc00000| PB 0x000000008dc00000| Untracked 
| 191|0x000000008dd00000, 0x000000008dd00000, 0x000000008de00000|  0%| F|  |TAMS 0x000000008dd00000| PB 0x000000008dd00000| Untracked 
| 192|0x000000008de00000, 0x000000008de00000, 0x000000008df00000|  0%| F|  |TAMS 0x000000008de00000| PB 0x000000008de00000| Untracked 
| 193|0x000000008df00000, 0x000000008df00000, 0x000000008e000000|  0%| F|  |TAMS 0x000000008df00000| PB 0x000000008df00000| Untracked 
| 194|0x000000008e000000, 0x000000008e000000, 0x000000008e100000|  0%| F|  |TAMS 0x000000008e000000| PB 0x000000008e000000| Untracked 
| 195|0x000000008e100000, 0x000000008e100000, 0x000000008e200000|  0%| F|  |TAMS 0x000000008e100000| PB 0x000000008e100000| Untracked 
| 196|0x000000008e200000, 0x000000008e200000, 0x000000008e300000|  0%| F|  |TAMS 0x000000008e200000| PB 0x000000008e200000| Untracked 
| 197|0x000000008e300000, 0x000000008e300000, 0x000000008e400000|  0%| F|  |TAMS 0x000000008e300000| PB 0x000000008e300000| Untracked 
| 198|0x000000008e400000, 0x000000008e400000, 0x000000008e500000|  0%| F|  |TAMS 0x000000008e400000| PB 0x000000008e400000| Untracked 
| 199|0x000000008e500000, 0x000000008e500000, 0x000000008e600000|  0%| F|  |TAMS 0x000000008e500000| PB 0x000000008e500000| Untracked 
| 200|0x000000008e600000, 0x000000008e600000, 0x000000008e700000|  0%| F|  |TAMS 0x000000008e600000| PB 0x000000008e600000| Untracked 
| 201|0x000000008e700000, 0x000000008e700000, 0x000000008e800000|  0%| F|  |TAMS 0x000000008e700000| PB 0x000000008e700000| Untracked 
| 202|0x000000008e800000, 0x000000008e800000, 0x000000008e900000|  0%| F|  |TAMS 0x000000008e800000| PB 0x000000008e800000| Untracked 
| 203|0x000000008e900000, 0x000000008e900000, 0x000000008ea00000|  0%| F|  |TAMS 0x000000008e900000| PB 0x000000008e900000| Untracked 
| 204|0x000000008ea00000, 0x000000008ea00000, 0x000000008eb00000|  0%| F|  |TAMS 0x000000008ea00000| PB 0x000000008ea00000| Untracked 
| 205|0x000000008eb00000, 0x000000008eb00000, 0x000000008ec00000|  0%| F|  |TAMS 0x000000008eb00000| PB 0x000000008eb00000| Untracked 
| 206|0x000000008ec00000, 0x000000008ec00000, 0x000000008ed00000|  0%| F|  |TAMS 0x000000008ec00000| PB 0x000000008ec00000| Untracked 
| 207|0x000000008ed00000, 0x000000008ed00000, 0x000000008ee00000|  0%| F|  |TAMS 0x000000008ed00000| PB 0x000000008ed00000| Untracked 
| 208|0x000000008ee00000, 0x000000008ee00000, 0x000000008ef00000|  0%| F|  |TAMS 0x000000008ee00000| PB 0x000000008ee00000| Untracked 
| 209|0x000000008ef00000, 0x000000008ef00000, 0x000000008f000000|  0%| F|  |TAMS 0x000000008ef00000| PB 0x000000008ef00000| Untracked 
| 210|0x000000008f000000, 0x000000008f000000, 0x000000008f100000|  0%| F|  |TAMS 0x000000008f000000| PB 0x000000008f000000| Untracked 
| 211|0x000000008f100000, 0x000000008f100000, 0x000000008f200000|  0%| F|  |TAMS 0x000000008f100000| PB 0x000000008f100000| Untracked 
| 212|0x000000008f200000, 0x000000008f200000, 0x000000008f300000|  0%| F|  |TAMS 0x000000008f200000| PB 0x000000008f200000| Untracked 
| 213|0x000000008f300000, 0x000000008f300000, 0x000000008f400000|  0%| F|  |TAMS 0x000000008f300000| PB 0x000000008f300000| Untracked 
| 214|0x000000008f400000, 0x000000008f400000, 0x000000008f500000|  0%| F|  |TAMS 0x000000008f400000| PB 0x000000008f400000| Untracked 
| 215|0x000000008f500000, 0x000000008f500000, 0x000000008f600000|  0%| F|  |TAMS 0x000000008f500000| PB 0x000000008f500000| Untracked 
| 216|0x000000008f600000, 0x000000008f600000, 0x000000008f700000|  0%| F|  |TAMS 0x000000008f600000| PB 0x000000008f600000| Untracked 
| 217|0x000000008f700000, 0x000000008f700000, 0x000000008f800000|  0%| F|  |TAMS 0x000000008f700000| PB 0x000000008f700000| Untracked 
| 218|0x000000008f800000, 0x000000008f800000, 0x000000008f900000|  0%| F|  |TAMS 0x000000008f800000| PB 0x000000008f800000| Untracked 
| 219|0x000000008f900000, 0x000000008f900000, 0x000000008fa00000|  0%| F|  |TAMS 0x000000008f900000| PB 0x000000008f900000| Untracked 
| 220|0x000000008fa00000, 0x000000008fa00000, 0x000000008fb00000|  0%| F|  |TAMS 0x000000008fa00000| PB 0x000000008fa00000| Untracked 
| 221|0x000000008fb00000, 0x000000008fb00000, 0x000000008fc00000|  0%| F|  |TAMS 0x000000008fb00000| PB 0x000000008fb00000| Untracked 
| 222|0x000000008fc00000, 0x000000008fc00000, 0x000000008fd00000|  0%| F|  |TAMS 0x000000008fc00000| PB 0x000000008fc00000| Untracked 
| 223|0x000000008fd00000, 0x000000008fd00000, 0x000000008fe00000|  0%| F|  |TAMS 0x000000008fd00000| PB 0x000000008fd00000| Untracked 
| 224|0x000000008fe00000, 0x000000008fe00000, 0x000000008ff00000|  0%| F|  |TAMS 0x000000008fe00000| PB 0x000000008fe00000| Untracked 
| 225|0x000000008ff00000, 0x000000008ff00000, 0x0000000090000000|  0%| F|  |TAMS 0x000000008ff00000| PB 0x000000008ff00000| Untracked 
| 226|0x0000000090000000, 0x0000000090000000, 0x0000000090100000|  0%| F|  |TAMS 0x0000000090000000| PB 0x0000000090000000| Untracked 
| 227|0x0000000090100000, 0x0000000090100000, 0x0000000090200000|  0%| F|  |TAMS 0x0000000090100000| PB 0x0000000090100000| Untracked 
| 228|0x0000000090200000, 0x0000000090200000, 0x0000000090300000|  0%| F|  |TAMS 0x0000000090200000| PB 0x0000000090200000| Untracked 
| 229|0x0000000090300000, 0x0000000090300000, 0x0000000090400000|  0%| F|  |TAMS 0x0000000090300000| PB 0x0000000090300000| Untracked 
| 230|0x0000000090400000, 0x00000000904b51c0, 0x0000000090500000| 70%| E|  |TAMS 0x0000000090400000| PB 0x0000000090400000| Complete 
| 231|0x0000000090500000, 0x0000000090600000, 0x0000000090600000|100%| E|CS|TAMS 0x0000000090500000| PB 0x0000000090500000| Complete 
| 232|0x0000000090600000, 0x0000000090700000, 0x0000000090700000|100%| E|CS|TAMS 0x0000000090600000| PB 0x0000000090600000| Complete 
| 233|0x0000000090700000, 0x0000000090800000, 0x0000000090800000|100%| E|CS|TAMS 0x0000000090700000| PB 0x0000000090700000| Complete 
| 234|0x0000000090800000, 0x0000000090900000, 0x0000000090900000|100%| E|CS|TAMS 0x0000000090800000| PB 0x0000000090800000| Complete 
| 235|0x0000000090900000, 0x0000000090a00000, 0x0000000090a00000|100%| E|CS|TAMS 0x0000000090900000| PB 0x0000000090900000| Complete 
| 236|0x0000000090a00000, 0x0000000090b00000, 0x0000000090b00000|100%| E|CS|TAMS 0x0000000090a00000| PB 0x0000000090a00000| Complete 
| 237|0x0000000090b00000, 0x0000000090c00000, 0x0000000090c00000|100%| E|CS|TAMS 0x0000000090b00000| PB 0x0000000090b00000| Complete 
| 238|0x0000000090c00000, 0x0000000090d00000, 0x0000000090d00000|100%| E|CS|TAMS 0x0000000090c00000| PB 0x0000000090c00000| Complete 
| 239|0x0000000090d00000, 0x0000000090ddbe90, 0x0000000090e00000| 85%| S|CS|TAMS 0x0000000090d00000| PB 0x0000000090d00000| Complete 
| 240|0x0000000090e00000, 0x0000000090f00000, 0x0000000090f00000|100%| E|CS|TAMS 0x0000000090e00000| PB 0x0000000090e00000| Complete 
| 241|0x0000000090f00000, 0x0000000091000000, 0x0000000091000000|100%| E|CS|TAMS 0x0000000090f00000| PB 0x0000000090f00000| Complete 
| 242|0x0000000091000000, 0x0000000091100000, 0x0000000091100000|100%| E|CS|TAMS 0x0000000091000000| PB 0x0000000091000000| Complete 
| 243|0x0000000091100000, 0x0000000091200000, 0x0000000091200000|100%| E|CS|TAMS 0x0000000091100000| PB 0x0000000091100000| Complete 
| 244|0x0000000091200000, 0x0000000091300000, 0x0000000091300000|100%| E|CS|TAMS 0x0000000091200000| PB 0x0000000091200000| Complete 

Card table byte_map: [0x000001e99cd70000,0x000001e99d170000] _byte_map_base: 0x000001e99c961000

Marking Bits: (CMBitMap*) 0x000001e98592eaa0
 Bits: [0x000001e99d570000, 0x000001e99f4f8000)

Polling page: 0x000001e985050000

Metaspace:

Usage:
  Non-class:     15.26 MB used.
      Class:      2.57 MB used.
       Both:     17.83 MB used.

Virtual space:
  Non-class space:       64.00 MB reserved,      15.44 MB ( 24%) committed,  1 nodes.
      Class space:        1.00 GB reserved,       2.69 MB ( <1%) committed,  1 nodes.
             Both:        1.06 GB reserved,      18.12 MB (  2%) committed. 

Chunk freelists:
   Non-Class:  480.00 KB
       Class:  1.25 MB
        Both:  1.72 MB

MaxMetaspaceSize: unlimited
CompressedClassSpaceSize: 1.00 GB
Initial GC threshold: 21.00 MB
Current GC threshold: 24.31 MB
CDS: on
MetaspaceReclaimPolicy: balanced
 - commit_granule_bytes: 65536.
 - commit_granule_words: 8192.
 - virtual_space_node_default_size: 8388608.
 - enlarge_chunks_in_place: 1.
 - new_chunks_are_fully_committed: 0.
 - uncommit_free_chunks: 1.
 - use_allocation_guard: 0.


Internal statistics:

num_allocs_failed_limit: 0.
num_arena_births: 368.
num_arena_deaths: 0.
num_vsnodes_births: 2.
num_vsnodes_deaths: 0.
num_space_committed: 290.
num_space_uncommitted: 0.
num_chunks_returned_to_freelist: 0.
num_chunks_taken_from_freelist: 924.
num_chunk_merges: 0.
num_chunk_splits: 655.
num_chunks_enlarged: 500.
num_inconsistent_stats: 0.

CodeHeap 'non-profiled nmethods': size=120000Kb used=1098Kb max_used=1098Kb free=118901Kb
 bounds [0x000001e995440000, 0x000001e9956b0000, 0x000001e99c970000]
CodeHeap 'profiled nmethods': size=120000Kb used=6479Kb max_used=6479Kb free=113520Kb
 bounds [0x000001e98d970000, 0x000001e98dfd0000, 0x000001e994ea0000]
CodeHeap 'non-nmethods': size=5760Kb used=1864Kb max_used=1878Kb free=3895Kb
 bounds [0x000001e994ea0000, 0x000001e995110000, 0x000001e995440000]
 total_blobs=3784 nmethods=2964 adapters=730
 compilation: enabled
              stopped_count=0, restarted_count=0
 full_count=0

Compilation events (20 events):
Event: 6.033 Thread 0x000001e9a5c2ae60 3222       1       com.sun.prism.impl.BaseGraphics::isDepthBuffer (5 bytes)
Event: 6.033 Thread 0x000001e9a5c2ae60 nmethod 3222 0x000001e995552710 code [0x000001e995552880, 0x000001e995552950]
Event: 6.038 Thread 0x000001e9a5c2ae60 3223       3       com.sun.javafx.sg.prism.NGNode::getEffect (19 bytes)
Event: 6.039 Thread 0x000001e9a5c2ae60 nmethod 3223 0x000001e98dfc0b90 code [0x000001e98dfc0d20, 0x000001e98dfc0ee0]
Event: 6.039 Thread 0x000001e9a5c2ae60 3224       3       com.sun.javafx.geom.RectBounds::setBounds (33 bytes)
Event: 6.040 Thread 0x000001e9a5c2ae60 nmethod 3224 0x000001e98dfc0f90 code [0x000001e98dfc1120, 0x000001e98dfc12b8]
Event: 6.041 Thread 0x000001e9a5c2ae60 3226       3       java.lang.ModuleLayer::boot (4 bytes)
Event: 6.042 Thread 0x000001e9a5c2ae60 nmethod 3226 0x000001e98dfc1390 code [0x000001e98dfc1520, 0x000001e98dfc1620]
Event: 6.043 Thread 0x000001e9a5c2ae60 3227       3       sun.nio.cs.StreamEncoder::ensureOpen (18 bytes)
Event: 6.043 Thread 0x000001e9a5c2ae60 nmethod 3227 0x000001e98dfc1690 code [0x000001e98dfc1820, 0x000001e98dfc1a30]
Event: 6.043 Thread 0x000001e9a5c2ae60 3228       3       sun.nio.cs.StreamEncoder::implFlushBuffer (15 bytes)
Event: 6.044 Thread 0x000001e9a5c2ae60 nmethod 3228 0x000001e98dfc1b10 code [0x000001e98dfc1ca0, 0x000001e98dfc1e30]
Event: 6.044 Thread 0x000001e9a5c2ae60 3229       3       java.lang.Thread::interrupted (7 bytes)
Event: 6.044 Thread 0x000001e9a5c2ae60 nmethod 3229 0x000001e98dfc1f10 code [0x000001e98dfc20a0, 0x000001e98dfc2308]
Event: 6.044 Thread 0x000001e9a5c2ae60 3230       3       java.lang.Thread::getAndClearInterrupt (19 bytes)
Event: 6.044 Thread 0x000001e9a5c2ae60 nmethod 3230 0x000001e98dfc2410 code [0x000001e98dfc25a0, 0x000001e98dfc2728]
Event: 6.053 Thread 0x000001e9a5c2ae60 3231       3       java.util.WeakHashMap::putAll (135 bytes)
Event: 6.054 Thread 0x000001e9a5c2ae60 nmethod 3231 0x000001e98dfc2810 code [0x000001e98dfc2a80, 0x000001e98dfc35b0]
Event: 6.069 Thread 0x000001e9a5c2ae60 3232       3       com.sun.scenario.animation.AnimationPulse::getDefaultBean (4 bytes)
Event: 6.069 Thread 0x000001e9a5c2ae60 nmethod 3232 0x000001e98dfc3910 code [0x000001e98dfc3aa0, 0x000001e98dfc3b98]

GC Heap History (18 events):
Event: 0.907 GC heap before
{Heap before GC invocations=0 (full 0):
 garbage-first heap   total 131072K, used 13312K [0x0000000081e00000, 0x0000000100000000)
  region size 1024K, 13 young (13312K), 0 survivors (0K)
 Metaspace       used 2490K, committed 2688K, reserved 1114112K
  class space    used 259K, committed 320K, reserved 1048576K
}
Event: 0.914 GC heap after
{Heap after GC invocations=1 (full 0):
 garbage-first heap   total 131072K, used 1828K [0x0000000081e00000, 0x0000000100000000)
  region size 1024K, 2 young (2048K), 2 survivors (2048K)
 Metaspace       used 2490K, committed 2688K, reserved 1114112K
  class space    used 259K, committed 320K, reserved 1048576K
}
Event: 1.827 GC heap before
{Heap before GC invocations=1 (full 0):
 garbage-first heap   total 131072K, used 19236K [0x0000000081e00000, 0x0000000100000000)
  region size 1024K, 20 young (20480K), 2 survivors (2048K)
 Metaspace       used 8158K, committed 8448K, reserved 1114112K
  class space    used 926K, committed 1024K, reserved 1048576K
}
Event: 1.833 GC heap after
{Heap after GC invocations=2 (full 0):
 garbage-first heap   total 131072K, used 4859K [0x0000000081e00000, 0x0000000100000000)
  region size 1024K, 3 young (3072K), 3 survivors (3072K)
 Metaspace       used 8158K, committed 8448K, reserved 1114112K
  class space    used 926K, committed 1024K, reserved 1048576K
}
Event: 2.855 GC heap before
{Heap before GC invocations=2 (full 0):
 garbage-first heap   total 131072K, used 77563K [0x0000000081e00000, 0x0000000100000000)
  region size 1024K, 20 young (20480K), 3 survivors (3072K)
 Metaspace       used 11581K, committed 11904K, reserved 1114112K
  class space    used 1470K, committed 1600K, reserved 1048576K
}
Event: 2.862 GC heap after
{Heap after GC invocations=3 (full 0):
 garbage-first heap   total 131072K, used 64610K [0x0000000081e00000, 0x0000000100000000)
  region size 1024K, 7 young (7168K), 7 survivors (7168K)
 Metaspace       used 11581K, committed 11904K, reserved 1114112K
  class space    used 1470K, committed 1600K, reserved 1048576K
}
Event: 2.870 GC heap before
{Heap before GC invocations=3 (full 0):
 garbage-first heap   total 131072K, used 66658K [0x0000000081e00000, 0x0000000100000000)
  region size 1024K, 8 young (8192K), 7 survivors (7168K)
 Metaspace       used 11583K, committed 11904K, reserved 1114112K
  class space    used 1470K, committed 1600K, reserved 1048576K
}
Event: 2.876 GC heap after
{Heap after GC invocations=4 (full 0):
 garbage-first heap   total 131072K, used 67162K [0x0000000081e00000, 0x0000000100000000)
  region size 1024K, 4 young (4096K), 4 survivors (4096K)
 Metaspace       used 11583K, committed 11904K, reserved 1114112K
  class space    used 1470K, committed 1600K, reserved 1048576K
}
Event: 2.892 GC heap before
{Heap before GC invocations=5 (full 0):
 garbage-first heap   total 131072K, used 69210K [0x0000000081e00000, 0x0000000100000000)
  region size 1024K, 5 young (5120K), 4 survivors (4096K)
 Metaspace       used 11595K, committed 11904K, reserved 1114112K
  class space    used 1470K, committed 1600K, reserved 1048576K
}
Event: 2.897 GC heap after
{Heap after GC invocations=6 (full 0):
 garbage-first heap   total 131072K, used 68840K [0x0000000081e00000, 0x0000000100000000)
  region size 1024K, 4 young (4096K), 4 survivors (4096K)
 Metaspace       used 11595K, committed 11904K, reserved 1114112K
  class space    used 1470K, committed 1600K, reserved 1048576K
}
Event: 3.382 GC heap before
{Heap before GC invocations=7 (full 0):
 garbage-first heap   total 153600K, used 152808K [0x0000000081e00000, 0x0000000100000000)
  region size 1024K, 9 young (9216K), 4 survivors (4096K)
 Metaspace       used 12369K, committed 12672K, reserved 1114112K
  class space    used 1620K, committed 1792K, reserved 1048576K
}
Event: 3.387 GC heap after
{Heap after GC invocations=8 (full 0):
 garbage-first heap   total 158720K, used 148431K [0x0000000081e00000, 0x0000000100000000)
  region size 1024K, 5 young (5120K), 5 survivors (5120K)
 Metaspace       used 12369K, committed 12672K, reserved 1114112K
  class space    used 1620K, committed 1792K, reserved 1048576K
}
Event: 3.433 GC heap before
{Heap before GC invocations=8 (full 0):
 garbage-first heap   total 158720K, used 150479K [0x0000000081e00000, 0x0000000100000000)
  region size 1024K, 7 young (7168K), 5 survivors (5120K)
 Metaspace       used 12810K, committed 13184K, reserved 1114112K
  class space    used 1686K, committed 1856K, reserved 1048576K
}
Event: 3.438 GC heap after
{Heap after GC invocations=9 (full 0):
 garbage-first heap   total 158720K, used 148262K [0x0000000081e00000, 0x0000000100000000)
  region size 1024K, 1 young (1024K), 1 survivors (1024K)
 Metaspace       used 12810K, committed 13184K, reserved 1114112K
  class space    used 1686K, committed 1856K, reserved 1048576K
}
Event: 3.758 GC heap before
{Heap before GC invocations=9 (full 0):
 garbage-first heap   total 158720K, used 153382K [0x0000000081e00000, 0x0000000100000000)
  region size 1024K, 7 young (7168K), 1 survivors (1024K)
 Metaspace       used 14443K, committed 14784K, reserved 1114112K
  class space    used 1961K, committed 2112K, reserved 1048576K
}
Event: 3.760 GC heap after
{Heap after GC invocations=10 (full 0):
 garbage-first heap   total 158720K, used 148630K [0x0000000081e00000, 0x0000000100000000)
  region size 1024K, 1 young (1024K), 1 survivors (1024K)
 Metaspace       used 14443K, committed 14784K, reserved 1114112K
  class space    used 1961K, committed 2112K, reserved 1048576K
}
Event: 3.985 GC heap before
{Heap before GC invocations=11 (full 0):
 garbage-first heap   total 250880K, used 154774K [0x0000000081e00000, 0x0000000100000000)
  region size 1024K, 7 young (7168K), 1 survivors (1024K)
 Metaspace       used 15983K, committed 16320K, reserved 1114112K
  class space    used 2317K, committed 2432K, reserved 1048576K
}
Event: 3.989 GC heap after
{Heap after GC invocations=12 (full 0):
 garbage-first heap   total 250880K, used 149061K [0x0000000081e00000, 0x0000000100000000)
  region size 1024K, 1 young (1024K), 1 survivors (1024K)
 Metaspace       used 15983K, committed 16320K, reserved 1114112K
  class space    used 2317K, committed 2432K, reserved 1048576K
}

Dll operation events (20 events):
Event: 1.090 Loaded shared library C:\Users\HP\.openjfx\cache\18-ea\api-ms-win-crt-filesystem-l1-1-0.dll
Event: 1.095 Loaded shared library C:\Users\HP\.openjfx\cache\18-ea\api-ms-win-crt-heap-l1-1-0.dll
Event: 1.118 Loaded shared library C:\Users\HP\.jdks\openjdk-20.0.1\bin\jimage.dll
Event: 1.196 Loaded shared library C:\Users\HP\.openjfx\cache\18-ea\api-ms-win-crt-locale-l1-1-0.dll
Event: 1.204 Loaded shared library C:\Users\HP\.openjfx\cache\18-ea\api-ms-win-crt-math-l1-1-0.dll
Event: 1.217 Loaded shared library C:\Users\HP\.openjfx\cache\18-ea\api-ms-win-crt-multibyte-l1-1-0.dll
Event: 1.235 Loaded shared library C:\Users\HP\.openjfx\cache\18-ea\api-ms-win-crt-private-l1-1-0.dll
Event: 1.241 Loaded shared library C:\Users\HP\.openjfx\cache\18-ea\api-ms-win-crt-process-l1-1-0.dll
Event: 1.247 Loaded shared library C:\Users\HP\.openjfx\cache\18-ea\api-ms-win-crt-runtime-l1-1-0.dll
Event: 1.252 Loaded shared library C:\Users\HP\.openjfx\cache\18-ea\api-ms-win-crt-stdio-l1-1-0.dll
Event: 1.258 Loaded shared library C:\Users\HP\.openjfx\cache\18-ea\api-ms-win-crt-string-l1-1-0.dll
Event: 1.264 Loaded shared library C:\Users\HP\.openjfx\cache\18-ea\api-ms-win-crt-time-l1-1-0.dll
Event: 1.270 Loaded shared library C:\Users\HP\.openjfx\cache\18-ea\api-ms-win-crt-utility-l1-1-0.dll
Event: 1.295 Loaded shared library C:\Users\HP\.openjfx\cache\18-ea\ucrtbase.dll
Event: 1.303 Loaded shared library C:\Users\HP\.openjfx\cache\18-ea\vcruntime140.dll
Event: 1.310 Loaded shared library C:\Users\HP\.openjfx\cache\18-ea\vcruntime140_1.dll
Event: 1.327 Loaded shared library C:\Users\HP\.openjfx\cache\18-ea\msvcp140.dll
Event: 1.400 Loaded shared library C:\Users\HP\.openjfx\cache\18-ea\prism_d3d.dll
Event: 1.449 Loaded shared library C:\Users\HP\.openjfx\cache\18-ea\glass.dll
Event: 2.230 Loaded shared library C:\Users\HP\.openjfx\cache\18-ea\javafx_font.dll

Deoptimization events (20 events):
Event: 5.514 Thread 0x000001e9a69b11d0 DEOPT PACKING pc=0x000001e98df95543 sp=0x0000000d840fd560
Event: 5.514 Thread 0x000001e9a69b11d0 DEOPT UNPACKING pc=0x000001e994f0a4c2 sp=0x0000000d840fc9c8 mode 0
Event: 5.514 Thread 0x000001e9a69b11d0 DEOPT PACKING pc=0x000001e98df955df sp=0x0000000d840fd560
Event: 5.514 Thread 0x000001e9a69b11d0 DEOPT UNPACKING pc=0x000001e994f0a4c2 sp=0x0000000d840fc9c8 mode 0
Event: 5.514 Thread 0x000001e9a69b11d0 DEOPT PACKING pc=0x000001e98df955df sp=0x0000000d840fd560
Event: 5.514 Thread 0x000001e9a69b11d0 DEOPT UNPACKING pc=0x000001e994f0a4c2 sp=0x0000000d840fc9c8 mode 0
Event: 5.514 Thread 0x000001e9a69b11d0 DEOPT PACKING pc=0x000001e98df955df sp=0x0000000d840fd560
Event: 5.514 Thread 0x000001e9a69b11d0 DEOPT UNPACKING pc=0x000001e994f0a4c2 sp=0x0000000d840fc9c8 mode 0
Event: 5.515 Thread 0x000001e9a69b11d0 DEOPT PACKING pc=0x000001e98df95543 sp=0x0000000d840fd560
Event: 5.515 Thread 0x000001e9a69b11d0 DEOPT UNPACKING pc=0x000001e994f0a4c2 sp=0x0000000d840fc9c8 mode 0
Event: 5.515 Thread 0x000001e9a69b11d0 DEOPT PACKING pc=0x000001e98df955df sp=0x0000000d840fd560
Event: 5.515 Thread 0x000001e9a69b11d0 DEOPT UNPACKING pc=0x000001e994f0a4c2 sp=0x0000000d840fc9c8 mode 0
Event: 5.515 Thread 0x000001e9a69b11d0 DEOPT PACKING pc=0x000001e98df955df sp=0x0000000d840fd560
Event: 5.515 Thread 0x000001e9a69b11d0 DEOPT UNPACKING pc=0x000001e994f0a4c2 sp=0x0000000d840fc9c8 mode 0
Event: 5.515 Thread 0x000001e9a69b11d0 DEOPT PACKING pc=0x000001e98df955df sp=0x0000000d840fd560
Event: 5.515 Thread 0x000001e9a69b11d0 DEOPT UNPACKING pc=0x000001e994f0a4c2 sp=0x0000000d840fc9c8 mode 0
Event: 5.515 Thread 0x000001e9a69b11d0 DEOPT PACKING pc=0x000001e98df95543 sp=0x0000000d840fd560
Event: 5.515 Thread 0x000001e9a69b11d0 DEOPT UNPACKING pc=0x000001e994f0a4c2 sp=0x0000000d840fc9c8 mode 0
Event: 5.516 Thread 0x000001e9a69b11d0 DEOPT PACKING pc=0x000001e98df955df sp=0x0000000d840fd560
Event: 5.516 Thread 0x000001e9a69b11d0 DEOPT UNPACKING pc=0x000001e994f0a4c2 sp=0x0000000d840fc9c8 mode 0

Classes loaded (20 events):
Event: 4.619 Loading class java/util/concurrent/ConcurrentLinkedQueue
Event: 4.619 Loading class java/util/concurrent/ConcurrentLinkedQueue done
Event: 4.619 Loading class java/util/concurrent/ConcurrentLinkedQueue$Node
Event: 4.620 Loading class java/util/concurrent/ConcurrentLinkedQueue$Node done
Event: 4.670 Loading class jdk/internal/ref/CleanerImpl$InnocuousThreadFactory
Event: 4.670 Loading class jdk/internal/ref/CleanerImpl$InnocuousThreadFactory done
Event: 4.679 Loading class sun/misc/Unsafe
Event: 4.680 Loading class sun/misc/Unsafe done
Event: 4.680 Loading class java/lang/invoke/DirectMethodHandle$StaticAccessor
Event: 4.680 Loading class java/lang/invoke/DirectMethodHandle$StaticAccessor done
Event: 4.764 Loading class java/nio/ShortBuffer
Event: 4.765 Loading class java/nio/ShortBuffer done
Event: 4.765 Loading class java/nio/DoubleBuffer
Event: 4.765 Loading class java/nio/DoubleBuffer done
Event: 4.766 Loading class java/nio/DirectFloatBufferU
Event: 4.766 Loading class java/nio/DirectFloatBufferU done
Event: 4.768 Loading class java/lang/Throwable$WrappedPrintStream
Event: 4.768 Loading class java/lang/Throwable$PrintStreamOrWriter
Event: 4.768 Loading class java/lang/Throwable$PrintStreamOrWriter done
Event: 4.768 Loading class java/lang/Throwable$WrappedPrintStream done

Classes unloaded (0 events):
No events

Classes redefined (0 events):
No events

Internal exceptions (20 events):
Event: 2.528 Thread 0x000001e9a71b7800 Exception <a 'sun/nio/fs/WindowsException'{0x000000008916e480}> (0x000000008916e480) 
thrown [s\open\src\hotspot\share\prims\jni.cpp, line 519]
Event: 3.403 Thread 0x000001e9a71b7800 Exception <a 'sun/nio/fs/WindowsException'{0x0000000089de3230}> (0x0000000089de3230) 
thrown [s\open\src\hotspot\share\prims\jni.cpp, line 519]
Event: 3.404 Thread 0x000001e9a71b7800 Exception <a 'sun/nio/fs/WindowsException'{0x0000000089de4088}> (0x0000000089de4088) 
thrown [s\open\src\hotspot\share\prims\jni.cpp, line 519]
Event: 3.604 Thread 0x000001e9a71b7800 Implicit null exception at 0x000001e9954b7e2a to 0x000001e9954b7fe8
Event: 3.734 Thread 0x000001e9a71b7800 Exception <a 'java/lang/ClassNotFoundException'{0x0000000089d5db10}: com/sun/javafx/scene/control/skin/resources/controls> (0x0000000089d5db10) 
thrown [s\open\src\hotspot\share\prims\jni.cpp, line 538]
Event: 3.736 Thread 0x000001e9a71b7800 Exception <a 'java/lang/ClassNotFoundException'{0x0000000089d6bde0}: com/sun/javafx/scene/control/skin/resources/controls_fr> (0x0000000089d6bde0) 
thrown [s\open\src\hotspot\share\prims\jni.cpp, line 538]
Event: 3.737 Thread 0x000001e9a71b7800 Exception <a 'java/lang/ClassNotFoundException'{0x0000000089d79e50}: com/sun/javafx/scene/control/skin/resources/controls_fr_FR> (0x0000000089d79e50) 
thrown [s\open\src\hotspot\share\prims\jni.cpp, line 538]
Event: 3.816 Thread 0x000001e9a71b7800 Exception <a 'java/lang/NoSuchMethodError'{0x0000000091244388}: 'void java.lang.invoke.DirectMethodHandle$Holder.invokeSpecial(java.lang.Object, java.lang.Object, java.lang.Object, java.lang.Object, java.lang.Object, java.lang.Object)'> (0x0000000091244388) 
thrown [s\open\src\hotspot\share\interpreter\linkResolver.cpp, line 773]
Event: 3.821 Thread 0x000001e9a71b7800 Exception <a 'java/lang/IncompatibleClassChangeError'{0x0000000091264928}: Found class java.lang.Object, but interface was expected> (0x0000000091264928) 
thrown [s\open\src\hotspot\share\interpreter\linkResolver.cpp, line 840]
Event: 4.353 Thread 0x000001e9a71b7800 Exception <a 'java/lang/NoSuchMethodError'{0x0000000090b86e18}: 'int java.lang.invoke.DirectMethodHandle$Holder.invokeSpecial(java.lang.Object, java.lang.Object, int)'> (0x0000000090b86e18) 
thrown [s\open\src\hotspot\share\interpreter\linkResolver.cpp, line 773]
Event: 4.477 Thread 0x000001e9a71b7800 Exception <a 'java/lang/NoSuchMethodError'{0x00000000909e5ba8}: 'java.lang.Object java.lang.invoke.DirectMethodHandle$Holder.newInvokeSpecial(java.lang.Object, java.lang.Object, int)'> (0x00000000909e5ba8) 
thrown [s\open\src\hotspot\share\interpreter\linkResolver.cpp, line 773]
Event: 4.620 Thread 0x000001e9a69b11d0 Exception <a 'java/lang/NoSuchMethodError'{0x00000000907367c8}: 'int java.lang.invoke.DirectMethodHandle$Holder.invokeStaticInit(java.lang.Object, java.lang.Object)'> (0x00000000907367c8) 
thrown [s\open\src\hotspot\share\interpreter\linkResolver.cpp, line 773]
Event: 4.621 Thread 0x000001e9a71b7800 Exception <a 'java/lang/NoSuchMethodError'{0x0000000090717a60}: 'long java.lang.invoke.DirectMethodHandle$Holder.invokeStatic(java.lang.Object, java.lang.Object, java.lang.Object)'> (0x0000000090717a60) 
thrown [s\open\src\hotspot\share\interpreter\linkResolver.cpp, line 773]
Event: 4.621 Thread 0x000001e9a71b7800 Exception <a 'java/lang/NoSuchMethodError'{0x000000009073c388}: 'long java.lang.invoke.DirectMethodHandle$Holder.invokeStaticInit(java.lang.Object, java.lang.Object, java.lang.Object)'> (0x000000009073c388) 
thrown [s\open\src\hotspot\share\interpreter\linkResolver.cpp, line 773]
Event: 4.625 Thread 0x000001e9a71b7800 Exception <a 'java/lang/NoSuchMethodError'{0x0000000090764df0}: 'java.lang.Object java.lang.invoke.DirectMethodHandle$Holder.newInvokeSpecial(java.lang.Object, java.lang.Object, long)'> (0x0000000090764df0) 
thrown [s\open\src\hotspot\share\interpreter\linkResolver.cpp, line 773]
Event: 4.625 Thread 0x000001e9a71b7800 Exception <a 'java/lang/NoSuchMethodError'{0x00000000907686e8}: 'java.lang.Object java.lang.invoke.Invokers$Holder.linkToTargetMethod(java.lang.Object, long, java.lang.Object)'> (0x00000000907686e8) 
thrown [s\open\src\hotspot\share\interpreter\linkResolver.cpp, line 773]
Event: 4.768 Thread 0x000001e9a69b11d0 Exception <a 'java/lang/NullPointerException'{0x0000000090438ec8}> (0x0000000090438ec8) 
thrown [s\open\src\hotspot\share\interpreter\linkResolver.cpp, line 1457]
Event: 4.807 Thread 0x000001e9a69b11d0 Exception <a 'java/lang/NullPointerException'{0x0000000090442460}> (0x0000000090442460) 
thrown [s\open\src\hotspot\share\interpreter\linkResolver.cpp, line 1457]
Event: 5.031 Thread 0x000001e9a69b11d0 Exception <a 'java/lang/NullPointerException'{0x000000009044b008}> (0x000000009044b008) 
thrown [s\open\src\hotspot\share\interpreter\linkResolver.cpp, line 1457]
Event: 5.517 Thread 0x000001e9a69b11d0 Exception <a 'java/lang/NullPointerException'{0x0000000090453df0}> (0x0000000090453df0) 
thrown [s\open\src\hotspot\share\interpreter\linkResolver.cpp, line 1457]

VM Operations (20 events):
Event: 3.388 Executing VM operation: HandshakeAllThreads
Event: 3.388 Executing VM operation: HandshakeAllThreads done
Event: 3.433 Executing VM operation: G1CollectForAllocation
Event: 3.438 Executing VM operation: G1CollectForAllocation done
Event: 3.600 Executing VM operation: HandshakeAllThreads
Event: 3.600 Executing VM operation: HandshakeAllThreads done
Event: 3.758 Executing VM operation: G1CollectForAllocation
Event: 3.760 Executing VM operation: G1CollectForAllocation done
Event: 3.783 Executing VM operation: G1PauseRemark
Event: 3.785 Executing VM operation: G1PauseRemark done
Event: 3.792 Executing VM operation: G1PauseCleanup
Event: 3.792 Executing VM operation: G1PauseCleanup done
Event: 3.812 Executing VM operation: HandshakeAllThreads
Event: 3.812 Executing VM operation: HandshakeAllThreads done
Event: 3.985 Executing VM operation: G1CollectForAllocation
Event: 3.991 Executing VM operation: G1CollectForAllocation done
Event: 4.359 Executing VM operation: ICBufferFull
Event: 4.360 Executing VM operation: ICBufferFull done
Event: 5.360 Executing VM operation: Cleanup
Event: 5.360 Executing VM operation: Cleanup done

Events (20 events):
Event: 2.914 Thread 0x000001e9a19c6100 flushing nmethod 0x000001e99544ec90
Event: 2.914 Thread 0x000001e9a19c6100 flushing nmethod 0x000001e99544e390
Event: 2.914 Thread 0x000001e9a19c6100 flushing nmethod 0x000001e99544d610
Event: 2.914 Thread 0x000001e9a19c6100 flushing nmethod 0x000001e99545b910
Event: 2.914 Thread 0x000001e9a19c6100 flushing nmethod 0x000001e99544c690
Event: 2.914 Thread 0x000001e9a19c6100 flushing nmethod 0x000001e99544bf90
Event: 2.914 Thread 0x000001e9a19c6100 flushing nmethod 0x000001e995452d10
Event: 2.914 Thread 0x000001e9a19c6100 flushing nmethod 0x000001e995452a10
Event: 2.914 Thread 0x000001e9a19c6100 flushing nmethod 0x000001e99544af90
Event: 2.914 Thread 0x000001e9a19c6100 flushing nmethod 0x000001e995450610
Event: 2.914 Thread 0x000001e9a19c6100 flushing nmethod 0x000001e99544fe90
Event: 2.914 Thread 0x000001e9a19c6100 flushing nmethod 0x000001e995447f10
Event: 2.914 Thread 0x000001e9a19c6100 flushing nmethod 0x000001e99544a690
Event: 3.211 Thread 0x000001e9a5d76d30 Thread exited: 0x000001e9a5d76d30
Event: 3.784 Thread 0x000001e9a19c6100 flushing nmethod 0x000001e98db88190
Event: 3.784 Thread 0x000001e9a19c6100 flushing nmethod 0x000001e98da02910
Event: 3.784 Thread 0x000001e9a19c6100 flushing nmethod 0x000001e9954b3d10
Event: 4.061 Thread 0x000001e9a77b3400 Thread added: 0x000001e9a77b3400
Event: 4.670 Thread 0x000001e9a760b700 Thread added: 0x000001e9a760b700
Event: 4.965 Thread 0x000001e9a77b3400 Thread exited: 0x000001e9a77b3400


Dynamic libraries:
0x00007ff65c9e0000 - 0x00007ff65c9ee000 	C:\Users\HP\.jdks\openjdk-20.0.1\bin\java.exe
0x00007ffa22730000 - 0x00007ffa22925000 	C:\Windows\SYSTEM32\ntdll.dll
0x00007ffa221a0000 - 0x00007ffa2225e000 	C:\Windows\System32\KERNEL32.DLL
0x00007ffa20150000 - 0x00007ffa20419000 	C:\Windows\System32\KERNELBASE.dll
0x00007ffa1ff50000 - 0x00007ffa20050000 	C:\Windows\System32\ucrtbase.dll
0x00007ffa010c0000 - 0x00007ffa010db000 	C:\Users\HP\.jdks\openjdk-20.0.1\bin\VCRUNTIME140.dll
0x00007ffa146e0000 - 0x00007ffa146f7000 	C:\Users\HP\.jdks\openjdk-20.0.1\bin\jli.dll
0x00007ffa21090000 - 0x00007ffa21231000 	C:\Windows\System32\USER32.dll
0x00007ffa205c0000 - 0x00007ffa205e2000 	C:\Windows\System32\win32u.dll
0x00007ffa21a30000 - 0x00007ffa21a5b000 	C:\Windows\System32\GDI32.dll
0x00007ffa20420000 - 0x00007ffa2052b000 	C:\Windows\System32\gdi32full.dll
0x00007ffa1fe50000 - 0x00007ffa1feed000 	C:\Windows\System32\msvcp_win.dll
0x00007ffa10c20000 - 0x00007ffa10eba000 	C:\Windows\WinSxS\amd64_microsoft.windows.common-controls_6595b64144ccf1df_6.0.19041.1110_none_60b5254171f9507e\COMCTL32.dll
0x00007ffa20a30000 - 0x00007ffa20ace000 	C:\Windows\System32\msvcrt.dll
0x00007ffa20a00000 - 0x00007ffa20a30000 	C:\Windows\System32\IMM32.DLL
0x0000000073570000 - 0x000000007357c000 	C:\Program Files (x86)\360\Total Security\safemon\SafeWrapper.dll
0x00007ffa20e30000 - 0x00007ffa20edc000 	C:\Windows\System32\ADVAPI32.dll
0x00007ffa20d20000 - 0x00007ffa20dbb000 	C:\Windows\System32\sechost.dll
0x00007ffa218f0000 - 0x00007ffa21a1a000 	C:\Windows\System32\RPCRT4.dll
0x00007ff9cd3b0000 - 0x00007ff9cd442000 	C:\Program Files (x86)\360\Total Security\safemon\libzdtp64.dll
0x00007ffa21a60000 - 0x00007ffa2219f000 	C:\Windows\System32\SHELL32.dll
0x00007ffa22690000 - 0x00007ffa226e5000 	C:\Windows\System32\SHLWAPI.dll
0x00007ffa1f9d0000 - 0x00007ffa1f9da000 	C:\Windows\SYSTEM32\VERSION.dll
0x00007ffa1d6b0000 - 0x00007ffa1d6bc000 	C:\Users\HP\.jdks\openjdk-20.0.1\bin\vcruntime140_1.dll
0x00007ff9dcea0000 - 0x00007ff9dcf2e000 	C:\Users\HP\.jdks\openjdk-20.0.1\bin\msvcp140.dll
0x00007ff9c7490000 - 0x00007ff9c8127000 	C:\Users\HP\.jdks\openjdk-20.0.1\bin\server\jvm.dll
0x00007ffa13090000 - 0x00007ffa13099000 	C:\Windows\SYSTEM32\WSOCK32.dll
0x00007ffa15d90000 - 0x00007ffa15db7000 	C:\Windows\SYSTEM32\WINMM.dll
0x00007ffa21020000 - 0x00007ffa2108b000 	C:\Windows\System32\WS2_32.dll
0x00007ffa1dce0000 - 0x00007ffa1dcf2000 	C:\Windows\SYSTEM32\kernel.appcore.dll
0x00007ffa1b7e0000 - 0x00007ffa1b7ea000 	C:\Users\HP\.jdks\openjdk-20.0.1\bin\jimage.dll
0x00007ff9fd5a0000 - 0x00007ff9fd784000 	C:\Windows\SYSTEM32\DBGHELP.DLL
0x00007ff9f89d0000 - 0x00007ff9f89fc000 	C:\Windows\SYSTEM32\dbgcore.DLL
0x00007ffa20530000 - 0x00007ffa205b3000 	C:\Windows\System32\bcryptPrimitives.dll
0x00007ffa19a30000 - 0x00007ffa19a3e000 	C:\Users\HP\.jdks\openjdk-20.0.1\bin\instrument.dll
0x00007ffa01010000 - 0x00007ffa01036000 	C:\Users\HP\.jdks\openjdk-20.0.1\bin\java.dll
0x00007ff9d61e0000 - 0x00007ff9d62b7000 	C:\Users\HP\.jdks\openjdk-20.0.1\bin\jsvml.dll
0x00007ffa1dee0000 - 0x00007ffa1e670000 	C:\Windows\SYSTEM32\windows.storage.dll
0x00007ffa22280000 - 0x00007ffa225d5000 	C:\Windows\System32\combase.dll
0x00007ffa1f830000 - 0x00007ffa1f85c000 	C:\Windows\SYSTEM32\Wldp.dll
0x00007ffa225e0000 - 0x00007ffa2268d000 	C:\Windows\System32\SHCORE.dll
0x00007ffa1fd90000 - 0x00007ffa1fdaf000 	C:\Windows\SYSTEM32\profapi.dll
0x00007ffa00ff0000 - 0x00007ffa01003000 	C:\Users\HP\.jdks\openjdk-20.0.1\bin\net.dll
0x00007ffa151c0000 - 0x00007ffa152c8000 	C:\Windows\SYSTEM32\WINHTTP.dll
0x00007ffa1f520000 - 0x00007ffa1f58a000 	C:\Windows\system32\mswsock.dll
0x00007ff9ff880000 - 0x00007ff9ff896000 	C:\Users\HP\.jdks\openjdk-20.0.1\bin\nio.dll
0x00007ff9ff860000 - 0x00007ff9ff878000 	C:\Users\HP\.jdks\openjdk-20.0.1\bin\zip.dll
0x00007ff9fcf10000 - 0x00007ff9fcf2a000 	C:\Program Files\JetBrains\IntelliJ IDEA Community Edition 2024.1\bin\breakgen64.dll
0x000001e985840000 - 0x000001e985843000 	C:\Users\HP\.openjfx\cache\18-ea\api-ms-win-core-console-l1-1-0.dll
0x000001e985850000 - 0x000001e985853000 	C:\Users\HP\.openjfx\cache\18-ea\api-ms-win-core-console-l1-2-0.dll
0x000001e985860000 - 0x000001e985863000 	C:\Users\HP\.openjfx\cache\18-ea\api-ms-win-core-datetime-l1-1-0.dll
0x000001e985870000 - 0x000001e985873000 	C:\Users\HP\.openjfx\cache\18-ea\api-ms-win-core-debug-l1-1-0.dll
0x000001e9a1b60000 - 0x000001e9a1b63000 	C:\Users\HP\.openjfx\cache\18-ea\api-ms-win-core-errorhandling-l1-1-0.dll
0x000001e9a1b70000 - 0x000001e9a1b74000 	C:\Users\HP\.openjfx\cache\18-ea\api-ms-win-core-file-l1-1-0.dll
0x000001e9a1b80000 - 0x000001e9a1b83000 	C:\Users\HP\.openjfx\cache\18-ea\api-ms-win-core-file-l1-2-0.dll
0x000001e9a1b90000 - 0x000001e9a1b93000 	C:\Users\HP\.openjfx\cache\18-ea\api-ms-win-core-file-l2-1-0.dll
0x000001e9a1ba0000 - 0x000001e9a1ba3000 	C:\Users\HP\.openjfx\cache\18-ea\api-ms-win-core-handle-l1-1-0.dll
0x000001e9a1bb0000 - 0x000001e9a1bb3000 	C:\Users\HP\.openjfx\cache\18-ea\api-ms-win-core-heap-l1-1-0.dll
0x000001e9a1bc0000 - 0x000001e9a1bc3000 	C:\Users\HP\.openjfx\cache\18-ea\api-ms-win-core-interlocked-l1-1-0.dll
0x000001e9a1bd0000 - 0x000001e9a1bd3000 	C:\Users\HP\.openjfx\cache\18-ea\api-ms-win-core-libraryloader-l1-1-0.dll
0x000001e9a1be0000 - 0x000001e9a1be3000 	C:\Users\HP\.openjfx\cache\18-ea\api-ms-win-core-localization-l1-2-0.dll
0x000001e9a1bf0000 - 0x000001e9a1bf3000 	C:\Users\HP\.openjfx\cache\18-ea\api-ms-win-core-memory-l1-1-0.dll
0x000001e9a77d0000 - 0x000001e9a77d3000 	C:\Users\HP\.openjfx\cache\18-ea\api-ms-win-core-namedpipe-l1-1-0.dll
0x000001e9a77e0000 - 0x000001e9a77e3000 	C:\Users\HP\.openjfx\cache\18-ea\api-ms-win-core-processenvironment-l1-1-0.dll
0x000001e9a77f0000 - 0x000001e9a77f3000 	C:\Users\HP\.openjfx\cache\18-ea\api-ms-win-core-processthreads-l1-1-0.dll
0x000001e9a7800000 - 0x000001e9a7803000 	C:\Users\HP\.openjfx\cache\18-ea\api-ms-win-core-processthreads-l1-1-1.dll
0x000001e9a7810000 - 0x000001e9a7813000 	C:\Users\HP\.openjfx\cache\18-ea\api-ms-win-core-profile-l1-1-0.dll
0x000001e9a7820000 - 0x000001e9a7823000 	C:\Users\HP\.openjfx\cache\18-ea\api-ms-win-core-rtlsupport-l1-1-0.dll
0x000001e9a7830000 - 0x000001e9a7833000 	C:\Users\HP\.openjfx\cache\18-ea\api-ms-win-core-string-l1-1-0.dll
0x000001e9a7840000 - 0x000001e9a7843000 	C:\Users\HP\.openjfx\cache\18-ea\api-ms-win-core-synch-l1-1-0.dll
0x000001e9a7850000 - 0x000001e9a7853000 	C:\Users\HP\.openjfx\cache\18-ea\api-ms-win-core-synch-l1-2-0.dll
0x000001e9a7860000 - 0x000001e9a7863000 	C:\Users\HP\.openjfx\cache\18-ea\api-ms-win-core-sysinfo-l1-1-0.dll
0x000001e9a7870000 - 0x000001e9a7873000 	C:\Users\HP\.openjfx\cache\18-ea\api-ms-win-core-timezone-l1-1-0.dll
0x000001e9a7880000 - 0x000001e9a7883000 	C:\Users\HP\.openjfx\cache\18-ea\api-ms-win-core-util-l1-1-0.dll
0x000001e9a7890000 - 0x000001e9a7893000 	C:\Users\HP\.openjfx\cache\18-ea\api-ms-win-crt-conio-l1-1-0.dll
0x000001e9a78a0000 - 0x000001e9a78a4000 	C:\Users\HP\.openjfx\cache\18-ea\api-ms-win-crt-convert-l1-1-0.dll
0x000001e9a78b0000 - 0x000001e9a78b3000 	C:\Users\HP\.openjfx\cache\18-ea\api-ms-win-crt-environment-l1-1-0.dll
0x000001e9a78c0000 - 0x000001e9a78c3000 	C:\Users\HP\.openjfx\cache\18-ea\api-ms-win-crt-filesystem-l1-1-0.dll
0x000001e9a78f0000 - 0x000001e9a78f3000 	C:\Users\HP\.openjfx\cache\18-ea\api-ms-win-crt-heap-l1-1-0.dll
0x000001e9a78d0000 - 0x000001e9a78d3000 	C:\Users\HP\.openjfx\cache\18-ea\api-ms-win-crt-locale-l1-1-0.dll
0x000001e9a7910000 - 0x000001e9a7915000 	C:\Users\HP\.openjfx\cache\18-ea\api-ms-win-crt-math-l1-1-0.dll
0x000001e9a7920000 - 0x000001e9a7925000 	C:\Users\HP\.openjfx\cache\18-ea\api-ms-win-crt-multibyte-l1-1-0.dll
0x000001e9a78e0000 - 0x000001e9a78f0000 	C:\Users\HP\.openjfx\cache\18-ea\api-ms-win-crt-private-l1-1-0.dll
0x000001e9a7900000 - 0x000001e9a7903000 	C:\Users\HP\.openjfx\cache\18-ea\api-ms-win-crt-process-l1-1-0.dll
0x000001e9a7930000 - 0x000001e9a7934000 	C:\Users\HP\.openjfx\cache\18-ea\api-ms-win-crt-runtime-l1-1-0.dll
0x000001e9a7940000 - 0x000001e9a7944000 	C:\Users\HP\.openjfx\cache\18-ea\api-ms-win-crt-stdio-l1-1-0.dll
0x000001e9a7950000 - 0x000001e9a7954000 	C:\Users\HP\.openjfx\cache\18-ea\api-ms-win-crt-string-l1-1-0.dll
0x000001e9a7bd0000 - 0x000001e9a7bd3000 	C:\Users\HP\.openjfx\cache\18-ea\api-ms-win-crt-time-l1-1-0.dll
0x000001e9a7960000 - 0x000001e9a7963000 	C:\Users\HP\.openjfx\cache\18-ea\api-ms-win-crt-utility-l1-1-0.dll
0x00007ff9d60e0000 - 0x00007ff9d61dc000 	C:\Users\HP\.openjfx\cache\18-ea\ucrtbase.dll
0x00007ff9fcef0000 - 0x00007ff9fcf0a000 	C:\Users\HP\.openjfx\cache\18-ea\vcruntime140.dll
0x00007ffa13fb0000 - 0x00007ffa13fbc000 	C:\Users\HP\.openjfx\cache\18-ea\vcruntime140_1.dll
0x00007ff9d6050000 - 0x00007ff9d60dd000 	C:\Users\HP\.openjfx\cache\18-ea\msvcp140.dll
0x00007ff9fc0b0000 - 0x00007ff9fc0da000 	C:\Users\HP\.openjfx\cache\18-ea\prism_d3d.dll
0x00007ff9d4ca0000 - 0x00007ff9d4e6e000 	C:\Windows\system32\d3d9.dll
0x00007ffa1d910000 - 0x00007ffa1d93f000 	C:\Windows\SYSTEM32\dwmapi.dll
0x00007ffa1d820000 - 0x00007ffa1d8be000 	C:\Windows\system32\uxtheme.dll
0x00007ff9d16e0000 - 0x00007ff9d214d000 	C:\Windows\SYSTEM32\igdumdim64.dll
0x00007ffa15f40000 - 0x00007ffa163a5000 	C:\Windows\SYSTEM32\igdusc64.dll
0x00007ff9d6000000 - 0x00007ff9d6042000 	C:\Users\HP\.openjfx\cache\18-ea\glass.dll
0x00007ffa20ad0000 - 0x00007ffa20baa000 	C:\Windows\System32\COMDLG32.dll
0x00007ffa20ee0000 - 0x00007ffa2100a000 	C:\Windows\System32\ole32.dll
0x00007ffa20930000 - 0x00007ffa209fd000 	C:\Windows\System32\OLEAUT32.dll
0x00007ffa20810000 - 0x00007ffa20925000 	C:\Windows\System32\MSCTF.dll
0x00007ff9f88e0000 - 0x00007ff9f88f4000 	C:\Users\HP\.openjfx\cache\18-ea\javafx_font.dll
0x00007ffa189c0000 - 0x00007ffa18c43000 	C:\Windows\SYSTEM32\dwrite.dll
0x00007ffa20bb0000 - 0x00007ffa20c59000 	C:\Windows\System32\clbcatq.dll
0x00007ffa1ad00000 - 0x00007ffa1aeb4000 	C:\Windows\SYSTEM32\WindowsCodecs.dll
0x00007ffa205f0000 - 0x00007ffa20617000 	C:\Windows\System32\bcrypt.dll
0x00007ff9f7d80000 - 0x00007ff9f7dbe000 	C:\Windows\system32\dataexchange.dll
0x00007ffa1bbc0000 - 0x00007ffa1be24000 	C:\Windows\system32\d3d11.dll
0x00007ffa1c850000 - 0x00007ffa1ca35000 	C:\Windows\system32\dcomp.dll
0x00007ffa1e6d0000 - 0x00007ffa1e7c4000 	C:\Windows\system32\dxgi.dll
0x00007ffa1aa40000 - 0x00007ffa1ac41000 	C:\Windows\system32\twinapi.appcore.dll
0x00007ff9d56e0000 - 0x00007ff9d5714000 	C:\Program Files\Common Files\Microsoft Shared\Ink\rtscom.dll
0x00007ffa15800000 - 0x00007ffa158f9000 	C:\Windows\SYSTEM32\textinputframework.dll
0x00007ffa1ca40000 - 0x00007ffa1cd9e000 	C:\Windows\System32\CoreUIComponents.dll
0x00007ffa1d120000 - 0x00007ffa1d212000 	C:\Windows\System32\CoreMessaging.dll
0x00007ffa1ba60000 - 0x00007ffa1bbb4000 	C:\Windows\SYSTEM32\wintypes.dll
0x00007ffa1ead0000 - 0x00007ffa1eb03000 	C:\Windows\SYSTEM32\ntmarta.dll

dbghelp: loaded successfully - version: 4.0.5 - missing functions: none
symbol engine: initialized successfully - sym options: 0x614 - pdb path: .;C:\Users\HP\.jdks\openjdk-20.0.1\bin;C:\Windows\SYSTEM32;C:\Windows\WinSxS\amd64_microsoft.windows.common-controls_6595b64144ccf1df_6.0.19041.1110_none_60b5254171f9507e;C:\Program Files (x86)\360\Total Security\safemon;C:\Users\HP\.jdks\openjdk-20.0.1\bin\server;C:\Program Files\JetBrains\IntelliJ IDEA Community Edition 2024.1\bin;C:\Users\HP\.openjfx\cache\18-ea;C:\Program Files\Common Files\Microsoft Shared\Ink

VM Arguments:
jvm_args: -javaagent:C:\Program Files\JetBrains\IntelliJ IDEA Community Edition 2024.1\lib\idea_rt.jar=53911:C:\Program Files\JetBrains\IntelliJ IDEA Community Edition 2024.1\bin -Dfile.encoding=UTF-8 -Dsun.stdout.encoding=UTF-8 -Dsun.stderr.encoding=UTF-8 --module-path=C:\Users\HP\.m2\repository\org\openjfx\javafx-graphics\18-ea+2\javafx-graphics-18-ea+2-win.jar;C:\Users\HP\.m2\repository\org\kordamp\ikonli\ikonli-core\12.2.0\ikonli-core-12.2.0.jar;C:\Users\HP\.m2\repository\com\dlsc\formsfx\formsfx-core\11.3.2\formsfx-core-11.3.2.jar;C:\Users\HP\.m2\repository\org\openjfx\javafx-fxml\18-ea+2\javafx-fxml-18-ea+2-win.jar;C:\Users\HP\.m2\repository\org\kordamp\bootstrapfx\bootstrapfx-core\0.4.0\bootstrapfx-core-0.4.0.jar;C:\Users\HP\.m2\repository\eu\hansolo\tilesfx\11.48\tilesfx-11.48.jar;C:\Users\HP\.m2\repository\net\synedra\validatorfx\0.1.13\validatorfx-0.1.13.jar;E:\MIAGE\LICENCE 3\SEMESTRE 2\PROGRAMMATION D'APPLICATION\PARTIE 2\java-Web-master\target\classes;C:\Users\HP\.m2\repository\org\openjfx\javafx-base\18-ea+2\javafx-base-18-ea+2-win.jar;C:\Users\HP\.m2\repository\org\openjfx\javafx-media\18-ea+2\javafx-media-18-ea+2-win.jar;C:\Users\HP\.m2\repository\org\kordamp\ikonli\ikonli-javafx\12.2.0\ikonli-javafx-12.2.0.jar;C:\Users\HP\.m2\repository\org\controlsfx\controlsfx\11.1.0\controlsfx-11.1.0.jar;C:\Users\HP\.m2\repository\org\openjfx\javafx-web\18-ea+2\javafx-web-18-ea+2-win.jar;C:\Users\HP\.m2\repository\org\openjfx\javafx-controls\18-ea+2\javafx-controls-18-ea+2-win.jar -Djdk.module.main=com.example.javaweb 
java_command: com.example.javaweb/com.example.javaweb.HelloApplication
java_class_path (initial): C:\Users\HP\.m2\repository\org\openjfx\javafx-controls\18-ea+2\javafx-controls-18-ea+2.jar;C:\Users\HP\.m2\repository\org\openjfx\javafx-graphics\18-ea+2\javafx-graphics-18-ea+2.jar;C:\Users\HP\.m2\repository\org\openjfx\javafx-base\18-ea+2\javafx-base-18-ea+2.jar;C:\Users\HP\.m2\repository\org\openjfx\javafx-fxml\18-ea+2\javafx-fxml-18-ea+2.jar;C:\Users\HP\.m2\repository\org\openjfx\javafx-web\18-ea+2\javafx-web-18-ea+2.jar;C:\Users\HP\.m2\repository\org\openjfx\javafx-media\18-ea+2\javafx-media-18-ea+2.jar
Launcher Type: SUN_STANDARD

[Global flags]
     intx CICompilerCount                          = 3                                         {product} {ergonomic}
     uint ConcGCThreads                            = 1                                         {product} {ergonomic}
     uint G1ConcRefinementThreads                  = 4                                         {product} {ergonomic}
   size_t G1HeapRegionSize                         = 1048576                                   {product} {ergonomic}
    uintx GCDrainStackTargetSize                   = 64                                        {product} {ergonomic}
   size_t InitialHeapSize                          = 134217728                                 {product} {ergonomic}
   size_t MarkStackSize                            = 4194304                                   {product} {ergonomic}
   size_t MaxHeapSize                              = 2116026368                                {product} {ergonomic}
   size_t MaxNewSize                               = 1268776960                                {product} {ergonomic}
   size_t MinHeapDeltaBytes                        = 1048576                                   {product} {ergonomic}
   size_t MinHeapSize                              = 8388608                                   {product} {ergonomic}
    uintx NonNMethodCodeHeapSize                   = 5832780                                {pd product} {ergonomic}
    uintx NonProfiledCodeHeapSize                  = 122912730                              {pd product} {ergonomic}
    uintx ProfiledCodeHeapSize                     = 122912730                              {pd product} {ergonomic}
    uintx ReservedCodeCacheSize                    = 251658240                              {pd product} {ergonomic}
     bool SegmentedCodeCache                       = true                                      {product} {ergonomic}
   size_t SoftMaxHeapSize                          = 2116026368                             {manageable} {ergonomic}
     bool UseCompressedClassPointers               = true                           {product lp64_product} {ergonomic}
     bool UseCompressedOops                        = true                           {product lp64_product} {ergonomic}
     bool UseG1GC                                  = true                                      {product} {ergonomic}
     bool UseLargePagesIndividualAllocation        = false                                  {pd product} {ergonomic}

Logging:
Log output configuration:
 #0: stdout all=warning uptime,level,tags foldmultilines=false
 #1: stderr all=off uptime,level,tags foldmultilines=false

Environment Variables:
PATH=C:\Program Files (x86)\Common Files\Oracle\Java\javapath;C:\Program Files\Common Files\Oracle\Java\javapath;C:\Windows\system32;C:\Windows;C:\Windows\System32\Wbem;C:\Windows\System32\WindowsPowerShell\v1.0\;C:\Windows\System32\OpenSSH\;C:\Program Files\Microsoft\Web Platform Installer\;C:\Program Files (x86)\Microsoft ASP.NET\ASP.NET Web Pages\v1.0\;C:\Program Files (x86)\Microsoft SQL Server\150\Tools\Binn\;C:\Program Files\Microsoft SQL Server\150\Tools\Binn\;C:\Program Files\Microsoft SQL Server\150\DTS\Binn\;C:\Program Files\Microsoft SQL Server\Client SDK\ODBC\170\Tools\Binn\;C:\Program Files (x86)\sbt\bin;C:\Program Files\Azure Data Studio\bin;C:\Program Files (x86)\Microsoft SQL Server\150\DTS\Binn\;C:\wamp64\bin\php\php8.2.0;C:\ProgramData\ComposerSetup\bin;C:\Program Files\nodejs\;C:\Program Files\Git\cmd;C:\Users\HP\.console-ninja\.bin;C:\Users\HP\AppData\Local\Microsoft\WindowsApps;C:\Users\HP\AppData\Local\GitHubDesktop\bin;C:\Program Files\Java\jdk-18.0.1.1\lib\mysql-connector-java-5.1.47;C:\Program Files\Azure Data Studio\bin;C:\src\flutter\flutter\bin;C:\Users\HP\AppData\Roaming\Composer\vendor\bin;C:\Users\HP\AppData\Local\Programs\Microsoft VS Code2\bin;C:\Users\HP\AppData\Roaming\npm
USERNAME=HP
OS=Windows_NT
PROCESSOR_IDENTIFIER=Intel64 Family 6 Model 58 Stepping 9, GenuineIntel
TMP=C:\Users\HP\AppData\Local\Temp
TEMP=C:\Users\HP\AppData\Local\Temp




---------------  S Y S T E M  ---------------

OS:
 Windows 10 , 64 bit Build 19041 (10.0.19041.1202)
OS uptime: 0 days 5:21 hours

CPU: total 4 (initial active 4) (2 cores per cpu, 2 threads per core) family 6 model 58 stepping 9 microcode 0x21, cx8, cmov, fxsr, ht, mmx, sse, sse2, sse3, ssse3, sse4.1, sse4.2, popcnt, tsc, tscinvbit, avx, aes, erms, clmul, vzeroupper, clflush, rdtscp, f16c

Memory: 4k page, system-wide physical 8071M (927M free)
TotalPageFile size 13071M (AvailPageFile size 5M)
current process WorkingSet (physical memory assigned to process): 239M, peak: 250M
current process commit charge ("private bytes"): 421M, peak: 430M

vm_info: OpenJDK 64-Bit Server VM (20.0.1+9-29) for windows-amd64 JRE (20.0.1+9-29), built on 2023-03-07T13:56:11Z by "mach5one" with MS VC++ 17.1 (VS2022)

END.
